#
# There is insufficient memory for the Java Runtime Environment to continue.
# Native memory allocation (mmap) failed to map 65536 bytes for Failed to commit metaspace.
# Possible reasons:
#   The system is out of physical RAM or swap space
#   The process is running with CompressedOops enabled, and the Java Heap may be blocking the growth of the native heap
# Possible solutions:
#   Reduce memory load on the system
#   Increase physical memory or swap space
#   Check if swap backing store is full
#   Decrease Java heap size (-Xmx/-Xms)
#   Decrease number of Java threads
#   Decrease Java thread stack sizes (-Xss)
#   Set larger code cache with -XX:ReservedCodeCacheSize=
#   JVM is running with Unscaled Compressed Oops mode in which the Java heap is
#     placed in the first 4GB address space. The Java Heap base address is the
#     maximum limit for the native heap growth. Please use -XX:HeapBaseMinAddress
#     to set the Java Heap base and to place the Java Heap above 4GB virtual address.
# This output file may be truncated or incomplete.
#
#  Out of Memory Error (virtualSpaceNode.cpp:110), pid=30828, tid=31248
#
# JRE version: Java(TM) SE Runtime Environment (17.0.11+7) (build 17.0.11+7-LTS-207)
# Java VM: Java HotSpot(TM) 64-Bit Server VM (17.0.11+7-LTS-207, mixed mode, sharing, tiered, compressed oops, compressed class ptrs, g1 gc, windows-amd64)
# No core dump will be written. Minidumps are not enabled by default on client versions of Windows
#

---------------  S U M M A R Y ------------

Command Line: -Xmx64m -Xms64m -Dorg.gradle.appname=gradlew org.gradle.wrapper.GradleWrapperMain app:installDebug -PreactNativeDevServerPort=8081

Host: 12th Gen Intel(R) Core(TM) i5-12400, 12 cores, 7G,  Windows 11 , 64 bit Build 22621 (10.0.22621.1928)
Time: Thu Oct 10 21:15:14 2024 Hora oficial do Brasil elapsed time: 76.849929 seconds (0d 0h 1m 16s)

---------------  T H R E A D  ---------------

Current thread (0x0000025cc0428d20):  JavaThread "C1 CompilerThread0" daemon [_thread_in_vm, id=31248, stack(0x00000062a5900000,0x00000062a5a00000)]


Current CompileTask:
C1:  76849  659   !   3       java.net.URL::getURLStreamHandler (191 bytes)

Stack: [0x00000062a5900000,0x00000062a5a00000]
Native frames: (J=compiled Java code, j=interpreted, Vv=VM code, C=native code)
V  [jvm.dll+0x679cca]
V  [jvm.dll+0x7da13d]
V  [jvm.dll+0x7dba83]
V  [jvm.dll+0x7dc0f3]
V  [jvm.dll+0x2449af]
V  [jvm.dll+0x7d5d0b]
V  [jvm.dll+0x6200b6]
V  [jvm.dll+0x62011a]
V  [jvm.dll+0x62293d]
V  [jvm.dll+0x620a76]
V  [jvm.dll+0x631d3a]
V  [jvm.dll+0x62abaa]
V  [jvm.dll+0x1ca420]
V  [jvm.dll+0x1ca610]
V  [jvm.dll+0x1465a1]
V  [jvm.dll+0x1463e5]
V  [jvm.dll+0x13e0b1]
V  [jvm.dll+0x140341]
V  [jvm.dll+0x13e945]
V  [jvm.dll+0x1389e3]
V  [jvm.dll+0x148046]
V  [jvm.dll+0x1341c0]
V  [jvm.dll+0x134520]
V  [jvm.dll+0x1347f8]
V  [jvm.dll+0x133c81]
V  [jvm.dll+0x13596d]
V  [jvm.dll+0x225a2b]
V  [jvm.dll+0x223bcb]
V  [jvm.dll+0x7903ec]
V  [jvm.dll+0x78a85a]
V  [jvm.dll+0x678bb5]
C  [ucrtbase.dll+0x29363]
C  [KERNEL32.DLL+0x126ad]
C  [ntdll.dll+0x5aa68]


---------------  P R O C E S S  ---------------

Threads class SMR info:
_java_thread_list=0x0000025d1b14d0e0, length=12, elements={
0x0000025cc035fd60, 0x0000025cc040e6e0, 0x0000025cc040f2a0, 0x0000025cc0421470,
0x0000025cc0424040, 0x0000025cc0426b10, 0x0000025cc04274d0, 0x0000025cc0428270,
0x0000025cc0428d20, 0x0000025cc042b650, 0x0000025d1b175e10, 0x0000025d1b178980
}

Java Threads: ( => current thread )
  0x0000025cc035fd60 JavaThread "main" [_thread_in_vm, id=31068, stack(0x00000062a4b00000,0x00000062a4c00000)]
  0x0000025cc040e6e0 JavaThread "Reference Handler" daemon [_thread_blocked, id=31180, stack(0x00000062a5200000,0x00000062a5300000)]
  0x0000025cc040f2a0 JavaThread "Finalizer" daemon [_thread_blocked, id=31184, stack(0x00000062a5300000,0x00000062a5400000)]
  0x0000025cc0421470 JavaThread "Signal Dispatcher" daemon [_thread_blocked, id=31228, stack(0x00000062a5400000,0x00000062a5500000)]
  0x0000025cc0424040 JavaThread "Attach Listener" daemon [_thread_blocked, id=31232, stack(0x00000062a5500000,0x00000062a5600000)]
  0x0000025cc0426b10 JavaThread "Service Thread" daemon [_thread_blocked, id=31236, stack(0x00000062a5600000,0x00000062a5700000)]
  0x0000025cc04274d0 JavaThread "Monitor Deflation Thread" daemon [_thread_blocked, id=31240, stack(0x00000062a5700000,0x00000062a5800000)]
  0x0000025cc0428270 JavaThread "C2 CompilerThread0" daemon [_thread_in_native, id=31244, stack(0x00000062a5800000,0x00000062a5900000)]
=>0x0000025cc0428d20 JavaThread "C1 CompilerThread0" daemon [_thread_in_vm, id=31248, stack(0x00000062a5900000,0x00000062a5a00000)]
  0x0000025cc042b650 JavaThread "Sweeper thread" daemon [_thread_blocked, id=31252, stack(0x00000062a5a00000,0x00000062a5b00000)]
  0x0000025d1b175e10 JavaThread "Notification Thread" daemon [_thread_blocked, id=31256, stack(0x00000062a5b00000,0x00000062a5c00000)]
  0x0000025d1b178980 JavaThread "Common-Cleaner" daemon [_thread_blocked, id=31264, stack(0x00000062a5d00000,0x00000062a5e00000)]

Other Threads:
  0x0000025cc0409490 VMThread "VM Thread" [stack: 0x00000062a5100000,0x00000062a5200000] [id=31160] _threads_hazard_ptr=0x0000025d1b14d0e0
  0x0000025d1b1766e0 WatcherThread [stack: 0x00000062a5c00000,0x00000062a5d00000] [id=31260]
  0x0000025cc0380c90 GCTaskThread "GC Thread#0" [stack: 0x00000062a4c00000,0x00000062a4d00000] [id=31108]
  0x0000025cc03823f0 ConcurrentGCThread "G1 Main Marker" [stack: 0x00000062a4d00000,0x00000062a4e00000] [id=31112]
  0x0000025cc0382e00 ConcurrentGCThread "G1 Conc#0" [stack: 0x00000062a4e00000,0x00000062a4f00000] [id=31116]
  0x0000025cc03e97d0 ConcurrentGCThread "G1 Refine#0" [stack: 0x00000062a4f00000,0x00000062a5000000] [id=31120]
  0x0000025cc03ea200 ConcurrentGCThread "G1 Service" [stack: 0x00000062a5000000,0x00000062a5100000] [id=31124]

Threads with active compile tasks:
C2 CompilerThread0    77282  660 %     4       java.util.zip.ZipFile$Source::initCEN @ 240 (591 bytes)
C1 CompilerThread0    77282  659   !   3       java.net.URL::getURLStreamHandler (191 bytes)

VM state: synchronizing (normal execution)

VM Mutex/Monitor currently owned by a thread:  ([mutex/lock_event])
[0x0000025cbe0a8890] Metaspace_lock - owner thread: 0x0000025cc0428d20
[0x0000025cc035a8b0] Threads_lock - owner thread: 0x0000025cc0409490
[0x0000025cc035b1b0] MethodData_lock - owner thread: 0x0000025cc0428d20

Heap address: 0x00000000fc000000, size: 64 MB, Compressed Oops mode: 32-bit

CDS archive(s) mapped at: [0x0000025cda000000-0x0000025cdabd0000-0x0000025cdabd0000), size 12386304, SharedBaseAddress: 0x0000025cda000000, ArchiveRelocationMode: 1.
Compressed class space mapped at: 0x0000025cdb000000-0x0000025d1b000000, reserved size: 1073741824
Narrow klass base: 0x0000025cda000000, Narrow klass shift: 0, Narrow klass range: 0x100000000

GC Precious Log:
 CPUs: 12 total, 12 available
 Memory: 7508M
 Large Page Support: Disabled
 NUMA Support: Disabled
 Compressed Oops: Enabled (32-bit)
 Heap Region Size: 1M
 Heap Min Capacity: 64M
 Heap Initial Capacity: 64M
 Heap Max Capacity: 64M
 Pre-touch: Disabled
 Parallel Workers: 10
 Concurrent Workers: 3
 Concurrent Refinement Workers: 10
 Periodic GC: Disabled

Heap:
 garbage-first heap   total 65536K, used 21504K [0x00000000fc000000, 0x0000000100000000)
  region size 1024K, 19 young (19456K), 0 survivors (0K)
 Metaspace       used 2122K, committed 2240K, reserved 1114112K
  class space    used 204K, committed 256K, reserved 1048576K

Heap Regions: E=young(eden), S=young(survivor), O=old, HS=humongous(starts), HC=humongous(continues), CS=collection set, F=free, OA=open archive, CA=closed archive, TAMS=top-at-mark-start (previous, next)
|   0|0x00000000fc000000, 0x00000000fc100000, 0x00000000fc100000|100%|HS|  |TAMS 0x00000000fc000000, 0x00000000fc000000| Complete 
|   1|0x00000000fc100000, 0x00000000fc200000, 0x00000000fc200000|100%|HC|  |TAMS 0x00000000fc100000, 0x00000000fc100000| Complete 
|   2|0x00000000fc200000, 0x00000000fc300000, 0x00000000fc300000|100%|HC|  |TAMS 0x00000000fc200000, 0x00000000fc200000| Complete 
|   3|0x00000000fc300000, 0x00000000fc400000, 0x00000000fc400000|100%|HC|  |TAMS 0x00000000fc300000, 0x00000000fc300000| Complete 
|   4|0x00000000fc400000, 0x00000000fc400000, 0x00000000fc500000|  0%| F|  |TAMS 0x00000000fc400000, 0x00000000fc400000| Untracked 
|   5|0x00000000fc500000, 0x00000000fc500000, 0x00000000fc600000|  0%| F|  |TAMS 0x00000000fc500000, 0x00000000fc500000| Untracked 
|   6|0x00000000fc600000, 0x00000000fc600000, 0x00000000fc700000|  0%| F|  |TAMS 0x00000000fc600000, 0x00000000fc600000| Untracked 
|   7|0x00000000fc700000, 0x00000000fc700000, 0x00000000fc800000|  0%| F|  |TAMS 0x00000000fc700000, 0x00000000fc700000| Untracked 
|   8|0x00000000fc800000, 0x00000000fc800000, 0x00000000fc900000|  0%| F|  |TAMS 0x00000000fc800000, 0x00000000fc800000| Untracked 
|   9|0x00000000fc900000, 0x00000000fc900000, 0x00000000fca00000|  0%| F|  |TAMS 0x00000000fc900000, 0x00000000fc900000| Untracked 
|  10|0x00000000fca00000, 0x00000000fca00000, 0x00000000fcb00000|  0%| F|  |TAMS 0x00000000fca00000, 0x00000000fca00000| Untracked 
|  11|0x00000000fcb00000, 0x00000000fcb00000, 0x00000000fcc00000|  0%| F|  |TAMS 0x00000000fcb00000, 0x00000000fcb00000| Untracked 
|  12|0x00000000fcc00000, 0x00000000fcc00000, 0x00000000fcd00000|  0%| F|  |TAMS 0x00000000fcc00000, 0x00000000fcc00000| Untracked 
|  13|0x00000000fcd00000, 0x00000000fcd00000, 0x00000000fce00000|  0%| F|  |TAMS 0x00000000fcd00000, 0x00000000fcd00000| Untracked 
|  14|0x00000000fce00000, 0x00000000fce00000, 0x00000000fcf00000|  0%| F|  |TAMS 0x00000000fce00000, 0x00000000fce00000| Untracked 
|  15|0x00000000fcf00000, 0x00000000fcf00000, 0x00000000fd000000|  0%| F|  |TAMS 0x00000000fcf00000, 0x00000000fcf00000| Untracked 
|  16|0x00000000fd000000, 0x00000000fd000000, 0x00000000fd100000|  0%| F|  |TAMS 0x00000000fd000000, 0x00000000fd000000| Untracked 
|  17|0x00000000fd100000, 0x00000000fd100000, 0x00000000fd200000|  0%| F|  |TAMS 0x00000000fd100000, 0x00000000fd100000| Untracked 
|  18|0x00000000fd200000, 0x00000000fd200000, 0x00000000fd300000|  0%| F|  |TAMS 0x00000000fd200000, 0x00000000fd200000| Untracked 
|  19|0x00000000fd300000, 0x00000000fd300000, 0x00000000fd400000|  0%| F|  |TAMS 0x00000000fd300000, 0x00000000fd300000| Untracked 
|  20|0x00000000fd400000, 0x00000000fd400000, 0x00000000fd500000|  0%| F|  |TAMS 0x00000000fd400000, 0x00000000fd400000| Untracked 
|  21|0x00000000fd500000, 0x00000000fd500000, 0x00000000fd600000|  0%| F|  |TAMS 0x00000000fd500000, 0x00000000fd500000| Untracked 
|  22|0x00000000fd600000, 0x00000000fd600000, 0x00000000fd700000|  0%| F|  |TAMS 0x00000000fd600000, 0x00000000fd600000| Untracked 
|  23|0x00000000fd700000, 0x00000000fd700000, 0x00000000fd800000|  0%| F|  |TAMS 0x00000000fd700000, 0x00000000fd700000| Untracked 
|  24|0x00000000fd800000, 0x00000000fd800000, 0x00000000fd900000|  0%| F|  |TAMS 0x00000000fd800000, 0x00000000fd800000| Untracked 
|  25|0x00000000fd900000, 0x00000000fd900000, 0x00000000fda00000|  0%| F|  |TAMS 0x00000000fd900000, 0x00000000fd900000| Untracked 
|  26|0x00000000fda00000, 0x00000000fda00000, 0x00000000fdb00000|  0%| F|  |TAMS 0x00000000fda00000, 0x00000000fda00000| Untracked 
|  27|0x00000000fdb00000, 0x00000000fdb00000, 0x00000000fdc00000|  0%| F|  |TAMS 0x00000000fdb00000, 0x00000000fdb00000| Untracked 
|  28|0x00000000fdc00000, 0x00000000fdc00000, 0x00000000fdd00000|  0%| F|  |TAMS 0x00000000fdc00000, 0x00000000fdc00000| Untracked 
|  29|0x00000000fdd00000, 0x00000000fdd00000, 0x00000000fde00000|  0%| F|  |TAMS 0x00000000fdd00000, 0x00000000fdd00000| Untracked 
|  30|0x00000000fde00000, 0x00000000fde00000, 0x00000000fdf00000|  0%| F|  |TAMS 0x00000000fde00000, 0x00000000fde00000| Untracked 
|  31|0x00000000fdf00000, 0x00000000fdf00000, 0x00000000fe000000|  0%| F|  |TAMS 0x00000000fdf00000, 0x00000000fdf00000| Untracked 
|  32|0x00000000fe000000, 0x00000000fe000000, 0x00000000fe100000|  0%| F|  |TAMS 0x00000000fe000000, 0x00000000fe000000| Untracked 
|  33|0x00000000fe100000, 0x00000000fe100000, 0x00000000fe200000|  0%| F|  |TAMS 0x00000000fe100000, 0x00000000fe100000| Untracked 
|  34|0x00000000fe200000, 0x00000000fe200000, 0x00000000fe300000|  0%| F|  |TAMS 0x00000000fe200000, 0x00000000fe200000| Untracked 
|  35|0x00000000fe300000, 0x00000000fe300000, 0x00000000fe400000|  0%| F|  |TAMS 0x00000000fe300000, 0x00000000fe300000| Untracked 
|  36|0x00000000fe400000, 0x00000000fe400000, 0x00000000fe500000|  0%| F|  |TAMS 0x00000000fe400000, 0x00000000fe400000| Untracked 
|  37|0x00000000fe500000, 0x00000000fe500000, 0x00000000fe600000|  0%| F|  |TAMS 0x00000000fe500000, 0x00000000fe500000| Untracked 
|  38|0x00000000fe600000, 0x00000000fe600000, 0x00000000fe700000|  0%| F|  |TAMS 0x00000000fe600000, 0x00000000fe600000| Untracked 
|  39|0x00000000fe700000, 0x00000000fe700000, 0x00000000fe800000|  0%| F|  |TAMS 0x00000000fe700000, 0x00000000fe700000| Untracked 
|  40|0x00000000fe800000, 0x00000000fe800000, 0x00000000fe900000|  0%| F|  |TAMS 0x00000000fe800000, 0x00000000fe800000| Untracked 
|  41|0x00000000fe900000, 0x00000000fe900000, 0x00000000fea00000|  0%| F|  |TAMS 0x00000000fe900000, 0x00000000fe900000| Untracked 
|  42|0x00000000fea00000, 0x00000000fea00000, 0x00000000feb00000|  0%| F|  |TAMS 0x00000000fea00000, 0x00000000fea00000| Untracked 
|  43|0x00000000feb00000, 0x00000000feb00000, 0x00000000fec00000|  0%| F|  |TAMS 0x00000000feb00000, 0x00000000feb00000| Untracked 
|  44|0x00000000fec00000, 0x00000000fec00000, 0x00000000fed00000|  0%| F|  |TAMS 0x00000000fec00000, 0x00000000fec00000| Untracked 
|  45|0x00000000fed00000, 0x00000000fed802a8, 0x00000000fee00000| 50%| E|  |TAMS 0x00000000fed00000, 0x00000000fed00000| Complete 
|  46|0x00000000fee00000, 0x00000000fef00000, 0x00000000fef00000|100%| E|CS|TAMS 0x00000000fee00000, 0x00000000fee00000| Complete 
|  47|0x00000000fef00000, 0x00000000ff000000, 0x00000000ff000000|100%| E|CS|TAMS 0x00000000fef00000, 0x00000000fef00000| Complete 
|  48|0x00000000ff000000, 0x00000000ff100000, 0x00000000ff100000|100%| E|CS|TAMS 0x00000000ff000000, 0x00000000ff000000| Complete 
|  49|0x00000000ff100000, 0x00000000ff200000, 0x00000000ff200000|100%| E|CS|TAMS 0x00000000ff100000, 0x00000000ff100000| Complete 
|  50|0x00000000ff200000, 0x00000000ff300000, 0x00000000ff300000|100%| E|CS|TAMS 0x00000000ff200000, 0x00000000ff200000| Complete 
|  51|0x00000000ff300000, 0x00000000ff400000, 0x00000000ff400000|100%| E|  |TAMS 0x00000000ff300000, 0x00000000ff300000| Complete 
|  52|0x00000000ff400000, 0x00000000ff500000, 0x00000000ff500000|100%| E|CS|TAMS 0x00000000ff400000, 0x00000000ff400000| Complete 
|  53|0x00000000ff500000, 0x00000000ff600000, 0x00000000ff600000|100%| E|CS|TAMS 0x00000000ff500000, 0x00000000ff500000| Complete 
|  54|0x00000000ff600000, 0x00000000ff700000, 0x00000000ff700000|100%| E|CS|TAMS 0x00000000ff600000, 0x00000000ff600000| Complete 
|  55|0x00000000ff700000, 0x00000000ff800000, 0x00000000ff800000|100%| E|CS|TAMS 0x00000000ff700000, 0x00000000ff700000| Complete 
|  56|0x00000000ff800000, 0x00000000ff900000, 0x00000000ff900000|100%| E|CS|TAMS 0x00000000ff800000, 0x00000000ff800000| Complete 
|  57|0x00000000ff900000, 0x00000000ffa00000, 0x00000000ffa00000|100%| E|CS|TAMS 0x00000000ff900000, 0x00000000ff900000| Complete 
|  58|0x00000000ffa00000, 0x00000000ffb00000, 0x00000000ffb00000|100%| E|CS|TAMS 0x00000000ffa00000, 0x00000000ffa00000| Complete 
|  59|0x00000000ffb00000, 0x00000000ffc00000, 0x00000000ffc00000|100%| E|CS|TAMS 0x00000000ffb00000, 0x00000000ffb00000| Complete 
|  60|0x00000000ffc00000, 0x00000000ffd00000, 0x00000000ffd00000|100%| E|CS|TAMS 0x00000000ffc00000, 0x00000000ffc00000| Complete 
|  61|0x00000000ffd00000, 0x00000000ffe00000, 0x00000000ffe00000|100%| E|CS|TAMS 0x00000000ffd00000, 0x00000000ffd00000| Complete 
|  62|0x00000000ffe00000, 0x00000000fff00000, 0x00000000fff00000|100%| E|CS|TAMS 0x00000000ffe00000, 0x00000000ffe00000| Complete 
|  63|0x00000000fff00000, 0x0000000100000000, 0x0000000100000000|100%| E|CS|TAMS 0x00000000fff00000, 0x00000000fff00000| Complete 

Card table byte_map: [0x0000025cc02a0000,0x0000025cc02c0000] _byte_map_base: 0x0000025cbfac0000

Marking Bits (Prev, Next): (CMBitMap*) 0x0000025cc03812b0, (CMBitMap*) 0x0000025cc03812f0
 Prev Bits: [0x0000025cd7170000, 0x0000025cd7270000)
 Next Bits: [0x0000025cd7270000, 0x0000025cd7370000)

Polling page: 0x0000025cbe370000

Metaspace:

Usage:
  Non-class:      1.87 MB used.
      Class:    204.48 KB used.
       Both:      2.07 MB used.

Virtual space:
  Non-class space:       64.00 MB reserved,       1.94 MB (  3%) committed,  1 nodes.
      Class space:        1.00 GB reserved,     256.00 KB ( <1%) committed,  1 nodes.
             Both:        1.06 GB reserved,       2.19 MB ( <1%) committed. 

Chunk freelists:
   Non-Class:  11.55 MB
       Class:  15.66 MB
        Both:  27.20 MB

MaxMetaspaceSize: unlimited
CompressedClassSpaceSize: 1.00 GB
Initial GC threshold: 21.00 MB
Current GC threshold: 21.00 MB
CDS: on
MetaspaceReclaimPolicy: balanced
 - commit_granule_bytes: 65536.
 - commit_granule_words: 8192.
 - virtual_space_node_default_size: 8388608.
 - enlarge_chunks_in_place: 1.
 - new_chunks_are_fully_committed: 0.
 - uncommit_free_chunks: 1.
 - use_allocation_guard: 0.
 - handle_deallocations: 1.


Internal statistics:

num_allocs_failed_limit: 0.
num_arena_births: 14.
num_arena_deaths: 0.
num_vsnodes_births: 2.
num_vsnodes_deaths: 0.
num_space_committed: 35.
num_space_uncommitted: 0.
num_chunks_returned_to_freelist: 0.
num_chunks_taken_from_freelist: 54.
num_chunk_merges: 0.
num_chunk_splits: 31.
num_chunks_enlarged: 26.
num_inconsistent_stats: 0.

CodeHeap 'non-profiled nmethods': size=120000Kb used=230Kb max_used=230Kb free=119769Kb
 bounds [0x0000025ccf6f0000, 0x0000025ccf960000, 0x0000025cd6c20000]
CodeHeap 'profiled nmethods': size=120000Kb used=1134Kb max_used=1134Kb free=118865Kb
 bounds [0x0000025cc7c20000, 0x0000025cc7e90000, 0x0000025ccf150000]
CodeHeap 'non-nmethods': size=5760Kb used=1122Kb max_used=1141Kb free=4637Kb
 bounds [0x0000025ccf150000, 0x0000025ccf3c0000, 0x0000025ccf6f0000]
 total_blobs=1050 nmethods=645 adapters=318
 compilation: enabled
              stopped_count=0, restarted_count=0
 full_count=0

Compilation events (20 events):
Event: 76.460 Thread 0x0000025cc0428d20  651       3       sun.net.util.IPAddressUtil::checkHostString (53 bytes)
Event: 76.460 Thread 0x0000025cc0428d20 nmethod 651 0x0000025cc7d35890 code [0x0000025cc7d35b40, 0x0000025cc7d366c8]
Event: 76.460 Thread 0x0000025cc0428d20  652       3       sun.net.util.URLUtil::urlNoFragString (114 bytes)
Event: 76.461 Thread 0x0000025cc0428d20 nmethod 652 0x0000025cc7d36b10 code [0x0000025cc7d36e40, 0x0000025cc7d37e88]
Event: 76.461 Thread 0x0000025cc0428d20  653       3       java.lang.String::hashCode (60 bytes)
Event: 76.461 Thread 0x0000025cc0428d20 nmethod 653 0x0000025cc7d38410 code [0x0000025cc7d385e0, 0x0000025cc7d38958]
Event: 76.464 Thread 0x0000025cc0428270 nmethod 647 0x0000025ccf728390 code [0x0000025ccf728560, 0x0000025ccf728dd0]
Event: 76.464 Thread 0x0000025cc0428270  648       4       java.util.zip.ZipFile$Source::isMetaName (141 bytes)
Event: 76.466 Thread 0x0000025cc0428270 nmethod 648 0x0000025ccf729590 code [0x0000025ccf729720, 0x0000025ccf729958]
Event: 76.504 Thread 0x0000025cc0428d20  654       3       java.util.Objects::checkFromIndexSize (8 bytes)
Event: 76.504 Thread 0x0000025cc0428d20 nmethod 654 0x0000025cc7d38a10 code [0x0000025cc7d38bc0, 0x0000025cc7d38de8]
Event: 76.504 Thread 0x0000025cc0428d20  655       3       jdk.internal.util.Preconditions::checkFromIndexSize (25 bytes)
Event: 76.504 Thread 0x0000025cc0428d20 nmethod 655 0x0000025cc7d38f10 code [0x0000025cc7d390c0, 0x0000025cc7d39288]
Event: 76.504 Thread 0x0000025cc0428d20  657       3       sun.nio.fs.NativeBuffers::releaseNativeBuffer (97 bytes)
Event: 76.505 Thread 0x0000025cc0428d20 nmethod 657 0x0000025cc7d39390 code [0x0000025cc7d39680, 0x0000025cc7d3a9b8]
Event: 76.505 Thread 0x0000025cc0428d20  656       3       sun.nio.fs.NativeBuffer::release (5 bytes)
Event: 76.505 Thread 0x0000025cc0428d20 nmethod 656 0x0000025cc7d3af10 code [0x0000025cc7d3b0a0, 0x0000025cc7d3b1c8]
Event: 76.505 Thread 0x0000025cc0428d20  658       3       java.net.URL::toLowerCase (38 bytes)
Event: 76.505 Thread 0x0000025cc0428d20 nmethod 658 0x0000025cc7d3b290 code [0x0000025cc7d3b4a0, 0x0000025cc7d3b968]
Event: 76.634 Thread 0x0000025cc0428d20  659   !   3       java.net.URL::getURLStreamHandler (191 bytes)

GC Heap History (0 events):
No events

Deoptimization events (20 events):
Event: 39.812 Thread 0x0000025cc035fd60 Uncommon trap: trap_request=0xffffffde fr.pc=0x0000025ccf717b4c relative=0x0000000000000ecc
Event: 39.813 Thread 0x0000025cc035fd60 Uncommon trap: reason=class_check action=maybe_recompile pc=0x0000025ccf717b4c method=java.util.HashMap.putVal(ILjava/lang/Object;Ljava/lang/Object;ZZ)Ljava/lang/Object; @ 203 c2
Event: 39.813 Thread 0x0000025cc035fd60 DEOPT PACKING pc=0x0000025ccf717b4c sp=0x00000062a4bf9b00
Event: 39.813 Thread 0x0000025cc035fd60 DEOPT UNPACKING pc=0x0000025ccf1a23a3 sp=0x00000062a4bf9a90 mode 2
Event: 62.192 Thread 0x0000025cc035fd60 Uncommon trap: trap_request=0xffffffde fr.pc=0x0000025ccf717b4c relative=0x0000000000000ecc
Event: 62.193 Thread 0x0000025cc035fd60 Uncommon trap: reason=class_check action=maybe_recompile pc=0x0000025ccf717b4c method=java.util.HashMap.putVal(ILjava/lang/Object;Ljava/lang/Object;ZZ)Ljava/lang/Object; @ 203 c2
Event: 62.193 Thread 0x0000025cc035fd60 DEOPT PACKING pc=0x0000025ccf717b4c sp=0x00000062a4bfbff0
Event: 62.193 Thread 0x0000025cc035fd60 DEOPT UNPACKING pc=0x0000025ccf1a23a3 sp=0x00000062a4bfbf80 mode 2
Event: 76.454 Thread 0x0000025cc035fd60 Uncommon trap: trap_request=0xffffff45 fr.pc=0x0000025ccf71f8d8 relative=0x0000000000000418
Event: 76.454 Thread 0x0000025cc035fd60 Uncommon trap: reason=unstable_if action=reinterpret pc=0x0000025ccf71f8d8 method=java.util.zip.ZipCoder$UTF8ZipCoder.checkedHash([BII)I @ 27 c2
Event: 76.454 Thread 0x0000025cc035fd60 DEOPT PACKING pc=0x0000025ccf71f8d8 sp=0x00000062a4bfb6a0
Event: 76.454 Thread 0x0000025cc035fd60 DEOPT UNPACKING pc=0x0000025ccf1a23a3 sp=0x00000062a4bfb568 mode 2
Event: 76.454 Thread 0x0000025cc035fd60 Uncommon trap: trap_request=0xffffff45 fr.pc=0x0000025ccf6f98b0 relative=0x00000000000001b0
Event: 76.454 Thread 0x0000025cc035fd60 Uncommon trap: reason=unstable_if action=reinterpret pc=0x0000025ccf6f98b0 method=java.lang.String.isLatin1()Z @ 10 c2
Event: 76.454 Thread 0x0000025cc035fd60 DEOPT PACKING pc=0x0000025ccf6f98b0 sp=0x00000062a4bfb4a0
Event: 76.454 Thread 0x0000025cc035fd60 DEOPT UNPACKING pc=0x0000025ccf1a23a3 sp=0x00000062a4bfb3d0 mode 2
Event: 76.454 Thread 0x0000025cc035fd60 Uncommon trap: trap_request=0xffffff45 fr.pc=0x0000025ccf720698 relative=0x0000000000000178
Event: 76.454 Thread 0x0000025cc035fd60 Uncommon trap: reason=unstable_if action=reinterpret pc=0x0000025ccf720698 method=java.util.zip.ZipFile$Source.isMetaName([BII)Z @ 57 c2
Event: 76.454 Thread 0x0000025cc035fd60 DEOPT PACKING pc=0x0000025ccf720698 sp=0x00000062a4bfb6b0
Event: 76.454 Thread 0x0000025cc035fd60 DEOPT UNPACKING pc=0x0000025ccf1a23a3 sp=0x00000062a4bfb640 mode 2

Classes unloaded (0 events):
No events

Classes redefined (0 events):
No events

Internal exceptions (1 events):
Event: 3.375 Thread 0x0000025cc035fd60 Exception <a 'java/lang/NoSuchMethodError'{0x00000000ffcc91c0}: 'int java.lang.invoke.DirectMethodHandle$Holder.invokeStaticInit(java.lang.Object, java.lang.Object)'> (0x00000000ffcc91c0) 
thrown [s\open\src\hotspot\share\interpreter\linkResolver.cpp, line 759]

VM Operations (20 events):
Event: 37.831 Executing VM operation: Cleanup
Event: 38.002 Executing VM operation: Cleanup done
Event: 39.010 Executing VM operation: Cleanup
Event: 39.028 Executing VM operation: Cleanup done
Event: 41.034 Executing VM operation: Cleanup
Event: 41.843 Executing VM operation: Cleanup done
Event: 42.855 Executing VM operation: Cleanup
Event: 42.935 Executing VM operation: Cleanup done
Event: 44.960 Executing VM operation: Cleanup
Event: 44.960 Executing VM operation: Cleanup done
Event: 45.971 Executing VM operation: Cleanup
Event: 46.112 Executing VM operation: Cleanup done
Event: 61.769 Executing VM operation: HandshakeAllThreads
Event: 61.770 Executing VM operation: HandshakeAllThreads done
Event: 61.770 Executing VM operation: Cleanup
Event: 61.770 Executing VM operation: Cleanup done
Event: 62.777 Executing VM operation: Cleanup
Event: 63.163 Executing VM operation: Cleanup done
Event: 66.198 Executing VM operation: Cleanup
Event: 66.245 Executing VM operation: Cleanup done

Events (20 events):
Event: 54.942 loading class java/lang/NoSuchFieldError
Event: 54.953 loading class java/lang/NoSuchFieldError done
Event: 54.958 loading class java/util/concurrent/LinkedBlockingQueue
Event: 54.961 loading class java/util/concurrent/BlockingQueue
Event: 55.713 loading class java/util/concurrent/BlockingQueue done
Event: 55.713 loading class java/util/AbstractQueue
Event: 55.715 loading class java/util/AbstractQueue done
Event: 55.715 loading class java/util/concurrent/LinkedBlockingQueue done
Event: 55.715 loading class java/util/concurrent/locks/AbstractQueuedSynchronizer$ConditionObject
Event: 55.717 loading class java/util/concurrent/locks/Condition
Event: 56.271 loading class java/util/concurrent/locks/Condition done
Event: 56.271 loading class java/util/concurrent/locks/AbstractQueuedSynchronizer$ConditionObject done
Event: 56.271 loading class java/util/concurrent/LinkedBlockingQueue$Node
Event: 56.862 loading class java/util/concurrent/LinkedBlockingQueue$Node done
Event: 56.932 loading class java/lang/SecurityException
Event: 57.058 loading class java/lang/SecurityException done
Event: 61.414 loading class java/net/URLClassLoader$3
Event: 61.477 loading class java/net/URLClassLoader$3 done
Event: 61.543 loading class java/net/URLClassLoader$3$1
Event: 61.544 loading class java/net/URLClassLoader$3$1 done


Dynamic libraries:
0x00007ff7a08d0000 - 0x00007ff7a08e0000 	C:\Program Files\Java\jdk-17\bin\java.exe
0x00007ffbccf30000 - 0x00007ffbcd144000 	C:\WINDOWS\SYSTEM32\ntdll.dll
0x00007ffbcb640000 - 0x00007ffbcb702000 	C:\WINDOWS\System32\KERNEL32.DLL
0x00007ffbca600000 - 0x00007ffbca9a3000 	C:\WINDOWS\System32\KERNELBASE.dll
0x00007ffbcabf0000 - 0x00007ffbcad01000 	C:\WINDOWS\System32\ucrtbase.dll
0x00007ffb998e0000 - 0x00007ffb998f9000 	C:\Program Files\Java\jdk-17\bin\jli.dll
0x00007ffb998c0000 - 0x00007ffb998db000 	C:\Program Files\Java\jdk-17\bin\VCRUNTIME140.dll
0x00007ffbcb570000 - 0x00007ffbcb61e000 	C:\WINDOWS\System32\ADVAPI32.dll
0x00007ffbcb8b0000 - 0x00007ffbcb957000 	C:\WINDOWS\System32\msvcrt.dll
0x00007ffbcae90000 - 0x00007ffbcaf34000 	C:\WINDOWS\System32\sechost.dll
0x00007ffbcc5d0000 - 0x00007ffbcc6e7000 	C:\WINDOWS\System32\RPCRT4.dll
0x00007ffbb1850000 - 0x00007ffbb1ade000 	C:\WINDOWS\WinSxS\amd64_microsoft.windows.common-controls_6595b64144ccf1df_6.0.22621.1635_none_270f70857386168e\COMCTL32.dll
0x00007ffbcbc10000 - 0x00007ffbcbdba000 	C:\WINDOWS\System32\USER32.dll
0x00007ffbcab50000 - 0x00007ffbcab76000 	C:\WINDOWS\System32\win32u.dll
0x00007ffbcb400000 - 0x00007ffbcb429000 	C:\WINDOWS\System32\GDI32.dll
0x00007ffbcaa30000 - 0x00007ffbcab49000 	C:\WINDOWS\System32\gdi32full.dll
0x00007ffbca560000 - 0x00007ffbca5fa000 	C:\WINDOWS\System32\msvcp_win.dll
0x00007ffbc0e00000 - 0x00007ffbc0e0a000 	C:\WINDOWS\SYSTEM32\VERSION.dll
0x00007ffbcb710000 - 0x00007ffbcb741000 	C:\WINDOWS\System32\IMM32.DLL
0x00007ffb99830000 - 0x00007ffb9983c000 	C:\Program Files\Java\jdk-17\bin\vcruntime140_1.dll
0x00007ffb7e5d0000 - 0x00007ffb7e65e000 	C:\Program Files\Java\jdk-17\bin\msvcp140.dll
0x00007ffb3bf20000 - 0x00007ffb3cb00000 	C:\Program Files\Java\jdk-17\bin\server\jvm.dll
0x00007ffbb42a0000 - 0x00007ffbb42a9000 	C:\WINDOWS\SYSTEM32\WSOCK32.dll
0x00007ffbcb430000 - 0x00007ffbcb438000 	C:\WINDOWS\System32\PSAPI.DLL
0x00007ffbcae10000 - 0x00007ffbcae81000 	C:\WINDOWS\System32\WS2_32.dll
0x00007ffbbf240000 - 0x00007ffbbf274000 	C:\WINDOWS\SYSTEM32\WINMM.dll
0x00007ffbc9460000 - 0x00007ffbc9478000 	C:\WINDOWS\SYSTEM32\kernel.appcore.dll
0x00007ffb99820000 - 0x00007ffb9982a000 	C:\Program Files\Java\jdk-17\bin\jimage.dll
0x00007ffbbd1c0000 - 0x00007ffbbd3ee000 	C:\WINDOWS\SYSTEM32\DBGHELP.DLL
0x00007ffbcc240000 - 0x00007ffbcc5c9000 	C:\WINDOWS\System32\combase.dll
0x00007ffbcb320000 - 0x00007ffbcb3f7000 	C:\WINDOWS\System32\OLEAUT32.dll
0x00007ffbb4d60000 - 0x00007ffbb4d92000 	C:\WINDOWS\SYSTEM32\dbgcore.DLL
0x00007ffbca9b0000 - 0x00007ffbcaa2a000 	C:\WINDOWS\System32\bcryptPrimitives.dll
0x00007ffb7ecd0000 - 0x00007ffb7ecf5000 	C:\Program Files\Java\jdk-17\bin\java.dll
0x00007ffb3f2a0000 - 0x00007ffb3f377000 	C:\Program Files\Java\jdk-17\bin\jsvml.dll
0x00007ffbcc6f0000 - 0x00007ffbccee9000 	C:\WINDOWS\System32\SHELL32.dll
0x00007ffbc8270000 - 0x00007ffbc8b3e000 	C:\WINDOWS\SYSTEM32\windows.storage.dll
0x00007ffbc8100000 - 0x00007ffbc823e000 	C:\WINDOWS\SYSTEM32\wintypes.dll
0x00007ffbcafc0000 - 0x00007ffbcb0b1000 	C:\WINDOWS\System32\SHCORE.dll
0x00007ffbcb840000 - 0x00007ffbcb89e000 	C:\WINDOWS\System32\shlwapi.dll
0x00007ffbca260000 - 0x00007ffbca286000 	C:\WINDOWS\SYSTEM32\profapi.dll
0x00007ffb7ecb0000 - 0x00007ffb7ecc9000 	C:\Program Files\Java\jdk-17\bin\net.dll
0x00007ffbc4dc0000 - 0x00007ffbc4ef7000 	C:\WINDOWS\SYSTEM32\WINHTTP.dll
0x00007ffbc98e0000 - 0x00007ffbc9949000 	C:\WINDOWS\system32\mswsock.dll
0x00007ffb7e5b0000 - 0x00007ffb7e5c6000 	C:\Program Files\Java\jdk-17\bin\nio.dll
0x00007ffb7e590000 - 0x00007ffb7e5a8000 	C:\Program Files\Java\jdk-17\bin\zip.dll
0x00007ffb7e580000 - 0x00007ffb7e590000 	C:\Program Files\Java\jdk-17\bin\verify.dll

dbghelp: loaded successfully - version: 4.0.5 - missing functions: none
symbol engine: initialized successfully - sym options: 0x614 - pdb path: .;C:\Program Files\Java\jdk-17\bin;C:\WINDOWS\SYSTEM32;C:\WINDOWS\WinSxS\amd64_microsoft.windows.common-controls_6595b64144ccf1df_6.0.22621.1635_none_270f70857386168e;C:\Program Files\Java\jdk-17\bin\server

VM Arguments:
jvm_args: -Xmx64m -Xms64m -Dorg.gradle.appname=gradlew 
java_command: org.gradle.wrapper.GradleWrapperMain app:installDebug -PreactNativeDevServerPort=8081
java_class_path (initial): C:\Users\aluno.saolucas\Music\Purple\projeto_mobile\android\\gradle\wrapper\gradle-wrapper.jar
Launcher Type: SUN_STANDARD

[Global flags]
     intx CICompilerCount                          = 4                                         {product} {ergonomic}
     uint ConcGCThreads                            = 3                                         {product} {ergonomic}
     uint G1ConcRefinementThreads                  = 10                                        {product} {ergonomic}
   size_t G1HeapRegionSize                         = 1048576                                   {product} {ergonomic}
    uintx GCDrainStackTargetSize                   = 64                                        {product} {ergonomic}
   size_t InitialHeapSize                          = 67108864                                  {product} {command line}
   size_t MarkStackSize                            = 4194304                                   {product} {ergonomic}
   size_t MaxHeapSize                              = 67108864                                  {product} {command line}
   size_t MaxNewSize                               = 39845888                                  {product} {ergonomic}
   size_t MinHeapDeltaBytes                        = 1048576                                   {product} {ergonomic}
   size_t MinHeapSize                              = 67108864                                  {product} {command line}
    uintx NonNMethodCodeHeapSize                   = 5839372                                {pd product} {ergonomic}
    uintx NonProfiledCodeHeapSize                  = 122909434                              {pd product} {ergonomic}
    uintx ProfiledCodeHeapSize                     = 122909434                              {pd product} {ergonomic}
    uintx ReservedCodeCacheSize                    = 251658240                              {pd product} {ergonomic}
     bool SegmentedCodeCache                       = true                                      {product} {ergonomic}
   size_t SoftMaxHeapSize                          = 67108864                               {manageable} {ergonomic}
     bool UseCompressedClassPointers               = true                           {product lp64_product} {ergonomic}
     bool UseCompressedOops                        = true                           {product lp64_product} {ergonomic}
     bool UseG1GC                                  = true                                      {product} {ergonomic}
     bool UseLargePagesIndividualAllocation        = false                                  {pd product} {ergonomic}

Logging:
Log output configuration:
 #0: stdout all=warning uptime,level,tags
 #1: stderr all=off uptime,level,tags

Environment Variables:
JAVA_HOME=C:\Program Files\Java\jdk-17
CLASSPATH=C:\Users\aluno.saolucas\Music\Purple\projeto_mobile\android\\gradle\wrapper\gradle-wrapper.jar
PATH=C:\Users\aluno.saolucas\Music\Purple\projeto_mobile\node_modules\.bin;C:\Users\aluno.saolucas\Music\Purple\projeto_mobile\node_modules\.bin;C:\Users\aluno.saolucas\Music\Purple\node_modules\.bin;C:\Users\aluno.saolucas\Music\node_modules\.bin;C:\Users\aluno.saolucas\node_modules\.bin;C:\Users\node_modules\.bin;C:\node_modules\.bin;C:\Program Files\nodejs\node_modules\npm\node_modules\@npmcli\run-script\lib\node-gyp-bin;C:\Users\aluno.saolucas\Music\Purple\projeto_mobile\node_modules\.bin;C:\Users\aluno.saolucas\Music\Purple\node_modules\.bin;C:\Users\aluno.saolucas\Music\node_modules\.bin;C:\Users\aluno.saolucas\node_modules\.bin;C:\Users\node_modules\.bin;C:\node_modules\.bin;C:\Program Files\nodejs\node_modules\npm\node_modules\@npmcli\run-script\lib\node-gyp-bin;C:\Program Files\Common Files\Oracle\Java\javapath;C:\ProgramData\Oracle\Java\javapath;C:\WINDOWS\system32;C:\WINDOWS;C:\WINDOWS\System32\Wbem;C:\WINDOWS\System32\WindowsPowerShell\v1.0\;C:\WINDOWS\System32\OpenSSH\;C:\Program Files\nodejs\;C:\Program Files\dotnet\;C:\Users\aluno.saolucas\AppData\Local\Android\Sdk\platform-tools;C:\Users\aluno.saolucas\AppData\Local\Microsoft\WindowsApps;C:\Users\aluno.saolucas\AppData\Local\GitHubDesktop\bin;C:\Users\aluno.saolucas\AppData\Local\Programs\Microsoft VS Code\bin;C:\Users\aluno.saolucas\AppData\Roaming\npm;C:\Users\aluno.saolucas\AppData\Local\Programs\Git\cmd
USERNAME=aluno.saolucas
OS=Windows_NT
PROCESSOR_IDENTIFIER=Intel64 Family 6 Model 151 Stepping 2, GenuineIntel



---------------  S Y S T E M  ---------------

OS:
 Windows 11 , 64 bit Build 22621 (10.0.22621.1928)
OS uptime: 0 days 2:14 hours

CPU: total 12 (initial active 12) (6 cores per cpu, 2 threads per core) family 6 model 151 stepping 2 microcode 0x1e, cx8, cmov, fxsr, ht, mmx, 3dnowpref, sse, sse2, sse3, ssse3, sse4.1, sse4.2, popcnt, lzcnt, tsc, tscinvbit, avx, avx2, aes, erms, clmul, bmi1, bmi2, adx, sha, fma, vzeroupper, clflush, clflushopt, clwb

Memory: 4k page, system-wide physical 7508M (2M free)
TotalPageFile size 30036M (AvailPageFile size 5M)
current process WorkingSet (physical memory assigned to process): 20M, peak: 33M
current process commit charge ("private bytes"): 156M, peak: 156M

vm_info: Java HotSpot(TM) 64-Bit Server VM (17.0.11+7-LTS-207) for windows-amd64 JRE (17.0.11+7-LTS-207), built on Mar 11 2024 19:01:50 by "mach5one" with MS VC++ 17.6 (VS2022)

END.
