#
# There is insufficient memory for the Java Runtime Environment to continue.
# Native memory allocation (malloc) failed to allocate 135456 bytes for Chunk::new
# Possible reasons:
#   The system is out of physical RAM or swap space
#   The process is running with CompressedOops enabled, and the Java Heap may be blocking the growth of the native heap
# Possible solutions:
#   Reduce memory load on the system
#   Increase physical memory or swap space
#   Check if swap backing store is full
#   Decrease Java heap size (-Xmx/-Xms)
#   Decrease number of Java threads
#   Decrease Java thread stack sizes (-Xss)
#   Set larger code cache with -XX:ReservedCodeCacheSize=
#   JVM is running with Unscaled Compressed Oops mode in which the Java heap is
#     placed in the first 4GB address space. The Java Heap base address is the
#     maximum limit for the native heap growth. Please use -XX:HeapBaseMinAddress
#     to set the Java Heap base and to place the Java Heap above 4GB virtual address.
# This output file may be truncated or incomplete.
#
#  Out of Memory Error (arena.cpp:189), pid=18472, tid=19600
#
# JRE version: Java(TM) SE Runtime Environment (17.0.11+7) (build 17.0.11+7-LTS-207)
# Java VM: Java HotSpot(TM) 64-Bit Server VM (17.0.11+7-LTS-207, mixed mode, sharing, tiered, compressed oops, compressed class ptrs, g1 gc, windows-amd64)
# No core dump will be written. Minidumps are not enabled by default on client versions of Windows
#

---------------  S U M M A R Y ------------

Command Line: -XX:MaxMetaspaceSize=512m --add-opens=java.base/java.util=ALL-UNNAMED --add-opens=java.base/java.lang=ALL-UNNAMED --add-opens=java.base/java.lang.invoke=ALL-UNNAMED --add-opens=java.prefs/java.util.prefs=ALL-UNNAMED --add-opens=java.base/java.nio.charset=ALL-UNNAMED --add-opens=java.base/java.net=ALL-UNNAMED --add-opens=java.base/java.util.concurrent.atomic=ALL-UNNAMED -Xmx2048m -Dfile.encoding=UTF-8 -Duser.country=BR -Duser.language=pt -Duser.variant -javaagent:C:\Users\aluno.saolucas\.gradle\wrapper\dists\gradle-8.5-all\3zlzzgtsutfj0pbojr50n2l7z\gradle-8.5\lib\agents\gradle-instrumentation-agent-8.5.jar org.gradle.launcher.daemon.bootstrap.GradleDaemon 8.5

Host: 12th Gen Intel(R) Core(TM) i5-12400, 12 cores, 7G,  Windows 11 , 64 bit Build 22621 (10.0.22621.1928)
Time: Thu Oct 10 21:15:14 2024 Hora oficial do Brasil elapsed time: 187.815327 seconds (0d 0h 3m 7s)

---------------  T H R E A D  ---------------

Current thread (0x000001a6a7806c40):  JavaThread "C2 CompilerThread0" daemon [_thread_in_native, id=19600, stack(0x0000007aaf000000,0x0000007aaf100000)]


Current CompileTask:
C2: 187827 4385 %     4       java.util.regex.Matcher::search @ 46 (154 bytes)

Stack: [0x0000007aaf000000,0x0000007aaf100000]
Native frames: (J=compiled Java code, j=interpreted, Vv=VM code, C=native code)
V  [jvm.dll+0x679cca]
V  [jvm.dll+0x7da13d]
V  [jvm.dll+0x7dba83]
V  [jvm.dll+0x7dc0f3]
V  [jvm.dll+0x2449af]
V  [jvm.dll+0xab83b]
V  [jvm.dll+0xabe1c]
V  [jvm.dll+0x2a9e6f]
V  [jvm.dll+0x5818d9]
V  [jvm.dll+0x21ed62]
V  [jvm.dll+0x21f13f]
V  [jvm.dll+0x218331]
V  [jvm.dll+0x215505]
V  [jvm.dll+0x1a2040]
V  [jvm.dll+0x225a2b]
V  [jvm.dll+0x223bcb]
V  [jvm.dll+0x7903ec]
V  [jvm.dll+0x78a85a]
V  [jvm.dll+0x678bb5]
C  [ucrtbase.dll+0x29363]
C  [KERNEL32.DLL+0x126ad]
C  [ntdll.dll+0x5aa68]


---------------  P R O C E S S  ---------------

Threads class SMR info:
_java_thread_list=0x000001a6a7d6eee0, length=37, elements={
0x000001a6891d3690, 0x000001a6a77ec9f0, 0x000001a6a77ed5b0, 0x000001a6a77fef30,
0x000001a6a77ffaf0, 0x000001a6a78054e0, 0x000001a6a7805ea0, 0x000001a6a7806c40,
0x000001a6a78076f0, 0x000001a6a7808890, 0x000001a6a7a2d610, 0x000001a6a7b71af0,
0x000001a6c8288ee0, 0x000001a6c7e38850, 0x000001a6c7d08100, 0x000001a6c849e5e0,
0x000001a6c84874a0, 0x000001a6c83939f0, 0x000001a6c83934e0, 0x000001a6c8394e30,
0x000001a6c8395d60, 0x000001a6c8394410, 0x000001a6c8394920, 0x000001a6c8395340,
0x000001a6c8395850, 0x000001a6c8396780, 0x000001a6c8396c90, 0x000001a6c8ceb390,
0x000001a6c8cea970, 0x000001a6c8cebdb0, 0x000001a6c8cecce0, 0x000001a6c8cec2c0,
0x000001a6c8cea460, 0x000001a6c8ceae80, 0x000001a6c8ceb8a0, 0x000001a6c8ced1f0,
0x000001a6c8ce9a40
}

Java Threads: ( => current thread )
  0x000001a6891d3690 JavaThread "main" [_thread_blocked, id=22112, stack(0x0000007aae300000,0x0000007aae400000)]
  0x000001a6a77ec9f0 JavaThread "Reference Handler" daemon [_thread_blocked, id=19920, stack(0x0000007aaea00000,0x0000007aaeb00000)]
  0x000001a6a77ed5b0 JavaThread "Finalizer" daemon [_thread_blocked, id=21236, stack(0x0000007aaeb00000,0x0000007aaec00000)]
  0x000001a6a77fef30 JavaThread "Signal Dispatcher" daemon [_thread_blocked, id=19524, stack(0x0000007aaec00000,0x0000007aaed00000)]
  0x000001a6a77ffaf0 JavaThread "Attach Listener" daemon [_thread_blocked, id=19528, stack(0x0000007aaed00000,0x0000007aaee00000)]
  0x000001a6a78054e0 JavaThread "Service Thread" daemon [_thread_blocked, id=19532, stack(0x0000007aaee00000,0x0000007aaef00000)]
  0x000001a6a7805ea0 JavaThread "Monitor Deflation Thread" daemon [_thread_blocked, id=19788, stack(0x0000007aaef00000,0x0000007aaf000000)]
=>0x000001a6a7806c40 JavaThread "C2 CompilerThread0" daemon [_thread_in_native, id=19600, stack(0x0000007aaf000000,0x0000007aaf100000)]
  0x000001a6a78076f0 JavaThread "C1 CompilerThread0" daemon [_thread_blocked, id=19596, stack(0x0000007aaf100000,0x0000007aaf200000)]
  0x000001a6a7808890 JavaThread "Sweeper thread" daemon [_thread_blocked, id=17780, stack(0x0000007aaf200000,0x0000007aaf300000)]
  0x000001a6a7a2d610 JavaThread "Common-Cleaner" daemon [_thread_blocked, id=22252, stack(0x0000007aaf300000,0x0000007aaf400000)]
  0x000001a6a7b71af0 JavaThread "Notification Thread" daemon [_thread_blocked, id=22548, stack(0x0000007aaf400000,0x0000007aaf500000)]
  0x000001a6c8288ee0 JavaThread "Daemon health stats" [_thread_blocked, id=23488, stack(0x0000007aaf900000,0x0000007aafa00000)]
  0x000001a6c7e38850 JavaThread "Incoming local TCP Connector on port 51919" [_thread_in_native, id=23572, stack(0x0000007aafa00000,0x0000007aafb00000)]
  0x000001a6c7d08100 JavaThread "Daemon periodic checks" [_thread_blocked, id=23780, stack(0x0000007aafb00000,0x0000007aafc00000)]
  0x000001a6c849e5e0 JavaThread "Daemon" [_thread_blocked, id=23796, stack(0x0000007aafc00000,0x0000007aafd00000)]
  0x000001a6c84874a0 JavaThread "Handler for socket connection from /127.0.0.1:51919 to /127.0.0.1:51921" [_thread_in_native, id=23928, stack(0x0000007aafd00000,0x0000007aafe00000)]
  0x000001a6c83939f0 JavaThread "Cancel handler" [_thread_blocked, id=24044, stack(0x0000007aafe00000,0x0000007aaff00000)]
  0x000001a6c83934e0 JavaThread "Daemon worker" [_thread_in_vm, id=24064, stack(0x0000007aaff00000,0x0000007ab0000000)]
  0x000001a6c8394e30 JavaThread "Asynchronous log dispatcher for DefaultDaemonConnection: socket connection from /127.0.0.1:51919 to /127.0.0.1:51921" [_thread_blocked, id=24080, stack(0x0000007ab0000000,0x0000007ab0100000)]
  0x000001a6c8395d60 JavaThread "Stdin handler" [_thread_blocked, id=24084, stack(0x0000007ab0100000,0x0000007ab0200000)]
  0x000001a6c8394410 JavaThread "Daemon client event forwarder" [_thread_blocked, id=24088, stack(0x0000007ab0200000,0x0000007ab0300000)]
  0x000001a6c8394920 JavaThread "Cache worker for journal cache (C:\Users\aluno.saolucas\.gradle\caches\journal-1)" [_thread_blocked, id=24408, stack(0x0000007ab0300000,0x0000007ab0400000)]
  0x000001a6c8395340 JavaThread "File lock request listener" [_thread_in_native, id=24412, stack(0x0000007ab0400000,0x0000007ab0500000)]
  0x000001a6c8395850 JavaThread "Cache worker for file hash cache (C:\Users\aluno.saolucas\.gradle\caches\8.5\fileHashes)" [_thread_blocked, id=24660, stack(0x0000007ab0c00000,0x0000007ab0d00000)]
  0x000001a6c8396780 JavaThread "File watcher server" daemon [_thread_in_native, id=24860, stack(0x0000007ab0d00000,0x0000007ab0e00000)]
  0x000001a6c8396c90 JavaThread "File watcher consumer" daemon [_thread_blocked, id=24864, stack(0x0000007ab0e00000,0x0000007ab0f00000)]
  0x000001a6c8ceb390 JavaThread "Cache worker for checksums cache (C:\Users\aluno.saolucas\Music\Purple\projeto_mobile\android\.gradle\8.5\checksums)" [_thread_blocked, id=24988, stack(0x0000007ab1100000,0x0000007ab1200000)]
  0x000001a6c8cea970 JavaThread "Cache worker for file hash cache (C:\Users\aluno.saolucas\Music\Purple\projeto_mobile\android\.gradle\8.5\fileHashes)" [_thread_blocked, id=25016, stack(0x0000007ab1200000,0x0000007ab1300000)]
  0x000001a6c8cebdb0 JavaThread "Cache worker for cache directory md-supplier (C:\Users\aluno.saolucas\.gradle\caches\8.5\md-supplier)" [_thread_blocked, id=25032, stack(0x0000007ab1300000,0x0000007ab1400000)]
  0x000001a6c8cecce0 JavaThread "Cache worker for cache directory md-rule (C:\Users\aluno.saolucas\.gradle\caches\8.5\md-rule)" [_thread_blocked, id=25068, stack(0x0000007ab1400000,0x0000007ab1500000)]
  0x000001a6c8cec2c0 JavaThread "Cache worker for file content cache (C:\Users\aluno.saolucas\.gradle\caches\8.5\fileContent)" [_thread_blocked, id=25340, stack(0x0000007ab1500000,0x0000007ab1600000)]
  0x000001a6c8cea460 JavaThread "Cache worker for execution history cache (C:\Users\aluno.saolucas\.gradle\caches\8.5\executionHistory)" [_thread_blocked, id=25432, stack(0x0000007ab1600000,0x0000007ab1700000)]
  0x000001a6c8ceae80 JavaThread "jar transforms" [_thread_blocked, id=25724, stack(0x0000007ab1700000,0x0000007ab1800000)]
  0x000001a6c8ceb8a0 JavaThread "jar transforms Thread 2" [_thread_blocked, id=26120, stack(0x0000007ab1800000,0x0000007ab1900000)]
  0x000001a6c8ced1f0 JavaThread "jar transforms Thread 3" [_thread_blocked, id=26888, stack(0x0000007ab1900000,0x0000007ab1a00000)]
  0x000001a6c8ce9a40 JavaThread "jar transforms Thread 4" [_thread_blocked, id=16820, stack(0x0000007aae000000,0x0000007aae100000)]

Other Threads:
  0x000001a6a77e8b10 VMThread "VM Thread" [stack: 0x0000007aae900000,0x0000007aaea00000] [id=19916]
  0x000001a6a7ac3080 WatcherThread [stack: 0x0000007aaf500000,0x0000007aaf600000] [id=22552]
  0x000001a68922ec30 GCTaskThread "GC Thread#0" [stack: 0x0000007aae400000,0x0000007aae500000] [id=22300]
  0x000001a6c768ed00 GCTaskThread "GC Thread#1" [stack: 0x0000007aaf600000,0x0000007aaf700000] [id=22840]
  0x000001a6c768efc0 GCTaskThread "GC Thread#2" [stack: 0x0000007aaf700000,0x0000007aaf800000] [id=22968]
  0x000001a6c752ce90 GCTaskThread "GC Thread#3" [stack: 0x0000007aaf800000,0x0000007aaf900000] [id=22972]
  0x000001a6c8782880 GCTaskThread "GC Thread#4" [stack: 0x0000007ab0500000,0x0000007ab0600000] [id=24552]
  0x000001a6c8782b40 GCTaskThread "GC Thread#5" [stack: 0x0000007ab0600000,0x0000007ab0700000] [id=24556]
  0x000001a6c8782e00 GCTaskThread "GC Thread#6" [stack: 0x0000007ab0700000,0x0000007ab0800000] [id=24560]
  0x000001a6a7a25350 GCTaskThread "GC Thread#7" [stack: 0x0000007ab0800000,0x0000007ab0900000] [id=24564]
  0x000001a6a7a25610 GCTaskThread "GC Thread#8" [stack: 0x0000007ab0900000,0x0000007ab0a00000] [id=24568]
  0x000001a6a7a258d0 GCTaskThread "GC Thread#9" [stack: 0x0000007ab0a00000,0x0000007ab0b00000] [id=24572]
  0x000001a68923fb80 ConcurrentGCThread "G1 Main Marker" [stack: 0x0000007aae500000,0x0000007aae600000] [id=21692]
  0x000001a689240590 ConcurrentGCThread "G1 Conc#0" [stack: 0x0000007aae600000,0x0000007aae700000] [id=19804]
  0x000001a6c8cee550 ConcurrentGCThread "G1 Conc#1" [stack: 0x0000007ab0f00000,0x0000007ab1000000] [id=24980]
  0x000001a6c8ceead0 ConcurrentGCThread "G1 Conc#2" [stack: 0x0000007ab1000000,0x0000007ab1100000] [id=24984]
  0x000001a68929d320 ConcurrentGCThread "G1 Refine#0" [stack: 0x0000007aae700000,0x0000007aae800000] [id=19808]
  0x000001a6a76a04a0 ConcurrentGCThread "G1 Service" [stack: 0x0000007aae800000,0x0000007aae900000] [id=19812]

Threads with active compile tasks:
C2 CompilerThread0   187918 4385 %     4       java.util.regex.Matcher::search @ 46 (154 bytes)

VM state: not at safepoint (normal execution)

VM Mutex/Monitor currently owned by a thread: None

Heap address: 0x0000000080000000, size: 2048 MB, Compressed Oops mode: 32-bit

CDS archive(s) mapped at: [0x000001a6a8000000-0x000001a6a8bd0000-0x000001a6a8bd0000), size 12386304, SharedBaseAddress: 0x000001a6a8000000, ArchiveRelocationMode: 1.
Compressed class space mapped at: 0x000001a6a9000000-0x000001a6c3000000, reserved size: 436207616
Narrow klass base: 0x000001a6a8000000, Narrow klass shift: 0, Narrow klass range: 0x100000000

GC Precious Log:
 CPUs: 12 total, 12 available
 Memory: 7508M
 Large Page Support: Disabled
 NUMA Support: Disabled
 Compressed Oops: Enabled (32-bit)
 Heap Region Size: 1M
 Heap Min Capacity: 8M
 Heap Initial Capacity: 118M
 Heap Max Capacity: 2G
 Pre-touch: Disabled
 Parallel Workers: 10
 Concurrent Workers: 3
 Concurrent Refinement Workers: 10
 Periodic GC: Disabled

Heap:
 garbage-first heap   total 163840K, used 45295K [0x0000000080000000, 0x0000000100000000)
  region size 1024K, 19 young (19456K), 3 survivors (3072K)
 Metaspace       used 34338K, committed 34752K, reserved 491520K
  class space    used 4742K, committed 4928K, reserved 425984K

Heap Regions: E=young(eden), S=young(survivor), O=old, HS=humongous(starts), HC=humongous(continues), CS=collection set, F=free, OA=open archive, CA=closed archive, TAMS=top-at-mark-start (previous, next)
|   0|0x0000000080000000, 0x0000000080100000, 0x0000000080100000|100%|HS|  |TAMS 0x0000000080100000, 0x0000000080000000| Complete 
|   1|0x0000000080100000, 0x0000000080200000, 0x0000000080200000|100%|HC|  |TAMS 0x0000000080200000, 0x0000000080100000| Complete 
|   2|0x0000000080200000, 0x0000000080300000, 0x0000000080300000|100%|HC|  |TAMS 0x0000000080300000, 0x0000000080200000| Complete 
|   3|0x0000000080300000, 0x0000000080400000, 0x0000000080400000|100%|HC|  |TAMS 0x0000000080400000, 0x0000000080300000| Complete 
|   4|0x0000000080400000, 0x0000000080500000, 0x0000000080500000|100%| O|  |TAMS 0x0000000080500000, 0x0000000080400000| Untracked 
|   5|0x0000000080500000, 0x0000000080600000, 0x0000000080600000|100%| O|  |TAMS 0x0000000080600000, 0x0000000080500000| Untracked 
|   6|0x0000000080600000, 0x0000000080700000, 0x0000000080700000|100%| O|  |TAMS 0x0000000080700000, 0x0000000080600000| Untracked 
|   7|0x0000000080700000, 0x0000000080800000, 0x0000000080800000|100%| O|  |TAMS 0x0000000080800000, 0x0000000080700000| Untracked 
|   8|0x0000000080800000, 0x0000000080900000, 0x0000000080900000|100%| O|  |TAMS 0x0000000080900000, 0x0000000080800000| Untracked 
|   9|0x0000000080900000, 0x0000000080a00000, 0x0000000080a00000|100%| O|  |TAMS 0x0000000080a00000, 0x0000000080900000| Untracked 
|  10|0x0000000080a00000, 0x0000000080b00000, 0x0000000080b00000|100%| O|  |TAMS 0x0000000080b00000, 0x0000000080a00000| Untracked 
|  11|0x0000000080b00000, 0x0000000080c00000, 0x0000000080c00000|100%| O|  |TAMS 0x0000000080c00000, 0x0000000080b00000| Untracked 
|  12|0x0000000080c00000, 0x0000000080d00000, 0x0000000080d00000|100%| O|  |TAMS 0x0000000080d00000, 0x0000000080c00000| Untracked 
|  13|0x0000000080d00000, 0x0000000080e00000, 0x0000000080e00000|100%| O|  |TAMS 0x0000000080e00000, 0x0000000080d00000| Untracked 
|  14|0x0000000080e00000, 0x0000000080f00000, 0x0000000080f00000|100%| O|  |TAMS 0x0000000080f00000, 0x0000000080e00000| Untracked 
|  15|0x0000000080f00000, 0x0000000081000000, 0x0000000081000000|100%| O|  |TAMS 0x0000000081000000, 0x0000000080f00000| Untracked 
|  16|0x0000000081000000, 0x0000000081100000, 0x0000000081100000|100%| O|  |TAMS 0x0000000081100000, 0x0000000081000000| Untracked 
|  17|0x0000000081100000, 0x0000000081200000, 0x0000000081200000|100%| O|  |TAMS 0x0000000081200000, 0x0000000081100000| Untracked 
|  18|0x0000000081200000, 0x0000000081300000, 0x0000000081300000|100%| O|  |TAMS 0x0000000081300000, 0x0000000081200000| Untracked 
|  19|0x0000000081300000, 0x00000000813ca800, 0x0000000081400000| 79%| O|  |TAMS 0x00000000813ca800, 0x0000000081300000| Untracked 
|  20|0x0000000081400000, 0x0000000081400000, 0x0000000081500000|  0%| F|  |TAMS 0x0000000081400000, 0x0000000081400000| Untracked 
|  21|0x0000000081500000, 0x0000000081500000, 0x0000000081600000|  0%| F|  |TAMS 0x0000000081500000, 0x0000000081500000| Untracked 
|  22|0x0000000081600000, 0x0000000081600000, 0x0000000081700000|  0%| F|  |TAMS 0x0000000081600000, 0x0000000081600000| Untracked 
|  23|0x0000000081700000, 0x0000000081700000, 0x0000000081800000|  0%| F|  |TAMS 0x0000000081700000, 0x0000000081700000| Untracked 
|  24|0x0000000081800000, 0x0000000081800000, 0x0000000081900000|  0%| F|  |TAMS 0x0000000081800000, 0x0000000081800000| Untracked 
|  25|0x0000000081900000, 0x0000000081a00000, 0x0000000081a00000|100%| O|  |TAMS 0x0000000081900000, 0x0000000081900000| Untracked 
|  26|0x0000000081a00000, 0x0000000081b00000, 0x0000000081b00000|100%| O|  |TAMS 0x0000000081a00000, 0x0000000081a00000| Untracked 
|  27|0x0000000081b00000, 0x0000000081c00000, 0x0000000081c00000|100%| O|  |TAMS 0x0000000081b00000, 0x0000000081b00000| Untracked 
|  28|0x0000000081c00000, 0x0000000081d00000, 0x0000000081d00000|100%| O|  |TAMS 0x0000000081c00000, 0x0000000081c00000| Untracked 
|  29|0x0000000081d00000, 0x0000000081e00000, 0x0000000081e00000|100%| O|  |TAMS 0x0000000081d00000, 0x0000000081d00000| Untracked 
|  30|0x0000000081e00000, 0x0000000081f00000, 0x0000000081f00000|100%| O|  |TAMS 0x0000000081e00000, 0x0000000081e00000| Untracked 
|  31|0x0000000081f00000, 0x0000000081f85400, 0x0000000082000000| 52%| O|  |TAMS 0x0000000081f00000, 0x0000000081f00000| Untracked 
|  32|0x0000000082000000, 0x0000000082000000, 0x0000000082100000|  0%| F|  |TAMS 0x0000000082000000, 0x0000000082000000| Untracked 
|  33|0x0000000082100000, 0x0000000082100000, 0x0000000082200000|  0%| F|  |TAMS 0x0000000082100000, 0x0000000082100000| Untracked 
|  34|0x0000000082200000, 0x0000000082200000, 0x0000000082300000|  0%| F|  |TAMS 0x0000000082200000, 0x0000000082200000| Untracked 
|  35|0x0000000082300000, 0x0000000082300000, 0x0000000082400000|  0%| F|  |TAMS 0x0000000082300000, 0x0000000082300000| Untracked 
|  36|0x0000000082400000, 0x0000000082400000, 0x0000000082500000|  0%| F|  |TAMS 0x0000000082400000, 0x0000000082400000| Untracked 
|  37|0x0000000082500000, 0x0000000082500000, 0x0000000082600000|  0%| F|  |TAMS 0x0000000082500000, 0x0000000082500000| Untracked 
|  38|0x0000000082600000, 0x0000000082600000, 0x0000000082700000|  0%| F|  |TAMS 0x0000000082600000, 0x0000000082600000| Untracked 
|  39|0x0000000082700000, 0x0000000082700000, 0x0000000082800000|  0%| F|  |TAMS 0x0000000082700000, 0x0000000082700000| Untracked 
|  40|0x0000000082800000, 0x0000000082800000, 0x0000000082900000|  0%| F|  |TAMS 0x0000000082800000, 0x0000000082800000| Untracked 
|  41|0x0000000082900000, 0x0000000082900000, 0x0000000082a00000|  0%| F|  |TAMS 0x0000000082900000, 0x0000000082900000| Untracked 
|  42|0x0000000082a00000, 0x0000000082a00000, 0x0000000082b00000|  0%| F|  |TAMS 0x0000000082a00000, 0x0000000082a00000| Untracked 
|  43|0x0000000082b00000, 0x0000000082b00000, 0x0000000082c00000|  0%| F|  |TAMS 0x0000000082b00000, 0x0000000082b00000| Untracked 
|  44|0x0000000082c00000, 0x0000000082c00000, 0x0000000082d00000|  0%| F|  |TAMS 0x0000000082c00000, 0x0000000082c00000| Untracked 
|  45|0x0000000082d00000, 0x0000000082d00000, 0x0000000082e00000|  0%| F|  |TAMS 0x0000000082d00000, 0x0000000082d00000| Untracked 
|  46|0x0000000082e00000, 0x0000000082e00000, 0x0000000082f00000|  0%| F|  |TAMS 0x0000000082e00000, 0x0000000082e00000| Untracked 
|  47|0x0000000082f00000, 0x0000000082f00000, 0x0000000083000000|  0%| F|  |TAMS 0x0000000082f00000, 0x0000000082f00000| Untracked 
|  48|0x0000000083000000, 0x0000000083000000, 0x0000000083100000|  0%| F|  |TAMS 0x0000000083000000, 0x0000000083000000| Untracked 
|  49|0x0000000083100000, 0x00000000831ec180, 0x0000000083200000| 92%| S|CS|TAMS 0x0000000083100000, 0x0000000083100000| Complete 
|  50|0x0000000083200000, 0x0000000083300000, 0x0000000083300000|100%| S|CS|TAMS 0x0000000083200000, 0x0000000083200000| Complete 
|  51|0x0000000083300000, 0x0000000083400000, 0x0000000083400000|100%| S|CS|TAMS 0x0000000083300000, 0x0000000083300000| Complete 
|  52|0x0000000083400000, 0x0000000083400000, 0x0000000083500000|  0%| F|  |TAMS 0x0000000083400000, 0x0000000083400000| Untracked 
|  53|0x0000000083500000, 0x0000000083500000, 0x0000000083600000|  0%| F|  |TAMS 0x0000000083500000, 0x0000000083500000| Untracked 
|  54|0x0000000083600000, 0x0000000083600000, 0x0000000083700000|  0%| F|  |TAMS 0x0000000083600000, 0x0000000083600000| Untracked 
|  55|0x0000000083700000, 0x0000000083700000, 0x0000000083800000|  0%| F|  |TAMS 0x0000000083700000, 0x0000000083700000| Untracked 
|  56|0x0000000083800000, 0x0000000083800000, 0x0000000083900000|  0%| F|  |TAMS 0x0000000083800000, 0x0000000083800000| Untracked 
|  57|0x0000000083900000, 0x0000000083900000, 0x0000000083a00000|  0%| F|  |TAMS 0x0000000083900000, 0x0000000083900000| Untracked 
|  58|0x0000000083a00000, 0x0000000083a00000, 0x0000000083b00000|  0%| F|  |TAMS 0x0000000083a00000, 0x0000000083a00000| Untracked 
|  59|0x0000000083b00000, 0x0000000083b00000, 0x0000000083c00000|  0%| F|  |TAMS 0x0000000083b00000, 0x0000000083b00000| Untracked 
|  60|0x0000000083c00000, 0x0000000083c00000, 0x0000000083d00000|  0%| F|  |TAMS 0x0000000083c00000, 0x0000000083c00000| Untracked 
|  61|0x0000000083d00000, 0x0000000083d00000, 0x0000000083e00000|  0%| F|  |TAMS 0x0000000083d00000, 0x0000000083d00000| Untracked 
|  62|0x0000000083e00000, 0x0000000083e00000, 0x0000000083f00000|  0%| F|  |TAMS 0x0000000083e00000, 0x0000000083e00000| Untracked 
|  63|0x0000000083f00000, 0x0000000083f00000, 0x0000000084000000|  0%| F|  |TAMS 0x0000000083f00000, 0x0000000083f00000| Untracked 
|  64|0x0000000084000000, 0x0000000084000000, 0x0000000084100000|  0%| F|  |TAMS 0x0000000084000000, 0x0000000084000000| Untracked 
|  65|0x0000000084100000, 0x0000000084100000, 0x0000000084200000|  0%| F|  |TAMS 0x0000000084100000, 0x0000000084100000| Untracked 
|  66|0x0000000084200000, 0x0000000084200000, 0x0000000084300000|  0%| F|  |TAMS 0x0000000084200000, 0x0000000084200000| Untracked 
|  67|0x0000000084300000, 0x0000000084300000, 0x0000000084400000|  0%| F|  |TAMS 0x0000000084300000, 0x0000000084300000| Untracked 
|  68|0x0000000084400000, 0x0000000084400000, 0x0000000084500000|  0%| F|  |TAMS 0x0000000084400000, 0x0000000084400000| Untracked 
|  69|0x0000000084500000, 0x0000000084500000, 0x0000000084600000|  0%| F|  |TAMS 0x0000000084500000, 0x0000000084500000| Untracked 
|  70|0x0000000084600000, 0x0000000084600000, 0x0000000084700000|  0%| F|  |TAMS 0x0000000084600000, 0x0000000084600000| Untracked 
|  71|0x0000000084700000, 0x0000000084700000, 0x0000000084800000|  0%| F|  |TAMS 0x0000000084700000, 0x0000000084700000| Untracked 
|  72|0x0000000084800000, 0x0000000084800000, 0x0000000084900000|  0%| F|  |TAMS 0x0000000084800000, 0x0000000084800000| Untracked 
|  73|0x0000000084900000, 0x0000000084900000, 0x0000000084a00000|  0%| F|  |TAMS 0x0000000084900000, 0x0000000084900000| Untracked 
|  74|0x0000000084a00000, 0x0000000084a00000, 0x0000000084b00000|  0%| F|  |TAMS 0x0000000084a00000, 0x0000000084a00000| Untracked 
|  75|0x0000000084b00000, 0x0000000084b00000, 0x0000000084c00000|  0%| F|  |TAMS 0x0000000084b00000, 0x0000000084b00000| Untracked 
|  76|0x0000000084c00000, 0x0000000084c00000, 0x0000000084d00000|  0%| F|  |TAMS 0x0000000084c00000, 0x0000000084c00000| Untracked 
|  77|0x0000000084d00000, 0x0000000084d00000, 0x0000000084e00000|  0%| F|  |TAMS 0x0000000084d00000, 0x0000000084d00000| Untracked 
|  78|0x0000000084e00000, 0x0000000084e00000, 0x0000000084f00000|  0%| F|  |TAMS 0x0000000084e00000, 0x0000000084e00000| Untracked 
|  79|0x0000000084f00000, 0x0000000084f00000, 0x0000000085000000|  0%| F|  |TAMS 0x0000000084f00000, 0x0000000084f00000| Untracked 
|  80|0x0000000085000000, 0x0000000085000000, 0x0000000085100000|  0%| F|  |TAMS 0x0000000085000000, 0x0000000085000000| Untracked 
|  81|0x0000000085100000, 0x0000000085100000, 0x0000000085200000|  0%| F|  |TAMS 0x0000000085100000, 0x0000000085100000| Untracked 
|  82|0x0000000085200000, 0x0000000085200000, 0x0000000085300000|  0%| F|  |TAMS 0x0000000085200000, 0x0000000085200000| Untracked 
|  83|0x0000000085300000, 0x0000000085300000, 0x0000000085400000|  0%| F|  |TAMS 0x0000000085300000, 0x0000000085300000| Untracked 
|  84|0x0000000085400000, 0x0000000085400000, 0x0000000085500000|  0%| F|  |TAMS 0x0000000085400000, 0x0000000085400000| Untracked 
|  85|0x0000000085500000, 0x0000000085500000, 0x0000000085600000|  0%| F|  |TAMS 0x0000000085500000, 0x0000000085500000| Untracked 
|  86|0x0000000085600000, 0x0000000085600000, 0x0000000085700000|  0%| F|  |TAMS 0x0000000085600000, 0x0000000085600000| Untracked 
|  87|0x0000000085700000, 0x0000000085700000, 0x0000000085800000|  0%| F|  |TAMS 0x0000000085700000, 0x0000000085700000| Untracked 
|  88|0x0000000085800000, 0x0000000085800000, 0x0000000085900000|  0%| F|  |TAMS 0x0000000085800000, 0x0000000085800000| Untracked 
|  89|0x0000000085900000, 0x0000000085900000, 0x0000000085a00000|  0%| F|  |TAMS 0x0000000085900000, 0x0000000085900000| Untracked 
|  90|0x0000000085a00000, 0x0000000085a00000, 0x0000000085b00000|  0%| F|  |TAMS 0x0000000085a00000, 0x0000000085a00000| Untracked 
|  91|0x0000000085b00000, 0x0000000085b00000, 0x0000000085c00000|  0%| F|  |TAMS 0x0000000085b00000, 0x0000000085b00000| Untracked 
|  92|0x0000000085c00000, 0x0000000085c00000, 0x0000000085d00000|  0%| F|  |TAMS 0x0000000085c00000, 0x0000000085c00000| Untracked 
|  93|0x0000000085d00000, 0x0000000085d00000, 0x0000000085e00000|  0%| F|  |TAMS 0x0000000085d00000, 0x0000000085d00000| Untracked 
|  94|0x0000000085e00000, 0x0000000085e00000, 0x0000000085f00000|  0%| F|  |TAMS 0x0000000085e00000, 0x0000000085e00000| Untracked 
|  95|0x0000000085f00000, 0x0000000085f00000, 0x0000000086000000|  0%| F|  |TAMS 0x0000000085f00000, 0x0000000085f00000| Untracked 
|  96|0x0000000086000000, 0x0000000086000000, 0x0000000086100000|  0%| F|  |TAMS 0x0000000086000000, 0x0000000086000000| Untracked 
|  97|0x0000000086100000, 0x0000000086100000, 0x0000000086200000|  0%| F|  |TAMS 0x0000000086100000, 0x0000000086100000| Untracked 
|  98|0x0000000086200000, 0x0000000086200000, 0x0000000086300000|  0%| F|  |TAMS 0x0000000086200000, 0x0000000086200000| Untracked 
|  99|0x0000000086300000, 0x0000000086300000, 0x0000000086400000|  0%| F|  |TAMS 0x0000000086300000, 0x0000000086300000| Untracked 
| 100|0x0000000086400000, 0x0000000086400000, 0x0000000086500000|  0%| F|  |TAMS 0x0000000086400000, 0x0000000086400000| Untracked 
| 101|0x0000000086500000, 0x0000000086500000, 0x0000000086600000|  0%| F|  |TAMS 0x0000000086500000, 0x0000000086500000| Untracked 
| 102|0x0000000086600000, 0x0000000086600000, 0x0000000086700000|  0%| F|  |TAMS 0x0000000086600000, 0x0000000086600000| Untracked 
| 103|0x0000000086700000, 0x0000000086700000, 0x0000000086800000|  0%| F|  |TAMS 0x0000000086700000, 0x0000000086700000| Untracked 
| 104|0x0000000086800000, 0x0000000086800000, 0x0000000086900000|  0%| F|  |TAMS 0x0000000086800000, 0x0000000086800000| Untracked 
| 105|0x0000000086900000, 0x0000000086900000, 0x0000000086a00000|  0%| F|  |TAMS 0x0000000086900000, 0x0000000086900000| Untracked 
| 106|0x0000000086a00000, 0x0000000086a00000, 0x0000000086b00000|  0%| F|  |TAMS 0x0000000086a00000, 0x0000000086a00000| Untracked 
| 107|0x0000000086b00000, 0x0000000086b00000, 0x0000000086c00000|  0%| F|  |TAMS 0x0000000086b00000, 0x0000000086b00000| Untracked 
| 108|0x0000000086c00000, 0x0000000086c00000, 0x0000000086d00000|  0%| F|  |TAMS 0x0000000086c00000, 0x0000000086c00000| Untracked 
| 109|0x0000000086d00000, 0x0000000086d00000, 0x0000000086e00000|  0%| F|  |TAMS 0x0000000086d00000, 0x0000000086d00000| Untracked 
| 110|0x0000000086e00000, 0x0000000086e00000, 0x0000000086f00000|  0%| F|  |TAMS 0x0000000086e00000, 0x0000000086e00000| Untracked 
| 111|0x0000000086f00000, 0x0000000086f00000, 0x0000000087000000|  0%| F|  |TAMS 0x0000000086f00000, 0x0000000086f00000| Untracked 
| 112|0x0000000087000000, 0x0000000087000000, 0x0000000087100000|  0%| F|  |TAMS 0x0000000087000000, 0x0000000087000000| Untracked 
| 113|0x0000000087100000, 0x0000000087100000, 0x0000000087200000|  0%| F|  |TAMS 0x0000000087100000, 0x0000000087100000| Untracked 
| 114|0x0000000087200000, 0x0000000087200000, 0x0000000087300000|  0%| F|  |TAMS 0x0000000087200000, 0x0000000087200000| Untracked 
| 115|0x0000000087300000, 0x0000000087300000, 0x0000000087400000|  0%| F|  |TAMS 0x0000000087300000, 0x0000000087300000| Untracked 
| 116|0x0000000087400000, 0x0000000087400000, 0x0000000087500000|  0%| F|  |TAMS 0x0000000087400000, 0x0000000087400000| Untracked 
| 117|0x0000000087500000, 0x0000000087500000, 0x0000000087600000|  0%| F|  |TAMS 0x0000000087500000, 0x0000000087500000| Untracked 
| 118|0x0000000087600000, 0x0000000087600000, 0x0000000087700000|  0%| F|  |TAMS 0x0000000087600000, 0x0000000087600000| Untracked 
| 119|0x0000000087700000, 0x0000000087700000, 0x0000000087800000|  0%| F|  |TAMS 0x0000000087700000, 0x0000000087700000| Untracked 
| 120|0x0000000087800000, 0x0000000087800000, 0x0000000087900000|  0%| F|  |TAMS 0x0000000087800000, 0x0000000087800000| Untracked 
| 121|0x0000000087900000, 0x0000000087900000, 0x0000000087a00000|  0%| F|  |TAMS 0x0000000087900000, 0x0000000087900000| Untracked 
| 122|0x0000000087a00000, 0x0000000087a00000, 0x0000000087b00000|  0%| F|  |TAMS 0x0000000087a00000, 0x0000000087a00000| Untracked 
| 123|0x0000000087b00000, 0x0000000087b00000, 0x0000000087c00000|  0%| F|  |TAMS 0x0000000087b00000, 0x0000000087b00000| Untracked 
| 124|0x0000000087c00000, 0x0000000087c00000, 0x0000000087d00000|  0%| F|  |TAMS 0x0000000087c00000, 0x0000000087c00000| Untracked 
| 125|0x0000000087d00000, 0x0000000087d00000, 0x0000000087e00000|  0%| F|  |TAMS 0x0000000087d00000, 0x0000000087d00000| Untracked 
| 126|0x0000000087e00000, 0x0000000087e00000, 0x0000000087f00000|  0%| F|  |TAMS 0x0000000087e00000, 0x0000000087e00000| Untracked 
| 127|0x0000000087f00000, 0x0000000087f00000, 0x0000000088000000|  0%| F|  |TAMS 0x0000000087f00000, 0x0000000087f00000| Untracked 
| 128|0x0000000088000000, 0x0000000088000000, 0x0000000088100000|  0%| F|  |TAMS 0x0000000088000000, 0x0000000088000000| Untracked 
| 129|0x0000000088100000, 0x0000000088100000, 0x0000000088200000|  0%| F|  |TAMS 0x0000000088100000, 0x0000000088100000| Untracked 
| 130|0x0000000088200000, 0x0000000088200000, 0x0000000088300000|  0%| F|  |TAMS 0x0000000088200000, 0x0000000088200000| Untracked 
| 131|0x0000000088300000, 0x0000000088300000, 0x0000000088400000|  0%| F|  |TAMS 0x0000000088300000, 0x0000000088300000| Untracked 
| 132|0x0000000088400000, 0x0000000088400000, 0x0000000088500000|  0%| F|  |TAMS 0x0000000088400000, 0x0000000088400000| Untracked 
| 133|0x0000000088500000, 0x0000000088500000, 0x0000000088600000|  0%| F|  |TAMS 0x0000000088500000, 0x0000000088500000| Untracked 
| 134|0x0000000088600000, 0x0000000088600000, 0x0000000088700000|  0%| F|  |TAMS 0x0000000088600000, 0x0000000088600000| Untracked 
| 135|0x0000000088700000, 0x0000000088700000, 0x0000000088800000|  0%| F|  |TAMS 0x0000000088700000, 0x0000000088700000| Untracked 
| 136|0x0000000088800000, 0x0000000088800000, 0x0000000088900000|  0%| F|  |TAMS 0x0000000088800000, 0x0000000088800000| Untracked 
| 137|0x0000000088900000, 0x0000000088900000, 0x0000000088a00000|  0%| F|  |TAMS 0x0000000088900000, 0x0000000088900000| Untracked 
| 138|0x0000000088a00000, 0x0000000088a00000, 0x0000000088b00000|  0%| F|  |TAMS 0x0000000088a00000, 0x0000000088a00000| Untracked 
| 139|0x0000000088b00000, 0x0000000088b00000, 0x0000000088c00000|  0%| F|  |TAMS 0x0000000088b00000, 0x0000000088b00000| Untracked 
| 140|0x0000000088c00000, 0x0000000088c00000, 0x0000000088d00000|  0%| F|  |TAMS 0x0000000088c00000, 0x0000000088c00000| Untracked 
| 141|0x0000000088d00000, 0x0000000088d00000, 0x0000000088e00000|  0%| F|  |TAMS 0x0000000088d00000, 0x0000000088d00000| Untracked 
| 142|0x0000000088e00000, 0x0000000088e00000, 0x0000000088f00000|  0%| F|  |TAMS 0x0000000088e00000, 0x0000000088e00000| Untracked 
| 143|0x0000000088f00000, 0x0000000088f00000, 0x0000000089000000|  0%| F|  |TAMS 0x0000000088f00000, 0x0000000088f00000| Untracked 
| 144|0x0000000089000000, 0x0000000089100000, 0x0000000089100000|100%| E|  |TAMS 0x0000000089000000, 0x0000000089000000| Complete 
| 145|0x0000000089100000, 0x0000000089200000, 0x0000000089200000|100%| E|CS|TAMS 0x0000000089100000, 0x0000000089100000| Complete 
| 146|0x0000000089200000, 0x0000000089300000, 0x0000000089300000|100%| E|CS|TAMS 0x0000000089200000, 0x0000000089200000| Complete 
| 147|0x0000000089300000, 0x0000000089400000, 0x0000000089400000|100%| E|CS|TAMS 0x0000000089300000, 0x0000000089300000| Complete 
| 148|0x0000000089400000, 0x0000000089500000, 0x0000000089500000|100%| E|CS|TAMS 0x0000000089400000, 0x0000000089400000| Complete 
| 149|0x0000000089500000, 0x0000000089600000, 0x0000000089600000|100%| E|CS|TAMS 0x0000000089500000, 0x0000000089500000| Complete 
| 150|0x0000000089600000, 0x0000000089700000, 0x0000000089700000|100%| E|CS|TAMS 0x0000000089600000, 0x0000000089600000| Complete 
| 151|0x0000000089700000, 0x0000000089800000, 0x0000000089800000|100%| E|CS|TAMS 0x0000000089700000, 0x0000000089700000| Complete 
| 152|0x0000000089800000, 0x0000000089900000, 0x0000000089900000|100%| E|CS|TAMS 0x0000000089800000, 0x0000000089800000| Complete 
| 153|0x0000000089900000, 0x0000000089a00000, 0x0000000089a00000|100%| E|CS|TAMS 0x0000000089900000, 0x0000000089900000| Complete 
| 154|0x0000000089a00000, 0x0000000089b00000, 0x0000000089b00000|100%| E|CS|TAMS 0x0000000089a00000, 0x0000000089a00000| Complete 
| 155|0x0000000089b00000, 0x0000000089c00000, 0x0000000089c00000|100%| E|CS|TAMS 0x0000000089b00000, 0x0000000089b00000| Complete 
| 156|0x0000000089c00000, 0x0000000089d00000, 0x0000000089d00000|100%| E|CS|TAMS 0x0000000089c00000, 0x0000000089c00000| Complete 
| 157|0x0000000089d00000, 0x0000000089e00000, 0x0000000089e00000|100%| E|CS|TAMS 0x0000000089d00000, 0x0000000089d00000| Complete 
| 158|0x0000000089e00000, 0x0000000089f00000, 0x0000000089f00000|100%| E|CS|TAMS 0x0000000089e00000, 0x0000000089e00000| Complete 
| 159|0x0000000089f00000, 0x000000008a000000, 0x000000008a000000|100%| E|CS|TAMS 0x0000000089f00000, 0x0000000089f00000| Complete 

Card table byte_map: [0x000001a6a03e0000,0x000001a6a07e0000] _byte_map_base: 0x000001a69ffe0000

Marking Bits (Prev, Next): (CMBitMap*) 0x000001a68922f250, (CMBitMap*) 0x000001a68922f290
 Prev Bits: [0x000001a6a0be0000, 0x000001a6a2be0000)
 Next Bits: [0x000001a6a2be0000, 0x000001a6a4be0000)

Polling page: 0x000001a687190000

Metaspace:

Usage:
  Non-class:     28.92 MB used.
      Class:      4.63 MB used.
       Both:     33.55 MB used.

Virtual space:
  Non-class space:       64.00 MB reserved,      29.12 MB ( 46%) committed,  1 nodes.
      Class space:      416.00 MB reserved,       4.81 MB (  1%) committed,  1 nodes.
             Both:      480.00 MB reserved,      33.94 MB (  7%) committed. 

Chunk freelists:
   Non-Class:  1.97 MB
       Class:  11.14 MB
        Both:  13.11 MB

MaxMetaspaceSize: 512.00 MB
CompressedClassSpaceSize: 416.00 MB
Initial GC threshold: 21.00 MB
Current GC threshold: 49.94 MB
CDS: on
MetaspaceReclaimPolicy: balanced
 - commit_granule_bytes: 65536.
 - commit_granule_words: 8192.
 - virtual_space_node_default_size: 8388608.
 - enlarge_chunks_in_place: 1.
 - new_chunks_are_fully_committed: 0.
 - uncommit_free_chunks: 1.
 - use_allocation_guard: 0.
 - handle_deallocations: 1.


Internal statistics:

num_allocs_failed_limit: 9.
num_arena_births: 348.
num_arena_deaths: 0.
num_vsnodes_births: 2.
num_vsnodes_deaths: 0.
num_space_committed: 543.
num_space_uncommitted: 0.
num_chunks_returned_to_freelist: 9.
num_chunks_taken_from_freelist: 1530.
num_chunk_merges: 9.
num_chunk_splits: 1068.
num_chunks_enlarged: 786.
num_inconsistent_stats: 0.

CodeHeap 'non-profiled nmethods': size=120000Kb used=2370Kb max_used=2370Kb free=117629Kb
 bounds [0x000001a698560000, 0x000001a6987d0000, 0x000001a69fa90000]
CodeHeap 'profiled nmethods': size=120000Kb used=9002Kb max_used=9002Kb free=110997Kb
 bounds [0x000001a690a90000, 0x000001a691360000, 0x000001a697fc0000]
CodeHeap 'non-nmethods': size=5760Kb used=2291Kb max_used=2331Kb free=3468Kb
 bounds [0x000001a697fc0000, 0x000001a698230000, 0x000001a698560000]
 total_blobs=5166 nmethods=4370 adapters=708
 compilation: enabled
              stopped_count=0, restarted_count=0
 full_count=0

Compilation events (20 events):
Event: 187.399 Thread 0x000001a6a78076f0 nmethod 4379 0x000001a69134e210 code [0x000001a69134e3c0, 0x000001a69134e658]
Event: 187.399 Thread 0x000001a6a78076f0 4380       3       org.objectweb.asm.Frame::setLocal (65 bytes)
Event: 187.399 Thread 0x000001a6a78076f0 nmethod 4380 0x000001a69134e790 code [0x000001a69134e960, 0x000001a69134ee88]
Event: 187.399 Thread 0x000001a6a78076f0 4376       3       org.gradle.internal.instantiation.generator.AbstractClassGenerator$PropertyMetadata::addGetter (129 bytes)
Event: 187.400 Thread 0x000001a6a78076f0 nmethod 4376 0x000001a69134f090 code [0x000001a69134f360, 0x000001a691350508]
Event: 187.401 Thread 0x000001a6a78076f0 4381       3       jdk.internal.reflect.AccessorGenerator::sub (5 bytes)
Event: 187.401 Thread 0x000001a6a78076f0 nmethod 4381 0x000001a691350910 code [0x000001a691350aa0, 0x000001a691350b98]
Event: 187.401 Thread 0x000001a6a78076f0 4382       3       jdk.internal.reflect.ClassFileAssembler::setStack (25 bytes)
Event: 187.401 Thread 0x000001a6a78076f0 nmethod 4382 0x000001a691350c10 code [0x000001a691350da0, 0x000001a691350ef8]
Event: 187.404 Thread 0x000001a6a78076f0 4383       3       org.gradle.internal.service.DefaultServiceRegistry$SingletonService::<init> (26 bytes)
Event: 187.404 Thread 0x000001a6a78076f0 nmethod 4383 0x000001a691350f90 code [0x000001a6913511a0, 0x000001a6913519a8]
Event: 187.404 Thread 0x000001a6a78076f0 4384       3       org.gradle.internal.service.DefaultServiceRegistry$ManagedObjectServiceProvider::<init> (21 bytes)
Event: 187.405 Thread 0x000001a6a78076f0 nmethod 4384 0x000001a691351c10 code [0x000001a691351e00, 0x000001a6913523d8]
Event: 187.406 Thread 0x000001a6a7806c40 4385 %     4       java.util.regex.Matcher::search @ 46 (154 bytes)
Event: 187.406 Thread 0x000001a6a78076f0 4386       3       org.gradle.model.internal.asm.MethodVisitorScope::_ARETURN (8 bytes)
Event: 187.407 Thread 0x000001a6a78076f0 nmethod 4386 0x000001a691352590 code [0x000001a691352740, 0x000001a6913529a8]
Event: 187.407 Thread 0x000001a6a78076f0 4387       3       org.gradle.model.internal.asm.MethodVisitorScope::emit (11 bytes)
Event: 187.407 Thread 0x000001a6a78076f0 nmethod 4387 0x000001a691352a90 code [0x000001a691352c40, 0x000001a691352e28]
Event: 187.407 Thread 0x000001a6a78076f0 4389       3       org.gradle.model.internal.asm.MethodVisitorScope::_CHECKCAST (9 bytes)
Event: 187.407 Thread 0x000001a6a78076f0 nmethod 4389 0x000001a691352f10 code [0x000001a6913530e0, 0x000001a691353478]

GC Heap History (12 events):
Event: 1.014 GC heap before
{Heap before GC invocations=0 (full 0):
 garbage-first heap   total 120832K, used 26624K [0x0000000080000000, 0x0000000100000000)
  region size 1024K, 23 young (23552K), 0 survivors (0K)
 Metaspace       used 3017K, committed 3136K, reserved 491520K
  class space    used 388K, committed 448K, reserved 425984K
}
Event: 1.159 GC heap after
{Heap after GC invocations=1 (full 0):
 garbage-first heap   total 120832K, used 10520K [0x0000000080000000, 0x0000000100000000)
  region size 1024K, 3 young (3072K), 3 survivors (3072K)
 Metaspace       used 3017K, committed 3136K, reserved 491520K
  class space    used 388K, committed 448K, reserved 425984K
}
Event: 1.736 GC heap before
{Heap before GC invocations=1 (full 0):
 garbage-first heap   total 120832K, used 38168K [0x0000000080000000, 0x0000000100000000)
  region size 1024K, 30 young (30720K), 3 survivors (3072K)
 Metaspace       used 3987K, committed 4160K, reserved 491520K
  class space    used 492K, committed 576K, reserved 425984K
}
Event: 1.740 GC heap after
{Heap after GC invocations=2 (full 0):
 garbage-first heap   total 120832K, used 11425K [0x0000000080000000, 0x0000000100000000)
  region size 1024K, 1 young (1024K), 1 survivors (1024K)
 Metaspace       used 3987K, committed 4160K, reserved 491520K
  class space    used 492K, committed 576K, reserved 425984K
}
Event: 6.238 GC heap before
{Heap before GC invocations=2 (full 0):
 garbage-first heap   total 120832K, used 82081K [0x0000000080000000, 0x0000000100000000)
  region size 1024K, 70 young (71680K), 1 survivors (1024K)
 Metaspace       used 14827K, committed 15104K, reserved 491520K
  class space    used 2075K, committed 2240K, reserved 425984K
}
Event: 6.519 GC heap after
{Heap after GC invocations=3 (full 0):
 garbage-first heap   total 120832K, used 20062K [0x0000000080000000, 0x0000000100000000)
  region size 1024K, 9 young (9216K), 9 survivors (9216K)
 Metaspace       used 14827K, committed 15104K, reserved 491520K
  class space    used 2075K, committed 2240K, reserved 425984K
}
Event: 8.492 GC heap before
{Heap before GC invocations=3 (full 0):
 garbage-first heap   total 120832K, used 69214K [0x0000000080000000, 0x0000000100000000)
  region size 1024K, 58 young (59392K), 9 survivors (9216K)
 Metaspace       used 21239K, committed 21504K, reserved 491520K
  class space    used 3126K, committed 3264K, reserved 425984K
}
Event: 8.497 GC heap after
{Heap after GC invocations=4 (full 0):
 garbage-first heap   total 120832K, used 23164K [0x0000000080000000, 0x0000000100000000)
  region size 1024K, 3 young (3072K), 3 survivors (3072K)
 Metaspace       used 21239K, committed 21504K, reserved 491520K
  class space    used 3126K, committed 3264K, reserved 425984K
}
Event: 10.332 GC heap before
{Heap before GC invocations=5 (full 0):
 garbage-first heap   total 102400K, used 80508K [0x0000000080000000, 0x0000000100000000)
  region size 1024K, 60 young (61440K), 3 survivors (3072K)
 Metaspace       used 30378K, committed 30656K, reserved 491520K
  class space    used 4272K, committed 4416K, reserved 425984K
}
Event: 10.338 GC heap after
{Heap after GC invocations=6 (full 0):
 garbage-first heap   total 102400K, used 28092K [0x0000000080000000, 0x0000000100000000)
  region size 1024K, 8 young (8192K), 8 survivors (8192K)
 Metaspace       used 30378K, committed 30656K, reserved 491520K
  class space    used 4272K, committed 4416K, reserved 425984K
}
Event: 112.745 GC heap before
{Heap before GC invocations=7 (full 0):
 garbage-first heap   total 99328K, used 78268K [0x0000000080000000, 0x0000000100000000)
  region size 1024K, 53 young (54272K), 8 survivors (8192K)
 Metaspace       used 33303K, committed 33728K, reserved 491520K
  class space    used 4598K, committed 4800K, reserved 425984K
}
Event: 113.413 GC heap after
{Heap after GC invocations=8 (full 0):
 garbage-first heap   total 163840K, used 29935K [0x0000000080000000, 0x0000000100000000)
  region size 1024K, 3 young (3072K), 3 survivors (3072K)
 Metaspace       used 33303K, committed 33728K, reserved 491520K
  class space    used 4598K, committed 4800K, reserved 425984K
}

Deoptimization events (20 events):
Event: 174.824 Thread 0x000001a6c7d08100 Uncommon trap: trap_request=0xffffffbe fr.pc=0x000001a6987aaecc relative=0x000000000000306c
Event: 174.824 Thread 0x000001a6c7d08100 Uncommon trap: reason=profile_predicate action=maybe_recompile pc=0x000001a6987aaecc method=java.util.AbstractCollection.addAll(Ljava/util/Collection;)Z @ 15 c2
Event: 174.824 Thread 0x000001a6c7d08100 DEOPT PACKING pc=0x000001a6987aaecc sp=0x0000007aafbfea40
Event: 174.829 Thread 0x000001a6c7d08100 DEOPT UNPACKING pc=0x000001a6980123a3 sp=0x0000007aafbfea38 mode 2
Event: 174.829 Thread 0x000001a6c7d08100 Uncommon trap: trap_request=0xffffffbe fr.pc=0x000001a6987aaecc relative=0x000000000000306c
Event: 174.829 Thread 0x000001a6c7d08100 Uncommon trap: reason=profile_predicate action=maybe_recompile pc=0x000001a6987aaecc method=java.util.AbstractCollection.addAll(Ljava/util/Collection;)Z @ 15 c2
Event: 174.829 Thread 0x000001a6c7d08100 DEOPT PACKING pc=0x000001a6987aaecc sp=0x0000007aafbfea40
Event: 174.829 Thread 0x000001a6c7d08100 DEOPT UNPACKING pc=0x000001a6980123a3 sp=0x0000007aafbfea38 mode 2
Event: 183.236 Thread 0x000001a6c83934e0 Uncommon trap: trap_request=0xffffffbe fr.pc=0x000001a6987aaecc relative=0x000000000000306c
Event: 183.236 Thread 0x000001a6c83934e0 Uncommon trap: reason=profile_predicate action=maybe_recompile pc=0x000001a6987aaecc method=java.util.AbstractCollection.addAll(Ljava/util/Collection;)Z @ 15 c2
Event: 183.237 Thread 0x000001a6c83934e0 DEOPT PACKING pc=0x000001a6987aaecc sp=0x0000007aafff7e00
Event: 183.237 Thread 0x000001a6c83934e0 DEOPT UNPACKING pc=0x000001a6980123a3 sp=0x0000007aafff7df8 mode 2
Event: 183.246 Thread 0x000001a6c83934e0 Uncommon trap: trap_request=0xffffffbe fr.pc=0x000001a6987aaecc relative=0x000000000000306c
Event: 183.246 Thread 0x000001a6c83934e0 Uncommon trap: reason=profile_predicate action=maybe_recompile pc=0x000001a6987aaecc method=java.util.AbstractCollection.addAll(Ljava/util/Collection;)Z @ 15 c2
Event: 183.246 Thread 0x000001a6c83934e0 DEOPT PACKING pc=0x000001a6987aaecc sp=0x0000007aafff7e00
Event: 183.246 Thread 0x000001a6c83934e0 DEOPT UNPACKING pc=0x000001a6980123a3 sp=0x0000007aafff7df8 mode 2
Event: 186.671 Thread 0x000001a6c83934e0 Uncommon trap: trap_request=0xffffff45 fr.pc=0x000001a698671b44 relative=0x0000000000006664
Event: 186.671 Thread 0x000001a6c83934e0 Uncommon trap: reason=unstable_if action=reinterpret pc=0x000001a698671b44 method=jdk.internal.org.objectweb.asm.SymbolTable.addType(Ljava/lang/String;)I @ 33 c2
Event: 186.671 Thread 0x000001a6c83934e0 DEOPT PACKING pc=0x000001a698671b44 sp=0x0000007aafff76e0
Event: 186.676 Thread 0x000001a6c83934e0 DEOPT UNPACKING pc=0x000001a6980123a3 sp=0x0000007aafff7608 mode 2

Classes unloaded (0 events):
No events

Classes redefined (0 events):
No events

Internal exceptions (20 events):
Event: 121.752 Thread 0x000001a6c83934e0 Exception <a 'java/lang/ClassNotFoundException'{0x00000000899827c0}: org/gradle/api/internal/provider/DefaultProviderFactory_DecoratedCustomizer> (0x00000000899827c0) 
thrown [s\open\src\hotspot\share\classfile\systemDictionary.cpp, line 256]
Event: 149.134 Thread 0x000001a6c83934e0 Exception <a 'java/lang/NoSuchMethodError'{0x00000000897babe0}: 'java.lang.Object java.lang.invoke.DirectMethodHandle$Holder.newInvokeSpecial(java.lang.Object, java.lang.Object, java.lang.Object, java.lang.Object, int)'> (0x00000000897babe0) 
thrown [s\open\src\hotspot\share\interpreter\linkResolver.cpp, line 759]
Event: 149.170 Thread 0x000001a6c83934e0 Exception <a 'java/lang/NoSuchMethodError'{0x00000000897c01b0}: 'java.lang.Object java.lang.invoke.DirectMethodHandle$Holder.invokeSpecial(java.lang.Object, java.lang.Object, java.lang.Object, java.lang.Object, java.lang.Object, int)'> (0x00000000897c01b0) 
thrown [s\open\src\hotspot\share\interpreter\linkResolver.cpp, line 759]
Event: 149.172 Thread 0x000001a6c83934e0 Exception <a 'java/lang/NoSuchMethodError'{0x00000000897c4e88}: 'java.lang.Object java.lang.invoke.Invokers$Holder.linkToTargetMethod(java.lang.Object, java.lang.Object, java.lang.Object, int, java.lang.Object)'> (0x00000000897c4e88) 
thrown [s\open\src\hotspot\share\interpreter\linkResolver.cpp, line 759]
Event: 159.029 Thread 0x000001a6c83934e0 Exception <a 'java/lang/ClassNotFoundException'{0x00000000895324b8}: org/gradle/internal/metaobject/ConfigureDelegateBeanInfo> (0x00000000895324b8) 
thrown [s\open\src\hotspot\share\classfile\systemDictionary.cpp, line 256]
Event: 160.569 Thread 0x000001a6c83934e0 Exception <a 'java/lang/ClassNotFoundException'{0x0000000089544868}: org/gradle/internal/metaobject/ConfigureDelegateCustomizer> (0x0000000089544868) 
thrown [s\open\src\hotspot\share\classfile\systemDictionary.cpp, line 256]
Event: 172.908 Thread 0x000001a6c83934e0 Exception <a 'java/lang/ClassNotFoundException'{0x0000000089496448}: org/gradle/api/internal/provider/sources/process/ProviderCompatibleExecSpec_DecoratedBeanInfo> (0x0000000089496448) 
thrown [s\open\src\hotspot\share\classfile\systemDictionary.cpp, line 256]
Event: 172.909 Thread 0x000001a6c83934e0 Exception <a 'java/lang/ClassNotFoundException'{0x00000000894ab078}: org/gradle/api/internal/provider/sources/process/ProviderCompatibleExecSpecBeanInfo> (0x00000000894ab078) 
thrown [s\open\src\hotspot\share\classfile\systemDictionary.cpp, line 256]
Event: 172.910 Thread 0x000001a6c83934e0 Exception <a 'java/lang/ClassNotFoundException'{0x00000000894bfb08}: org/gradle/api/internal/provider/sources/process/ProviderCompatibleBaseExecSpecBeanInfo> (0x00000000894bfb08) 
thrown [s\open\src\hotspot\share\classfile\systemDictionary.cpp, line 256]
Event: 172.911 Thread 0x000001a6c83934e0 Exception <a 'java/lang/ClassNotFoundException'{0x00000000894d45c0}: org/gradle/api/internal/provider/sources/process/ProviderCompatibleBaseExecSpecCustomizer> (0x00000000894d45c0) 
thrown [s\open\src\hotspot\share\classfile\systemDictionary.cpp, line 256]
Event: 172.913 Thread 0x000001a6c83934e0 Exception <a 'java/lang/ClassNotFoundException'{0x00000000894fa900}: org/gradle/api/internal/provider/sources/process/ProviderCompatibleExecSpecCustomizer> (0x00000000894fa900) 
thrown [s\open\src\hotspot\share\classfile\systemDictionary.cpp, line 256]
Event: 172.917 Thread 0x000001a6c83934e0 Exception <a 'java/lang/ClassNotFoundException'{0x0000000089328f78}: org/gradle/api/internal/provider/sources/process/ProviderCompatibleExecSpec_DecoratedCustomizer> (0x0000000089328f78) 
thrown [s\open\src\hotspot\share\classfile\systemDictionary.cpp, line 256]
Event: 183.234 Thread 0x000001a6c83934e0 Exception <a 'java/lang/ClassNotFoundException'{0x0000000089270150}: org/gradle/api/internal/provider/sources/process/DefaultExecOutputBeanInfo> (0x0000000089270150) 
thrown [s\open\src\hotspot\share\classfile\systemDictionary.cpp, line 256]
Event: 183.235 Thread 0x000001a6c83934e0 Exception <a 'java/lang/ClassNotFoundException'{0x0000000089282bf0}: org/gradle/api/internal/provider/sources/process/DefaultExecOutputCustomizer> (0x0000000089282bf0) 
thrown [s\open\src\hotspot\share\classfile\systemDictionary.cpp, line 256]
Event: 183.244 Thread 0x000001a6c83934e0 Exception <a 'java/lang/ClassNotFoundException'{0x00000000892b9e48}: org/gradle/api/internal/provider/sources/process/DefaultExecOutput$DefaultStandardStreamContentBeanInfo> (0x00000000892b9e48) 
thrown [s\open\src\hotspot\share\classfile\systemDictionary.cpp, line 256]
Event: 183.244 Thread 0x000001a6c83934e0 Exception <a 'java/lang/ClassNotFoundException'{0x00000000892cced8}: org/gradle/api/internal/provider/sources/process/DefaultExecOutput$DefaultStandardStreamContentCustomizer> (0x00000000892cced8) 
thrown [s\open\src\hotspot\share\classfile\systemDictionary.cpp, line 256]
Event: 186.499 Thread 0x000001a6c83934e0 Exception <a 'java/lang/ClassNotFoundException'{0x000000008913e358}: org/gradle/api/internal/provider/TransformBackedProviderBeanInfo> (0x000000008913e358) 
thrown [s\open\src\hotspot\share\classfile\systemDictionary.cpp, line 256]
Event: 186.501 Thread 0x000001a6c83934e0 Exception <a 'java/lang/ClassNotFoundException'{0x000000008916db10}: org/gradle/api/internal/provider/AbstractMinimalProviderBeanInfo> (0x000000008916db10) 
thrown [s\open\src\hotspot\share\classfile\systemDictionary.cpp, line 256]
Event: 186.503 Thread 0x000001a6c83934e0 Exception <a 'java/lang/ClassNotFoundException'{0x0000000089180040}: org/gradle/api/internal/provider/AbstractMinimalProviderCustomizer> (0x0000000089180040) 
thrown [s\open\src\hotspot\share\classfile\systemDictionary.cpp, line 256]
Event: 186.537 Thread 0x000001a6c83934e0 Exception <a 'java/lang/ClassNotFoundException'{0x00000000891ae9e8}: org/gradle/api/internal/provider/TransformBackedProviderCustomizer> (0x00000000891ae9e8) 
thrown [s\open\src\hotspot\share\classfile\systemDictionary.cpp, line 256]

VM Operations (20 events):
Event: 159.153 Executing VM operation: Cleanup
Event: 159.777 Executing VM operation: Cleanup done
Event: 160.786 Executing VM operation: Cleanup
Event: 161.365 Executing VM operation: Cleanup done
Event: 162.368 Executing VM operation: Cleanup
Event: 162.435 Executing VM operation: Cleanup done
Event: 166.471 Executing VM operation: Cleanup
Event: 167.511 Executing VM operation: Cleanup done
Event: 172.564 Executing VM operation: Cleanup
Event: 172.627 Executing VM operation: Cleanup done
Event: 173.636 Executing VM operation: Cleanup
Event: 174.824 Executing VM operation: Cleanup done
Event: 175.825 Executing VM operation: Cleanup
Event: 176.849 Executing VM operation: Cleanup done
Event: 181.895 Executing VM operation: Cleanup
Event: 181.911 Executing VM operation: Cleanup done
Event: 183.426 Executing VM operation: Cleanup
Event: 184.028 Executing VM operation: Cleanup done
Event: 187.064 Executing VM operation: Cleanup
Event: 187.160 Executing VM operation: Cleanup done

Events (20 events):
Event: 114.014 loading class java/util/AbstractMapCustomizer done
Event: 114.014 loading class java/util/AbstractMapCustomizer
Event: 114.014 loading class java/util/AbstractMapCustomizer done
Event: 114.022 loading class java/util/HashMapCustomizer
Event: 114.022 loading class java/util/HashMapCustomizer done
Event: 114.022 loading class java/util/HashMapCustomizer
Event: 114.022 loading class java/util/HashMapCustomizer done
Event: 164.099 Thread 0x000001a6c8396270 Thread exited: 0x000001a6c8396270
Event: 170.441 loading class java/util/function/IntBinaryOperator
Event: 171.865 loading class java/util/function/IntBinaryOperator done
Event: 173.017 loading class java/util/ArrayList$SubList$1
Event: 173.019 loading class java/util/ArrayList$SubList$1 done
Event: 183.244 loading class sun/reflect/generics/tree/ByteSignature
Event: 183.245 loading class sun/reflect/generics/tree/ByteSignature done
Event: 187.399 loading class sun/reflect/ReflectionFactory
Event: 187.400 loading class sun/reflect/ReflectionFactory done
Event: 187.400 loading class sun/reflect/ReflectionFactory$1
Event: 187.400 loading class sun/reflect/ReflectionFactory$1 done
Event: 187.401 loading class jdk/internal/reflect/SerializationConstructorAccessorImpl
Event: 187.401 loading class jdk/internal/reflect/SerializationConstructorAccessorImpl done


Dynamic libraries:
0x00007ff7a08d0000 - 0x00007ff7a08e0000 	C:\Program Files\Java\jdk-17\bin\java.exe
0x00007ffbccf30000 - 0x00007ffbcd144000 	C:\WINDOWS\SYSTEM32\ntdll.dll
0x00007ffbcb640000 - 0x00007ffbcb702000 	C:\WINDOWS\System32\KERNEL32.DLL
0x00007ffbca600000 - 0x00007ffbca9a3000 	C:\WINDOWS\System32\KERNELBASE.dll
0x00007ffbcabf0000 - 0x00007ffbcad01000 	C:\WINDOWS\System32\ucrtbase.dll
0x00007ffb998e0000 - 0x00007ffb998f9000 	C:\Program Files\Java\jdk-17\bin\jli.dll
0x00007ffb998c0000 - 0x00007ffb998db000 	C:\Program Files\Java\jdk-17\bin\VCRUNTIME140.dll
0x00007ffbcb570000 - 0x00007ffbcb61e000 	C:\WINDOWS\System32\ADVAPI32.dll
0x00007ffbcb8b0000 - 0x00007ffbcb957000 	C:\WINDOWS\System32\msvcrt.dll
0x00007ffbcae90000 - 0x00007ffbcaf34000 	C:\WINDOWS\System32\sechost.dll
0x00007ffbcc5d0000 - 0x00007ffbcc6e7000 	C:\WINDOWS\System32\RPCRT4.dll
0x00007ffbcbc10000 - 0x00007ffbcbdba000 	C:\WINDOWS\System32\USER32.dll
0x00007ffbb1850000 - 0x00007ffbb1ade000 	C:\WINDOWS\WinSxS\amd64_microsoft.windows.common-controls_6595b64144ccf1df_6.0.22621.1635_none_270f70857386168e\COMCTL32.dll
0x00007ffbcab50000 - 0x00007ffbcab76000 	C:\WINDOWS\System32\win32u.dll
0x00007ffbcb400000 - 0x00007ffbcb429000 	C:\WINDOWS\System32\GDI32.dll
0x00007ffbcaa30000 - 0x00007ffbcab49000 	C:\WINDOWS\System32\gdi32full.dll
0x00007ffbca560000 - 0x00007ffbca5fa000 	C:\WINDOWS\System32\msvcp_win.dll
0x00007ffbc0e00000 - 0x00007ffbc0e0a000 	C:\WINDOWS\SYSTEM32\VERSION.dll
0x00007ffbcb710000 - 0x00007ffbcb741000 	C:\WINDOWS\System32\IMM32.DLL
0x00007ffb99830000 - 0x00007ffb9983c000 	C:\Program Files\Java\jdk-17\bin\vcruntime140_1.dll
0x00007ffb7e5d0000 - 0x00007ffb7e65e000 	C:\Program Files\Java\jdk-17\bin\msvcp140.dll
0x00007ffb3bf20000 - 0x00007ffb3cb00000 	C:\Program Files\Java\jdk-17\bin\server\jvm.dll
0x00007ffbcb430000 - 0x00007ffbcb438000 	C:\WINDOWS\System32\PSAPI.DLL
0x00007ffbb42a0000 - 0x00007ffbb42a9000 	C:\WINDOWS\SYSTEM32\WSOCK32.dll
0x00007ffbcae10000 - 0x00007ffbcae81000 	C:\WINDOWS\System32\WS2_32.dll
0x00007ffbbf240000 - 0x00007ffbbf274000 	C:\WINDOWS\SYSTEM32\WINMM.dll
0x00007ffbc9460000 - 0x00007ffbc9478000 	C:\WINDOWS\SYSTEM32\kernel.appcore.dll
0x00007ffb99820000 - 0x00007ffb9982a000 	C:\Program Files\Java\jdk-17\bin\jimage.dll
0x00007ffbbd1c0000 - 0x00007ffbbd3ee000 	C:\WINDOWS\SYSTEM32\DBGHELP.DLL
0x00007ffbcc240000 - 0x00007ffbcc5c9000 	C:\WINDOWS\System32\combase.dll
0x00007ffbcb320000 - 0x00007ffbcb3f7000 	C:\WINDOWS\System32\OLEAUT32.dll
0x00007ffbb4d60000 - 0x00007ffbb4d92000 	C:\WINDOWS\SYSTEM32\dbgcore.DLL
0x00007ffbca9b0000 - 0x00007ffbcaa2a000 	C:\WINDOWS\System32\bcryptPrimitives.dll
0x00007ffb3f280000 - 0x00007ffb3f28e000 	C:\Program Files\Java\jdk-17\bin\instrument.dll
0x00007ffb7ecd0000 - 0x00007ffb7ecf5000 	C:\Program Files\Java\jdk-17\bin\java.dll
0x00007ffb3f2a0000 - 0x00007ffb3f377000 	C:\Program Files\Java\jdk-17\bin\jsvml.dll
0x00007ffbcc6f0000 - 0x00007ffbccee9000 	C:\WINDOWS\System32\SHELL32.dll
0x00007ffbc8270000 - 0x00007ffbc8b3e000 	C:\WINDOWS\SYSTEM32\windows.storage.dll
0x00007ffbc8100000 - 0x00007ffbc823e000 	C:\WINDOWS\SYSTEM32\wintypes.dll
0x00007ffbcafc0000 - 0x00007ffbcb0b1000 	C:\WINDOWS\System32\SHCORE.dll
0x00007ffbcb840000 - 0x00007ffbcb89e000 	C:\WINDOWS\System32\shlwapi.dll
0x00007ffbca260000 - 0x00007ffbca286000 	C:\WINDOWS\SYSTEM32\profapi.dll
0x00007ffb7e590000 - 0x00007ffb7e5a8000 	C:\Program Files\Java\jdk-17\bin\zip.dll
0x00007ffb7ecb0000 - 0x00007ffb7ecc9000 	C:\Program Files\Java\jdk-17\bin\net.dll
0x00007ffbc4dc0000 - 0x00007ffbc4ef7000 	C:\WINDOWS\SYSTEM32\WINHTTP.dll
0x00007ffbc98e0000 - 0x00007ffbc9949000 	C:\WINDOWS\system32\mswsock.dll
0x00007ffb7e5b0000 - 0x00007ffb7e5c6000 	C:\Program Files\Java\jdk-17\bin\nio.dll
0x00007ffb7e580000 - 0x00007ffb7e590000 	C:\Program Files\Java\jdk-17\bin\verify.dll
0x00007ffb7e550000 - 0x00007ffb7e577000 	C:\Users\aluno.saolucas\.gradle\native\c067742578af261105cb4f569cf0c3c89f3d7b1fecec35dd04571415982c5e48\windows-amd64\native-platform.dll
0x00007ffb3e3d0000 - 0x00007ffb3e514000 	C:\Users\aluno.saolucas\.gradle\native\38dada09dfb8b06ba9b0570ebf7e218e3eb74d4ef43ca46872605cf95ebc2f47\windows-amd64\native-platform-file-events.dll
0x00007ffb53f10000 - 0x00007ffb53f1a000 	C:\Program Files\Java\jdk-17\bin\management.dll
0x00007ffb3f290000 - 0x00007ffb3f29b000 	C:\Program Files\Java\jdk-17\bin\management_ext.dll
0x00007ffbc9b40000 - 0x00007ffbc9b5b000 	C:\WINDOWS\SYSTEM32\CRYPTSP.dll
0x00007ffbc93d0000 - 0x00007ffbc9405000 	C:\WINDOWS\system32\rsaenh.dll
0x00007ffbc99e0000 - 0x00007ffbc9a0c000 	C:\WINDOWS\SYSTEM32\USERENV.dll
0x00007ffbc9cd0000 - 0x00007ffbc9cf8000 	C:\WINDOWS\SYSTEM32\bcrypt.dll
0x00007ffbc9b60000 - 0x00007ffbc9b6c000 	C:\WINDOWS\SYSTEM32\CRYPTBASE.dll
0x00007ffbc8c60000 - 0x00007ffbc8c8d000 	C:\WINDOWS\SYSTEM32\IPHLPAPI.DLL
0x00007ffbcafb0000 - 0x00007ffbcafb9000 	C:\WINDOWS\System32\NSI.dll
0x00007ffbc57d0000 - 0x00007ffbc57e9000 	C:\WINDOWS\SYSTEM32\dhcpcsvc6.DLL
0x00007ffbc57b0000 - 0x00007ffbc57cf000 	C:\WINDOWS\SYSTEM32\dhcpcsvc.DLL
0x00007ffbc8c90000 - 0x00007ffbc8d83000 	C:\WINDOWS\SYSTEM32\DNSAPI.dll
0x00007ffb3f270000 - 0x00007ffb3f27e000 	C:\Program Files\Java\jdk-17\bin\sunmscapi.dll
0x00007ffbca330000 - 0x00007ffbca497000 	C:\WINDOWS\System32\CRYPT32.dll
0x00007ffbc9ca0000 - 0x00007ffbc9cce000 	C:\WINDOWS\SYSTEM32\ncrypt.dll
0x00007ffbc9c60000 - 0x00007ffbc9c97000 	C:\WINDOWS\SYSTEM32\NTASN1.dll
0x00007ffb3f260000 - 0x00007ffb3f268000 	C:\WINDOWS\system32\wshunix.dll

dbghelp: loaded successfully - version: 4.0.5 - missing functions: none
symbol engine: initialized successfully - sym options: 0x614 - pdb path: .;C:\Program Files\Java\jdk-17\bin;C:\WINDOWS\SYSTEM32;C:\WINDOWS\WinSxS\amd64_microsoft.windows.common-controls_6595b64144ccf1df_6.0.22621.1635_none_270f70857386168e;C:\Program Files\Java\jdk-17\bin\server;C:\Users\aluno.saolucas\.gradle\native\c067742578af261105cb4f569cf0c3c89f3d7b1fecec35dd04571415982c5e48\windows-amd64;C:\Users\aluno.saolucas\.gradle\native\38dada09dfb8b06ba9b0570ebf7e218e3eb74d4ef43ca46872605cf95ebc2f47\windows-amd64

VM Arguments:
jvm_args: -XX:MaxMetaspaceSize=512m --add-opens=java.base/java.util=ALL-UNNAMED --add-opens=java.base/java.lang=ALL-UNNAMED --add-opens=java.base/java.lang.invoke=ALL-UNNAMED --add-opens=java.prefs/java.util.prefs=ALL-UNNAMED --add-opens=java.base/java.nio.charset=ALL-UNNAMED --add-opens=java.base/java.net=ALL-UNNAMED --add-opens=java.base/java.util.concurrent.atomic=ALL-UNNAMED -Xmx2048m -Dfile.encoding=UTF-8 -Duser.country=BR -Duser.language=pt -Duser.variant -javaagent:C:\Users\aluno.saolucas\.gradle\wrapper\dists\gradle-8.5-all\3zlzzgtsutfj0pbojr50n2l7z\gradle-8.5\lib\agents\gradle-instrumentation-agent-8.5.jar 
java_command: org.gradle.launcher.daemon.bootstrap.GradleDaemon 8.5
java_class_path (initial): C:\Users\aluno.saolucas\.gradle\wrapper\dists\gradle-8.5-all\3zlzzgtsutfj0pbojr50n2l7z\gradle-8.5\lib\gradle-launcher-8.5.jar
Launcher Type: SUN_STANDARD

[Global flags]
     intx CICompilerCount                          = 4                                         {product} {ergonomic}
   size_t CompressedClassSpaceSize                 = 436207616                                 {product} {ergonomic}
     uint ConcGCThreads                            = 3                                         {product} {ergonomic}
     uint G1ConcRefinementThreads                  = 10                                        {product} {ergonomic}
   size_t G1HeapRegionSize                         = 1048576                                   {product} {ergonomic}
    uintx GCDrainStackTargetSize                   = 64                                        {product} {ergonomic}
   size_t InitialHeapSize                          = 123731968                                 {product} {ergonomic}
   size_t MarkStackSize                            = 4194304                                   {product} {ergonomic}
   size_t MaxHeapSize                              = 2147483648                                {product} {command line}
   size_t MaxMetaspaceSize                         = 536870912                                 {product} {command line}
   size_t MaxNewSize                               = 1287651328                                {product} {ergonomic}
   size_t MinHeapDeltaBytes                        = 1048576                                   {product} {ergonomic}
   size_t MinHeapSize                              = 8388608                                   {product} {ergonomic}
    uintx NonNMethodCodeHeapSize                   = 5839372                                {pd product} {ergonomic}
    uintx NonProfiledCodeHeapSize                  = 122909434                              {pd product} {ergonomic}
    uintx ProfiledCodeHeapSize                     = 122909434                              {pd product} {ergonomic}
    uintx ReservedCodeCacheSize                    = 251658240                              {pd product} {ergonomic}
     bool SegmentedCodeCache                       = true                                      {product} {ergonomic}
   size_t SoftMaxHeapSize                          = 2147483648                             {manageable} {ergonomic}
     bool UseCompressedClassPointers               = true                           {product lp64_product} {ergonomic}
     bool UseCompressedOops                        = true                           {product lp64_product} {ergonomic}
     bool UseG1GC                                  = true                                      {product} {ergonomic}
     bool UseLargePagesIndividualAllocation        = false                                  {pd product} {ergonomic}

Logging:
Log output configuration:
 #0: stdout all=warning uptime,level,tags
 #1: stderr all=off uptime,level,tags

Environment Variables:
JAVA_HOME=C:\Program Files\Java\jdk-17
CLASSPATH=C:\Users\aluno.saolucas\Music\Purple\projeto_mobile\android\\gradle\wrapper\gradle-wrapper.jar
PATH=C:\Users\aluno.saolucas\Music\Purple\projeto_mobile\node_modules\.bin;C:\Users\aluno.saolucas\Music\Purple\projeto_mobile\node_modules\.bin;C:\Users\aluno.saolucas\Music\Purple\node_modules\.bin;C:\Users\aluno.saolucas\Music\node_modules\.bin;C:\Users\aluno.saolucas\node_modules\.bin;C:\Users\node_modules\.bin;C:\node_modules\.bin;C:\Program Files\nodejs\node_modules\npm\node_modules\@npmcli\run-script\lib\node-gyp-bin;C:\Users\aluno.saolucas\Music\Purple\projeto_mobile\node_modules\.bin;C:\Users\aluno.saolucas\Music\Purple\node_modules\.bin;C:\Users\aluno.saolucas\Music\node_modules\.bin;C:\Users\aluno.saolucas\node_modules\.bin;C:\Users\node_modules\.bin;C:\node_modules\.bin;C:\Program Files\nodejs\node_modules\npm\node_modules\@npmcli\run-script\lib\node-gyp-bin;C:\Program Files\Common Files\Oracle\Java\javapath;C:\ProgramData\Oracle\Java\javapath;C:\WINDOWS\system32;C:\WINDOWS;C:\WINDOWS\System32\Wbem;C:\WINDOWS\System32\WindowsPowerShell\v1.0\;C:\WINDOWS\System32\OpenSSH\;C:\Program Files\nodejs\;C:\Program Files\dotnet\;C:\Users\aluno.saolucas\AppData\Local\Android\Sdk\platform-tools;C:\Users\aluno.saolucas\AppData\Local\Microsoft\WindowsApps;C:\Users\aluno.saolucas\AppData\Local\GitHubDesktop\bin;C:\Users\aluno.saolucas\AppData\Local\Programs\Microsoft VS Code\bin;C:\Users\aluno.saolucas\AppData\Roaming\npm;C:\Users\aluno.saolucas\AppData\Local\Programs\Git\cmd
USERNAME=aluno.saolucas
OS=Windows_NT
PROCESSOR_IDENTIFIER=Intel64 Family 6 Model 151 Stepping 2, GenuineIntel



---------------  S Y S T E M  ---------------

OS:
 Windows 11 , 64 bit Build 22621 (10.0.22621.1928)
OS uptime: 0 days 2:14 hours

CPU: total 12 (initial active 12) (6 cores per cpu, 2 threads per core) family 6 model 151 stepping 2 microcode 0x1e, cx8, cmov, fxsr, ht, mmx, 3dnowpref, sse, sse2, sse3, ssse3, sse4.1, sse4.2, popcnt, lzcnt, tsc, tscinvbit, avx, avx2, aes, erms, clmul, bmi1, bmi2, adx, sha, fma, vzeroupper, clflush, clflushopt, clwb

Memory: 4k page, system-wide physical 7508M (3M free)
TotalPageFile size 30036M (AvailPageFile size 6M)
current process WorkingSet (physical memory assigned to process): 40M, peak: 201M
current process commit charge ("private bytes"): 327M, peak: 334M

vm_info: Java HotSpot(TM) 64-Bit Server VM (17.0.11+7-LTS-207) for windows-amd64 JRE (17.0.11+7-LTS-207), built on Mar 11 2024 19:01:50 by "mach5one" with MS VC++ 17.6 (VS2022)

END.
