#
# There is insufficient memory for the Java Runtime Environment to continue.
# Native memory allocation (malloc) failed to allocate 314416 bytes for Chunk::new
# Possible reasons:
#   The system is out of physical RAM or swap space
#   The process is running with CompressedOops enabled, and the Java Heap may be blocking the growth of the native heap
# Possible solutions:
#   Reduce memory load on the system
#   Increase physical memory or swap space
#   Check if swap backing store is full
#   Decrease Java heap size (-Xmx/-Xms)
#   Decrease number of Java threads
#   Decrease Java thread stack sizes (-Xss)
#   Set larger code cache with -XX:ReservedCodeCacheSize=
#   JVM is running with Unscaled Compressed Oops mode in which the Java heap is
#     placed in the first 4GB address space. The Java Heap base address is the
#     maximum limit for the native heap growth. Please use -XX:HeapBaseMinAddress
#     to set the Java Heap base and to place the Java Heap above 4GB virtual address.
# This output file may be truncated or incomplete.
#
#  Out of Memory Error (arena.cpp:189), pid=17840, tid=19616
#
# JRE version: Java(TM) SE Runtime Environment (17.0.11+7) (build 17.0.11+7-LTS-207)
# Java VM: Java HotSpot(TM) 64-Bit Server VM (17.0.11+7-LTS-207, mixed mode, sharing, tiered, compressed oops, compressed class ptrs, g1 gc, windows-amd64)
# No core dump will be written. Minidumps are not enabled by default on client versions of Windows
#

---------------  S U M M A R Y ------------

Command Line: -Xmx64m -Xms64m -Dorg.gradle.appname=gradlew org.gradle.wrapper.GradleWrapperMain app:installDebug -PreactNativeDevServerPort=8081

Host: 12th Gen Intel(R) Core(TM) i5-12400, 12 cores, 7G,  Windows 11 , 64 bit Build 22621 (10.0.22621.1928)
Time: Thu Oct 10 21:15:14 2024 Hora oficial do Brasil elapsed time: 100.544650 seconds (0d 0h 1m 40s)

---------------  T H R E A D  ---------------

Current thread (0x00000298cf54af10):  JavaThread "C2 CompilerThread0" daemon [_thread_in_native, id=19616, stack(0x0000009e1c800000,0x0000009e1c900000)]


Current CompileTask:
C2: 100544 1021   !   4       jdk.internal.loader.URLClassPath$JarLoader::getResource (354 bytes)

Stack: [0x0000009e1c800000,0x0000009e1c900000]
Native frames: (J=compiled Java code, j=interpreted, Vv=VM code, C=native code)
V  [jvm.dll+0x679cca]
V  [jvm.dll+0x7da13d]
V  [jvm.dll+0x7dba83]
V  [jvm.dll+0x7dc0f3]
V  [jvm.dll+0x2449af]
V  [jvm.dll+0xab83b]
V  [jvm.dll+0xabe1c]
V  [jvm.dll+0x2a9e6f]
V  [jvm.dll+0x5818d9]
V  [jvm.dll+0x21ed62]
V  [jvm.dll+0x217cf6]
V  [jvm.dll+0x215505]
V  [jvm.dll+0x1a2040]
V  [jvm.dll+0x225a2b]
V  [jvm.dll+0x223bcb]
V  [jvm.dll+0x7903ec]
V  [jvm.dll+0x78a85a]
V  [jvm.dll+0x678bb5]
C  [ucrtbase.dll+0x29363]
C  [KERNEL32.DLL+0x126ad]
C  [ntdll.dll+0x5aa68]


---------------  P R O C E S S  ---------------

Threads class SMR info:
_java_thread_list=0x00000298ee07cf10, length=13, elements={
0x00000298cf47fe30, 0x00000298cf52f500, 0x00000298cf5310d0, 0x00000298cf544500,
0x00000298cf546de0, 0x00000298cf5477a0, 0x00000298cf548160, 0x00000298cf54af10,
0x00000298cf54b9c0, 0x00000298cf54d3d0, 0x00000298e929c660, 0x00000298e92a3570,
0x00000298e92d2050
}

Java Threads: ( => current thread )
  0x00000298cf47fe30 JavaThread "main" [_thread_in_vm, id=27420, stack(0x0000009e1bb00000,0x0000009e1bc00000)]
  0x00000298cf52f500 JavaThread "Reference Handler" daemon [_thread_blocked, id=18176, stack(0x0000009e1c200000,0x0000009e1c300000)]
  0x00000298cf5310d0 JavaThread "Finalizer" daemon [_thread_blocked, id=30300, stack(0x0000009e1c300000,0x0000009e1c400000)]
  0x00000298cf544500 JavaThread "Signal Dispatcher" daemon [_thread_blocked, id=3472, stack(0x0000009e1c400000,0x0000009e1c500000)]
  0x00000298cf546de0 JavaThread "Attach Listener" daemon [_thread_blocked, id=1912, stack(0x0000009e1c500000,0x0000009e1c600000)]
  0x00000298cf5477a0 JavaThread "Service Thread" daemon [_thread_blocked, id=22152, stack(0x0000009e1c600000,0x0000009e1c700000)]
  0x00000298cf548160 JavaThread "Monitor Deflation Thread" daemon [_thread_blocked, id=18844, stack(0x0000009e1c700000,0x0000009e1c800000)]
=>0x00000298cf54af10 JavaThread "C2 CompilerThread0" daemon [_thread_in_native, id=19616, stack(0x0000009e1c800000,0x0000009e1c900000)]
  0x00000298cf54b9c0 JavaThread "C1 CompilerThread0" daemon [_thread_blocked, id=28464, stack(0x0000009e1c900000,0x0000009e1ca00000)]
  0x00000298cf54d3d0 JavaThread "Sweeper thread" daemon [_thread_blocked, id=28828, stack(0x0000009e1ca00000,0x0000009e1cb00000)]
  0x00000298e929c660 JavaThread "Notification Thread" daemon [_thread_blocked, id=19776, stack(0x0000009e1cb00000,0x0000009e1cc00000)]
  0x00000298e92a3570 JavaThread "Common-Cleaner" daemon [_thread_blocked, id=16308, stack(0x0000009e1cd00000,0x0000009e1ce00000)]
  0x00000298e92d2050 JavaThread "pool-1-thread-1" [_thread_in_vm, id=21904, stack(0x0000009e1cf00000,0x0000009e1d000000)]

Other Threads:
  0x00000298cf52a2b0 VMThread "VM Thread" [stack: 0x0000009e1c100000,0x0000009e1c200000] [id=19884]
  0x00000298e92a2f70 WatcherThread [stack: 0x0000009e1cc00000,0x0000009e1cd00000] [id=12952]
  0x00000298cf4a0bc0 GCTaskThread "GC Thread#0" [stack: 0x0000009e1bc00000,0x0000009e1bd00000] [id=25800]
  0x00000298cd1eb6e0 GCTaskThread "GC Thread#1" [stack: 0x0000009e1b800000,0x0000009e1b900000] [id=13772]
  0x00000298e926fa60 GCTaskThread "GC Thread#2" [stack: 0x0000009e1b900000,0x0000009e1ba00000] [id=21324]
  0x00000298e926fd20 GCTaskThread "GC Thread#3" [stack: 0x0000009e1ba00000,0x0000009e1bb00000] [id=17140]
  0x00000298ee2c3830 GCTaskThread "GC Thread#4" [stack: 0x0000009e1ce00000,0x0000009e1cf00000] [id=14216]
  0x00000298ee14bbe0 GCTaskThread "GC Thread#5" [stack: 0x0000009e1d000000,0x0000009e1d100000] [id=30580]
  0x00000298cf4a2310 ConcurrentGCThread "G1 Main Marker" [stack: 0x0000009e1bd00000,0x0000009e1be00000] [id=25824]
  0x00000298cf4a2d20 ConcurrentGCThread "G1 Conc#0" [stack: 0x0000009e1be00000,0x0000009e1bf00000] [id=25996]
  0x00000298cf50b5c0 ConcurrentGCThread "G1 Refine#0" [stack: 0x0000009e1bf00000,0x0000009e1c000000] [id=14684]
  0x00000298cf50be90 ConcurrentGCThread "G1 Service" [stack: 0x0000009e1c000000,0x0000009e1c100000] [id=15600]

Threads with active compile tasks:
C2 CompilerThread0   100813 1021   !   4       jdk.internal.loader.URLClassPath$JarLoader::getResource (354 bytes)

VM state: not at safepoint (normal execution)

VM Mutex/Monitor currently owned by a thread:  ([mutex/lock_event])
[0x00000298cf46eee0] Metaspace_lock - owner thread: 0x00000298cf47fe30
[0x00000298cf47aea0] MethodCompileQueue_lock - owner thread: 0x00000298e92d2050

Heap address: 0x00000000fc000000, size: 64 MB, Compressed Oops mode: 32-bit

CDS archive(s) mapped at: [0x0000029880000000-0x0000029880bd0000-0x0000029880bd0000), size 12386304, SharedBaseAddress: 0x0000029880000000, ArchiveRelocationMode: 1.
Compressed class space mapped at: 0x0000029881000000-0x00000298c1000000, reserved size: 1073741824
Narrow klass base: 0x0000029880000000, Narrow klass shift: 0, Narrow klass range: 0x100000000

GC Precious Log:
 CPUs: 12 total, 12 available
 Memory: 7508M
 Large Page Support: Disabled
 NUMA Support: Disabled
 Compressed Oops: Enabled (32-bit)
 Heap Region Size: 1M
 Heap Min Capacity: 64M
 Heap Initial Capacity: 64M
 Heap Max Capacity: 64M
 Pre-touch: Disabled
 Parallel Workers: 10
 Concurrent Workers: 3
 Concurrent Refinement Workers: 10
 Periodic GC: Disabled

Heap:
 garbage-first heap   total 65536K, used 14238K [0x00000000fc000000, 0x0000000100000000)
  region size 1024K, 5 young (5120K), 1 survivors (1024K)
 Metaspace       used 6066K, committed 6208K, reserved 1114112K
  class space    used 815K, committed 896K, reserved 1048576K

Heap Regions: E=young(eden), S=young(survivor), O=old, HS=humongous(starts), HC=humongous(continues), CS=collection set, F=free, OA=open archive, CA=closed archive, TAMS=top-at-mark-start (previous, next)
|   0|0x00000000fc000000, 0x00000000fc100000, 0x00000000fc100000|100%|HS|  |TAMS 0x00000000fc000000, 0x00000000fc000000| Complete 
|   1|0x00000000fc100000, 0x00000000fc200000, 0x00000000fc200000|100%|HC|  |TAMS 0x00000000fc100000, 0x00000000fc100000| Complete 
|   2|0x00000000fc200000, 0x00000000fc300000, 0x00000000fc300000|100%|HC|  |TAMS 0x00000000fc200000, 0x00000000fc200000| Complete 
|   3|0x00000000fc300000, 0x00000000fc400000, 0x00000000fc400000|100%|HC|  |TAMS 0x00000000fc300000, 0x00000000fc300000| Complete 
|   4|0x00000000fc400000, 0x00000000fc500000, 0x00000000fc500000|100%| O|  |TAMS 0x00000000fc400000, 0x00000000fc400000| Untracked 
|   5|0x00000000fc500000, 0x00000000fc600000, 0x00000000fc600000|100%| O|  |TAMS 0x00000000fc500000, 0x00000000fc500000| Untracked 
|   6|0x00000000fc600000, 0x00000000fc700000, 0x00000000fc700000|100%| O|  |TAMS 0x00000000fc600000, 0x00000000fc600000| Untracked 
|   7|0x00000000fc700000, 0x00000000fc800000, 0x00000000fc800000|100%| O|  |TAMS 0x00000000fc700000, 0x00000000fc700000| Untracked 
|   8|0x00000000fc800000, 0x00000000fc900000, 0x00000000fc900000|100%| O|  |TAMS 0x00000000fc800000, 0x00000000fc800000| Untracked 
|   9|0x00000000fc900000, 0x00000000fca00000, 0x00000000fca00000|100%| O|  |TAMS 0x00000000fc900000, 0x00000000fc900000| Untracked 
|  10|0x00000000fca00000, 0x00000000fca57200, 0x00000000fcb00000| 34%| O|  |TAMS 0x00000000fca00000, 0x00000000fca00000| Untracked 
|  11|0x00000000fcb00000, 0x00000000fcb00000, 0x00000000fcc00000|  0%| F|  |TAMS 0x00000000fcb00000, 0x00000000fcb00000| Untracked 
|  12|0x00000000fcc00000, 0x00000000fcc00000, 0x00000000fcd00000|  0%| F|  |TAMS 0x00000000fcc00000, 0x00000000fcc00000| Untracked 
|  13|0x00000000fcd00000, 0x00000000fcd00000, 0x00000000fce00000|  0%| F|  |TAMS 0x00000000fcd00000, 0x00000000fcd00000| Untracked 
|  14|0x00000000fce00000, 0x00000000fce00000, 0x00000000fcf00000|  0%| F|  |TAMS 0x00000000fce00000, 0x00000000fce00000| Untracked 
|  15|0x00000000fcf00000, 0x00000000fcf00000, 0x00000000fd000000|  0%| F|  |TAMS 0x00000000fcf00000, 0x00000000fcf00000| Untracked 
|  16|0x00000000fd000000, 0x00000000fd000000, 0x00000000fd100000|  0%| F|  |TAMS 0x00000000fd000000, 0x00000000fd000000| Untracked 
|  17|0x00000000fd100000, 0x00000000fd100000, 0x00000000fd200000|  0%| F|  |TAMS 0x00000000fd100000, 0x00000000fd100000| Untracked 
|  18|0x00000000fd200000, 0x00000000fd200000, 0x00000000fd300000|  0%| F|  |TAMS 0x00000000fd200000, 0x00000000fd200000| Untracked 
|  19|0x00000000fd300000, 0x00000000fd300000, 0x00000000fd400000|  0%| F|  |TAMS 0x00000000fd300000, 0x00000000fd300000| Untracked 
|  20|0x00000000fd400000, 0x00000000fd400000, 0x00000000fd500000|  0%| F|  |TAMS 0x00000000fd400000, 0x00000000fd400000| Untracked 
|  21|0x00000000fd500000, 0x00000000fd500000, 0x00000000fd600000|  0%| F|  |TAMS 0x00000000fd500000, 0x00000000fd500000| Untracked 
|  22|0x00000000fd600000, 0x00000000fd600000, 0x00000000fd700000|  0%| F|  |TAMS 0x00000000fd600000, 0x00000000fd600000| Untracked 
|  23|0x00000000fd700000, 0x00000000fd700000, 0x00000000fd800000|  0%| F|  |TAMS 0x00000000fd700000, 0x00000000fd700000| Untracked 
|  24|0x00000000fd800000, 0x00000000fd800000, 0x00000000fd900000|  0%| F|  |TAMS 0x00000000fd800000, 0x00000000fd800000| Untracked 
|  25|0x00000000fd900000, 0x00000000fd900000, 0x00000000fda00000|  0%| F|  |TAMS 0x00000000fd900000, 0x00000000fd900000| Untracked 
|  26|0x00000000fda00000, 0x00000000fda00000, 0x00000000fdb00000|  0%| F|  |TAMS 0x00000000fda00000, 0x00000000fda00000| Untracked 
|  27|0x00000000fdb00000, 0x00000000fdb00000, 0x00000000fdc00000|  0%| F|  |TAMS 0x00000000fdb00000, 0x00000000fdb00000| Untracked 
|  28|0x00000000fdc00000, 0x00000000fdc00000, 0x00000000fdd00000|  0%| F|  |TAMS 0x00000000fdc00000, 0x00000000fdc00000| Untracked 
|  29|0x00000000fdd00000, 0x00000000fdd00000, 0x00000000fde00000|  0%| F|  |TAMS 0x00000000fdd00000, 0x00000000fdd00000| Untracked 
|  30|0x00000000fde00000, 0x00000000fde00000, 0x00000000fdf00000|  0%| F|  |TAMS 0x00000000fde00000, 0x00000000fde00000| Untracked 
|  31|0x00000000fdf00000, 0x00000000fdf00000, 0x00000000fe000000|  0%| F|  |TAMS 0x00000000fdf00000, 0x00000000fdf00000| Untracked 
|  32|0x00000000fe000000, 0x00000000fe000000, 0x00000000fe100000|  0%| F|  |TAMS 0x00000000fe000000, 0x00000000fe000000| Untracked 
|  33|0x00000000fe100000, 0x00000000fe100000, 0x00000000fe200000|  0%| F|  |TAMS 0x00000000fe100000, 0x00000000fe100000| Untracked 
|  34|0x00000000fe200000, 0x00000000fe200000, 0x00000000fe300000|  0%| F|  |TAMS 0x00000000fe200000, 0x00000000fe200000| Untracked 
|  35|0x00000000fe300000, 0x00000000fe300000, 0x00000000fe400000|  0%| F|  |TAMS 0x00000000fe300000, 0x00000000fe300000| Untracked 
|  36|0x00000000fe400000, 0x00000000fe400000, 0x00000000fe500000|  0%| F|  |TAMS 0x00000000fe400000, 0x00000000fe400000| Untracked 
|  37|0x00000000fe500000, 0x00000000fe500000, 0x00000000fe600000|  0%| F|  |TAMS 0x00000000fe500000, 0x00000000fe500000| Untracked 
|  38|0x00000000fe600000, 0x00000000fe600000, 0x00000000fe700000|  0%| F|  |TAMS 0x00000000fe600000, 0x00000000fe600000| Untracked 
|  39|0x00000000fe700000, 0x00000000fe700000, 0x00000000fe800000|  0%| F|  |TAMS 0x00000000fe700000, 0x00000000fe700000| Untracked 
|  40|0x00000000fe800000, 0x00000000fe800000, 0x00000000fe900000|  0%| F|  |TAMS 0x00000000fe800000, 0x00000000fe800000| Untracked 
|  41|0x00000000fe900000, 0x00000000fe900000, 0x00000000fea00000|  0%| F|  |TAMS 0x00000000fe900000, 0x00000000fe900000| Untracked 
|  42|0x00000000fea00000, 0x00000000fea00000, 0x00000000feb00000|  0%| F|  |TAMS 0x00000000fea00000, 0x00000000fea00000| Untracked 
|  43|0x00000000feb00000, 0x00000000feb00000, 0x00000000fec00000|  0%| F|  |TAMS 0x00000000feb00000, 0x00000000feb00000| Untracked 
|  44|0x00000000fec00000, 0x00000000fec00000, 0x00000000fed00000|  0%| F|  |TAMS 0x00000000fec00000, 0x00000000fec00000| Untracked 
|  45|0x00000000fed00000, 0x00000000fed00000, 0x00000000fee00000|  0%| F|  |TAMS 0x00000000fed00000, 0x00000000fed00000| Untracked 
|  46|0x00000000fee00000, 0x00000000fee00000, 0x00000000fef00000|  0%| F|  |TAMS 0x00000000fee00000, 0x00000000fee00000| Untracked 
|  47|0x00000000fef00000, 0x00000000fef00000, 0x00000000ff000000|  0%| F|  |TAMS 0x00000000fef00000, 0x00000000fef00000| Untracked 
|  48|0x00000000ff000000, 0x00000000ff000000, 0x00000000ff100000|  0%| F|  |TAMS 0x00000000ff000000, 0x00000000ff000000| Untracked 
|  49|0x00000000ff100000, 0x00000000ff100000, 0x00000000ff200000|  0%| F|  |TAMS 0x00000000ff100000, 0x00000000ff100000| Untracked 
|  50|0x00000000ff200000, 0x00000000ff200000, 0x00000000ff300000|  0%| F|  |TAMS 0x00000000ff200000, 0x00000000ff200000| Untracked 
|  51|0x00000000ff300000, 0x00000000ff300000, 0x00000000ff400000|  0%| F|  |TAMS 0x00000000ff300000, 0x00000000ff300000| Untracked 
|  52|0x00000000ff400000, 0x00000000ff400000, 0x00000000ff500000|  0%| F|  |TAMS 0x00000000ff400000, 0x00000000ff400000| Untracked 
|  53|0x00000000ff500000, 0x00000000ff500000, 0x00000000ff600000|  0%| F|  |TAMS 0x00000000ff500000, 0x00000000ff500000| Untracked 
|  54|0x00000000ff600000, 0x00000000ff600000, 0x00000000ff700000|  0%| F|  |TAMS 0x00000000ff600000, 0x00000000ff600000| Untracked 
|  55|0x00000000ff700000, 0x00000000ff700000, 0x00000000ff800000|  0%| F|  |TAMS 0x00000000ff700000, 0x00000000ff700000| Untracked 
|  56|0x00000000ff800000, 0x00000000ff800000, 0x00000000ff900000|  0%| F|  |TAMS 0x00000000ff800000, 0x00000000ff800000| Untracked 
|  57|0x00000000ff900000, 0x00000000ff900000, 0x00000000ffa00000|  0%| F|  |TAMS 0x00000000ff900000, 0x00000000ff900000| Untracked 
|  58|0x00000000ffa00000, 0x00000000ffa907f8, 0x00000000ffb00000| 56%| S|CS|TAMS 0x00000000ffa00000, 0x00000000ffa00000| Complete 
|  59|0x00000000ffb00000, 0x00000000ffb00000, 0x00000000ffc00000|  0%| F|  |TAMS 0x00000000ffb00000, 0x00000000ffb00000| Untracked 
|  60|0x00000000ffc00000, 0x00000000ffca8ac8, 0x00000000ffd00000| 65%| E|  |TAMS 0x00000000ffc00000, 0x00000000ffc00000| Complete 
|  61|0x00000000ffd00000, 0x00000000ffe00000, 0x00000000ffe00000|100%| E|CS|TAMS 0x00000000ffd00000, 0x00000000ffd00000| Complete 
|  62|0x00000000ffe00000, 0x00000000fff00000, 0x00000000fff00000|100%| E|CS|TAMS 0x00000000ffe00000, 0x00000000ffe00000| Complete 
|  63|0x00000000fff00000, 0x0000000100000000, 0x0000000100000000|100%| E|CS|TAMS 0x00000000fff00000, 0x00000000fff00000| Complete 

Card table byte_map: [0x00000298cd480000,0x00000298cd4a0000] _byte_map_base: 0x00000298ccca0000

Marking Bits (Prev, Next): (CMBitMap*) 0x00000298cf4a11e0, (CMBitMap*) 0x00000298cf4a1220
 Prev Bits: [0x00000298e6290000, 0x00000298e6390000)
 Next Bits: [0x00000298e6390000, 0x00000298e6490000)

Polling page: 0x00000298cd430000

Metaspace:

Usage:
  Non-class:      5.13 MB used.
      Class:    815.71 KB used.
       Both:      5.92 MB used.

Virtual space:
  Non-class space:       64.00 MB reserved,       5.19 MB (  8%) committed,  1 nodes.
      Class space:        1.00 GB reserved,     896.00 KB ( <1%) committed,  1 nodes.
             Both:        1.06 GB reserved,       6.06 MB ( <1%) committed. 

Chunk freelists:
   Non-Class:  9.23 MB
       Class:  15.17 MB
        Both:  24.41 MB

MaxMetaspaceSize: unlimited
CompressedClassSpaceSize: 1.00 GB
Initial GC threshold: 21.00 MB
Current GC threshold: 21.00 MB
CDS: on
MetaspaceReclaimPolicy: balanced
 - commit_granule_bytes: 65536.
 - commit_granule_words: 8192.
 - virtual_space_node_default_size: 8388608.
 - enlarge_chunks_in_place: 1.
 - new_chunks_are_fully_committed: 0.
 - uncommit_free_chunks: 1.
 - use_allocation_guard: 0.
 - handle_deallocations: 1.


Internal statistics:

num_allocs_failed_limit: 0.
num_arena_births: 62.
num_arena_deaths: 0.
num_vsnodes_births: 2.
num_vsnodes_deaths: 0.
num_space_committed: 97.
num_space_uncommitted: 0.
num_chunks_returned_to_freelist: 0.
num_chunks_taken_from_freelist: 226.
num_chunk_merges: 0.
num_chunk_splits: 153.
num_chunks_enlarged: 126.
num_inconsistent_stats: 0.

CodeHeap 'non-profiled nmethods': size=120000Kb used=449Kb max_used=449Kb free=119550Kb
 bounds [0x00000298de810000, 0x00000298dea80000, 0x00000298e5d40000]
CodeHeap 'profiled nmethods': size=120000Kb used=1929Kb max_used=1929Kb free=118070Kb
 bounds [0x00000298d6d40000, 0x00000298d6fb0000, 0x00000298de270000]
CodeHeap 'non-nmethods': size=5760Kb used=1140Kb max_used=1155Kb free=4619Kb
 bounds [0x00000298de270000, 0x00000298de4e0000, 0x00000298de810000]
 total_blobs=1467 nmethods=1038 adapters=342
 compilation: enabled
              stopped_count=0, restarted_count=0
 full_count=0

Compilation events (20 events):
Event: 100.061 Thread 0x00000298cf54b9c0 nmethod 1013 0x00000298d6f16e90 code [0x00000298d6f17060, 0x00000298d6f17438]
Event: 100.061 Thread 0x00000298cf54b9c0 1014       1       java.util.concurrent.ConcurrentHashMap$MapEntry::getValue (5 bytes)
Event: 100.061 Thread 0x00000298cf54b9c0 nmethod 1014 0x00000298de87d310 code [0x00000298de87d4a0, 0x00000298de87d578]
Event: 100.109 Thread 0x00000298cf54b9c0 1015       3       java.util.Arrays$ArrayItr::hasNext (18 bytes)
Event: 100.109 Thread 0x00000298cf54b9c0 nmethod 1015 0x00000298d6f17590 code [0x00000298d6f17720, 0x00000298d6f17898]
Event: 100.109 Thread 0x00000298cf54b9c0 1016       3       java.util.HashMap::getNode (150 bytes)
Event: 100.110 Thread 0x00000298cf54b9c0 nmethod 1016 0x00000298d6f17990 code [0x00000298d6f17bc0, 0x00000298d6f187b8]
Event: 100.112 Thread 0x00000298cf54af10 1017       4       java.lang.StringLatin1::indexOf (121 bytes)
Event: 100.113 Thread 0x00000298cf54b9c0 1018       3       java.util.HashMap::get (19 bytes)
Event: 100.113 Thread 0x00000298cf54b9c0 nmethod 1018 0x00000298d6f18a90 code [0x00000298d6f18c40, 0x00000298d6f18e08]
Event: 100.119 Thread 0x00000298cf54af10 nmethod 1017 0x00000298de87d610 code [0x00000298de87d7a0, 0x00000298de87dc58]
Event: 100.120 Thread 0x00000298cf54b9c0 1019       1       java.lang.ClassLoader::getUnnamedModule (5 bytes)
Event: 100.120 Thread 0x00000298cf54b9c0 nmethod 1019 0x00000298de87de90 code [0x00000298de87e020, 0x00000298de87e0f8]
Event: 100.245 Thread 0x00000298cf54af10 1020 %     4       sun.net.www.ParseUtil::firstEncodeIndex @ 7 (86 bytes)
Event: 100.247 Thread 0x00000298cf54af10 nmethod 1020% 0x00000298de87e190 code [0x00000298de87e320, 0x00000298de87e588]
Event: 100.250 Thread 0x00000298cf54af10 1021   !   4       jdk.internal.loader.URLClassPath$JarLoader::getResource (354 bytes)
Event: 100.252 Thread 0x00000298cf54b9c0 1023       1       java.lang.invoke.DirectMethodHandle::internalMemberName (5 bytes)
Event: 100.252 Thread 0x00000298cf54b9c0 nmethod 1023 0x00000298de87ea90 code [0x00000298de87ec20, 0x00000298de87ecf8]
Event: 100.255 Thread 0x00000298cf54b9c0 1024       3       java.util.ImmutableCollections$SetN::contains (26 bytes)
Event: 100.255 Thread 0x00000298cf54b9c0 nmethod 1024 0x00000298d6f18f10 code [0x00000298d6f190e0, 0x00000298d6f19418]

GC Heap History (4 events):
Event: 62.772 GC heap before
{Heap before GC invocations=0 (full 0):
 garbage-first heap   total 65536K, used 26624K [0x00000000fc000000, 0x0000000100000000)
  region size 1024K, 23 young (23552K), 0 survivors (0K)
 Metaspace       used 3717K, committed 3840K, reserved 1114112K
  class space    used 451K, committed 512K, reserved 1048576K
}
Event: 64.999 GC heap after
{Heap after GC invocations=1 (full 0):
 garbage-first heap   total 65536K, used 10280K [0x00000000fc000000, 0x0000000100000000)
  region size 1024K, 3 young (3072K), 3 survivors (3072K)
 Metaspace       used 3717K, committed 3840K, reserved 1114112K
  class space    used 451K, committed 512K, reserved 1048576K
}
Event: 99.505 GC heap before
{Heap before GC invocations=1 (full 0):
 garbage-first heap   total 65536K, used 15400K [0x00000000fc000000, 0x0000000100000000)
  region size 1024K, 8 young (8192K), 3 survivors (3072K)
 Metaspace       used 5008K, committed 5184K, reserved 1114112K
  class space    used 664K, committed 768K, reserved 1048576K
}
Event: 99.536 GC heap after
{Heap after GC invocations=2 (full 0):
 garbage-first heap   total 65536K, used 11166K [0x00000000fc000000, 0x0000000100000000)
  region size 1024K, 1 young (1024K), 1 survivors (1024K)
 Metaspace       used 5008K, committed 5184K, reserved 1114112K
  class space    used 664K, committed 768K, reserved 1048576K
}

Deoptimization events (20 events):
Event: 99.633 Thread 0x00000298cf47fe30 DEOPT PACKING pc=0x00000298de87c134 sp=0x0000009e1bbf9850
Event: 99.633 Thread 0x00000298cf47fe30 DEOPT UNPACKING pc=0x00000298de2c23a3 sp=0x0000009e1bbf97d8 mode 2
Event: 99.633 Thread 0x00000298cf47fe30 Uncommon trap: trap_request=0xffffffde fr.pc=0x00000298de87c134 relative=0x0000000000000114
Event: 99.633 Thread 0x00000298cf47fe30 Uncommon trap: reason=class_check action=maybe_recompile pc=0x00000298de87c134 method=jdk.internal.misc.Unsafe.allocateUninitializedArray(Ljava/lang/Class;I)Ljava/lang/Object; @ 51 c2
Event: 99.633 Thread 0x00000298cf47fe30 DEOPT PACKING pc=0x00000298de87c134 sp=0x0000009e1bbf9880
Event: 99.633 Thread 0x00000298cf47fe30 DEOPT UNPACKING pc=0x00000298de2c23a3 sp=0x0000009e1bbf9808 mode 2
Event: 99.633 Thread 0x00000298cf47fe30 Uncommon trap: trap_request=0xffffffde fr.pc=0x00000298de87c134 relative=0x0000000000000114
Event: 99.633 Thread 0x00000298cf47fe30 Uncommon trap: reason=class_check action=maybe_recompile pc=0x00000298de87c134 method=jdk.internal.misc.Unsafe.allocateUninitializedArray(Ljava/lang/Class;I)Ljava/lang/Object; @ 51 c2
Event: 99.633 Thread 0x00000298cf47fe30 DEOPT PACKING pc=0x00000298de87c134 sp=0x0000009e1bbf9920
Event: 99.633 Thread 0x00000298cf47fe30 DEOPT UNPACKING pc=0x00000298de2c23a3 sp=0x0000009e1bbf98a8 mode 2
Event: 100.109 Thread 0x00000298cf47fe30 Uncommon trap: trap_request=0xffffff45 fr.pc=0x00000298de86c06c relative=0x00000000000005ac
Event: 100.109 Thread 0x00000298cf47fe30 Uncommon trap: reason=unstable_if action=reinterpret pc=0x00000298de86c06c method=java.util.HashMap.hash(Ljava/lang/Object;)I @ 1 c2
Event: 100.109 Thread 0x00000298cf47fe30 DEOPT PACKING pc=0x00000298de86c06c sp=0x0000009e1bbfcec0
Event: 100.109 Thread 0x00000298cf47fe30 DEOPT UNPACKING pc=0x00000298de2c23a3 sp=0x0000009e1bbfcd68 mode 2
Event: 100.109 Thread 0x00000298cf47fe30 Uncommon trap: trap_request=0xffffff45 fr.pc=0x00000298de867678 relative=0x00000000000005b8
Event: 100.109 Thread 0x00000298cf47fe30 Uncommon trap: reason=unstable_if action=reinterpret pc=0x00000298de867678 method=java.util.HashMap.hash(Ljava/lang/Object;)I @ 1 c2
Event: 100.109 Thread 0x00000298cf47fe30 DEOPT PACKING pc=0x00000298de867678 sp=0x0000009e1bbfce50
Event: 100.109 Thread 0x00000298cf47fe30 DEOPT UNPACKING pc=0x00000298de2c23a3 sp=0x0000009e1bbfcd68 mode 2
Event: 100.112 Thread 0x00000298cf47fe30 DEOPT PACKING pc=0x00000298d6dd3b65 sp=0x0000009e1bbf7d60
Event: 100.112 Thread 0x00000298cf47fe30 DEOPT UNPACKING pc=0x00000298de2c2b43 sp=0x0000009e1bbf71b0 mode 0

Classes unloaded (0 events):
No events

Classes redefined (0 events):
No events

Internal exceptions (13 events):
Event: 17.942 Thread 0x00000298cf47fe30 Exception <a 'java/lang/NoSuchMethodError'{0x00000000ffc52dd8}: 'int java.lang.invoke.DirectMethodHandle$Holder.invokeStaticInit(java.lang.Object, java.lang.Object)'> (0x00000000ffc52dd8) 
thrown [s\open\src\hotspot\share\interpreter\linkResolver.cpp, line 759]
Event: 34.690 Thread 0x00000298cf47fe30 Exception <a 'java/lang/NoSuchMethodError'{0x00000000fe98cc78}: 'void java.lang.invoke.DirectMethodHandle$Holder.invokeStatic(java.lang.Object, java.lang.Object)'> (0x00000000fe98cc78) 
thrown [s\open\src\hotspot\share\interpreter\linkResolver.cpp, line 759]
Event: 68.074 Thread 0x00000298cf47fe30 Exception <a 'java/lang/NoClassDefFoundError'{0x00000000fff11980}: org/slf4j/impl/StaticMarkerBinder> (0x00000000fff11980) 
thrown [s\open\src\hotspot\share\classfile\systemDictionary.cpp, line 245]
Event: 81.763 Thread 0x00000298cf47fe30 Exception <a 'java/lang/NoSuchMethodError'{0x00000000fffc0d50}: 'java.lang.Object java.lang.invoke.DirectMethodHandle$Holder.invokeVirtual(java.lang.Object, java.lang.Object, java.lang.Object, java.lang.Object, java.lang.Object, java.lang.Object, java.lang.Object)'> (0x00000000fffc0d50) 
thrown [s\open\src\hotspot\share\interpreter\linkResolver.cpp, line 759]
Event: 83.427 Thread 0x00000298cf47fe30 Exception <a 'java/lang/NoSuchMethodError'{0x00000000fffd2ba0}: 'java.lang.Object java.lang.invoke.Invokers$Holder.invoker(java.lang.Object, java.lang.Object, java.lang.Object)'> (0x00000000fffd2ba0) 
thrown [s\open\src\hotspot\share\interpreter\linkResolver.cpp, line 759]
Event: 85.099 Thread 0x00000298cf47fe30 Exception <a 'java/lang/NoSuchMethodError'{0x00000000fffdbc70}: 'java.lang.Object java.lang.invoke.DirectMethodHandle$Holder.invokeStatic(java.lang.Object, java.lang.Object, int)'> (0x00000000fffdbc70) 
thrown [s\open\src\hotspot\share\interpreter\linkResolver.cpp, line 759]
Event: 85.676 Thread 0x00000298cf47fe30 Exception <a 'java/lang/NoSuchMethodError'{0x00000000fffe7bb8}: 'void java.lang.invoke.DelegatingMethodHandle$Holder.delegate(java.lang.Object, java.lang.Object, int, java.lang.Object)'> (0x00000000fffe7bb8) 
thrown [s\open\src\hotspot\share\interpreter\linkResolver.cpp, line 759]
Event: 85.676 Thread 0x00000298cf47fe30 Exception <a 'java/lang/NoSuchMethodError'{0x00000000fffebd00}: 'int java.lang.invoke.DirectMethodHandle$Holder.invokeSpecial(java.lang.Object, java.lang.Object, java.lang.Object)'> (0x00000000fffebd00) 
thrown [s\open\src\hotspot\share\interpreter\linkResolver.cpp, line 759]
Event: 85.680 Thread 0x00000298cf47fe30 Exception <a 'java/lang/NoSuchMethodError'{0x00000000fffff0b8}: 'java.lang.Object java.lang.invoke.Invokers$Holder.invokeExact_MT(java.lang.Object, java.lang.Object, java.lang.Object, java.lang.Object)'> (0x00000000fffff0b8) 
thrown [s\open\src\hotspot\share\interpreter\linkResolver.cpp, line 759]
Event: 99.992 Thread 0x00000298cf47fe30 Exception <a 'java/lang/NoSuchMethodError'{0x00000000ffe5dc88}: 'void java.lang.invoke.DirectMethodHandle$Holder.invokeSpecial(java.lang.Object, java.lang.Object, java.lang.Object)'> (0x00000000ffe5dc88) 
thrown [s\open\src\hotspot\share\interpreter\linkResolver.cpp, line 759]
Event: 100.109 Thread 0x00000298cf47fe30 Implicit null exception at 0x00000298de86bb0a to 0x00000298de86c04c
Event: 100.109 Thread 0x00000298cf47fe30 Implicit null exception at 0x00000298de86710f to 0x00000298de867658
Event: 100.252 Thread 0x00000298cf47fe30 Exception <a 'java/lang/NoSuchMethodError'{0x00000000ffdb0dc0}: 'java.lang.Object java.lang.invoke.DirectMethodHandle$Holder.invokeStaticInit(java.lang.Object)'> (0x00000000ffdb0dc0) 
thrown [s\open\src\hotspot\share\interpreter\linkResolver.cpp, line 759]

VM Operations (20 events):
Event: 72.035 Executing VM operation: Cleanup
Event: 72.674 Executing VM operation: Cleanup done
Event: 85.033 Executing VM operation: HandshakeAllThreads
Event: 85.033 Executing VM operation: HandshakeAllThreads done
Event: 86.044 Executing VM operation: Cleanup
Event: 86.160 Executing VM operation: Cleanup done
Event: 91.201 Executing VM operation: Cleanup
Event: 91.743 Executing VM operation: Cleanup done
Event: 92.753 Executing VM operation: Cleanup
Event: 93.079 Executing VM operation: Cleanup done
Event: 94.092 Executing VM operation: Cleanup
Event: 94.108 Executing VM operation: Cleanup done
Event: 95.119 Executing VM operation: Cleanup
Event: 95.212 Executing VM operation: Cleanup done
Event: 96.220 Executing VM operation: Cleanup
Event: 96.220 Executing VM operation: Cleanup done
Event: 97.222 Executing VM operation: Cleanup
Event: 97.254 Executing VM operation: Cleanup done
Event: 99.503 Executing VM operation: G1CollectForAllocation
Event: 99.536 Executing VM operation: G1CollectForAllocation done

Events (20 events):
Event: 99.624 loading class java/util/concurrent/SynchronousQueue$TransferStack$SNode
Event: 99.624 loading class java/util/concurrent/SynchronousQueue$TransferStack$SNode done
Event: 99.986 loading class java/nio/file/NoSuchFileException
Event: 99.990 loading class java/nio/file/FileSystemException
Event: 99.992 loading class java/nio/file/FileSystemException done
Event: 99.992 loading class java/nio/file/NoSuchFileException done
Event: 100.251 loading class java/lang/management/ManagementFactory
Event: 100.251 loading class java/lang/management/ManagementFactory done
Event: 100.253 Loaded shared library C:\Program Files\Java\jdk-17\bin\management.dll
Event: 100.254 loading class java/lang/management/RuntimeMXBean
Event: 100.254 loading class java/lang/management/PlatformManagedObject
Event: 100.254 loading class java/lang/management/PlatformManagedObject done
Event: 100.254 loading class java/lang/management/RuntimeMXBean done
Event: 100.254 loading class java/lang/management/ManagementFactory$PlatformMBeanFinder
Event: 100.254 loading class java/lang/management/ManagementFactory$PlatformMBeanFinder done
Event: 100.254 loading class java/lang/management/ManagementFactory$PlatformMBeanFinder$1
Event: 100.254 loading class java/lang/management/ManagementFactory$PlatformMBeanFinder$1 done
Event: 100.254 loading class sun/management/spi/PlatformMBeanProvider
Event: 100.255 loading class sun/management/spi/PlatformMBeanProvider done
Event: 100.255 loading class com/sun/management/internal/PlatformMBeanProviderImpl


Dynamic libraries:
0x00007ff7a08d0000 - 0x00007ff7a08e0000 	C:\Program Files\Java\jdk-17\bin\java.exe
0x00007ffbccf30000 - 0x00007ffbcd144000 	C:\WINDOWS\SYSTEM32\ntdll.dll
0x00007ffbcb640000 - 0x00007ffbcb702000 	C:\WINDOWS\System32\KERNEL32.DLL
0x00007ffbca600000 - 0x00007ffbca9a3000 	C:\WINDOWS\System32\KERNELBASE.dll
0x00007ffbcabf0000 - 0x00007ffbcad01000 	C:\WINDOWS\System32\ucrtbase.dll
0x00007ffb998c0000 - 0x00007ffb998db000 	C:\Program Files\Java\jdk-17\bin\VCRUNTIME140.dll
0x00007ffb998e0000 - 0x00007ffb998f9000 	C:\Program Files\Java\jdk-17\bin\jli.dll
0x00007ffbcb570000 - 0x00007ffbcb61e000 	C:\WINDOWS\System32\ADVAPI32.dll
0x00007ffbcb8b0000 - 0x00007ffbcb957000 	C:\WINDOWS\System32\msvcrt.dll
0x00007ffbcae90000 - 0x00007ffbcaf34000 	C:\WINDOWS\System32\sechost.dll
0x00007ffbcc5d0000 - 0x00007ffbcc6e7000 	C:\WINDOWS\System32\RPCRT4.dll
0x00007ffbcbc10000 - 0x00007ffbcbdba000 	C:\WINDOWS\System32\USER32.dll
0x00007ffbcab50000 - 0x00007ffbcab76000 	C:\WINDOWS\System32\win32u.dll
0x00007ffbb1850000 - 0x00007ffbb1ade000 	C:\WINDOWS\WinSxS\amd64_microsoft.windows.common-controls_6595b64144ccf1df_6.0.22621.1635_none_270f70857386168e\COMCTL32.dll
0x00007ffbcb400000 - 0x00007ffbcb429000 	C:\WINDOWS\System32\GDI32.dll
0x00007ffbcaa30000 - 0x00007ffbcab49000 	C:\WINDOWS\System32\gdi32full.dll
0x00007ffbca560000 - 0x00007ffbca5fa000 	C:\WINDOWS\System32\msvcp_win.dll
0x00007ffbc0e00000 - 0x00007ffbc0e0a000 	C:\WINDOWS\SYSTEM32\VERSION.dll
0x00007ffbcb710000 - 0x00007ffbcb741000 	C:\WINDOWS\System32\IMM32.DLL
0x00007ffb99830000 - 0x00007ffb9983c000 	C:\Program Files\Java\jdk-17\bin\vcruntime140_1.dll
0x00007ffb7e5d0000 - 0x00007ffb7e65e000 	C:\Program Files\Java\jdk-17\bin\msvcp140.dll
0x00007ffb3bf20000 - 0x00007ffb3cb00000 	C:\Program Files\Java\jdk-17\bin\server\jvm.dll
0x00007ffbcb430000 - 0x00007ffbcb438000 	C:\WINDOWS\System32\PSAPI.DLL
0x00007ffbb42a0000 - 0x00007ffbb42a9000 	C:\WINDOWS\SYSTEM32\WSOCK32.dll
0x00007ffbbf240000 - 0x00007ffbbf274000 	C:\WINDOWS\SYSTEM32\WINMM.dll
0x00007ffbcae10000 - 0x00007ffbcae81000 	C:\WINDOWS\System32\WS2_32.dll
0x00007ffbc9460000 - 0x00007ffbc9478000 	C:\WINDOWS\SYSTEM32\kernel.appcore.dll
0x00007ffb99820000 - 0x00007ffb9982a000 	C:\Program Files\Java\jdk-17\bin\jimage.dll
0x00007ffbbd1c0000 - 0x00007ffbbd3ee000 	C:\WINDOWS\SYSTEM32\DBGHELP.DLL
0x00007ffbcc240000 - 0x00007ffbcc5c9000 	C:\WINDOWS\System32\combase.dll
0x00007ffbcb320000 - 0x00007ffbcb3f7000 	C:\WINDOWS\System32\OLEAUT32.dll
0x00007ffbb4d60000 - 0x00007ffbb4d92000 	C:\WINDOWS\SYSTEM32\dbgcore.DLL
0x00007ffbca9b0000 - 0x00007ffbcaa2a000 	C:\WINDOWS\System32\bcryptPrimitives.dll
0x00007ffb7ecd0000 - 0x00007ffb7ecf5000 	C:\Program Files\Java\jdk-17\bin\java.dll
0x00007ffb3f2a0000 - 0x00007ffb3f377000 	C:\Program Files\Java\jdk-17\bin\jsvml.dll
0x00007ffbcc6f0000 - 0x00007ffbccee9000 	C:\WINDOWS\System32\SHELL32.dll
0x00007ffbc8270000 - 0x00007ffbc8b3e000 	C:\WINDOWS\SYSTEM32\windows.storage.dll
0x00007ffbc8100000 - 0x00007ffbc823e000 	C:\WINDOWS\SYSTEM32\wintypes.dll
0x00007ffbcafc0000 - 0x00007ffbcb0b1000 	C:\WINDOWS\System32\SHCORE.dll
0x00007ffbcb840000 - 0x00007ffbcb89e000 	C:\WINDOWS\System32\shlwapi.dll
0x00007ffbca260000 - 0x00007ffbca286000 	C:\WINDOWS\SYSTEM32\profapi.dll
0x00007ffb7ecb0000 - 0x00007ffb7ecc9000 	C:\Program Files\Java\jdk-17\bin\net.dll
0x00007ffbc4dc0000 - 0x00007ffbc4ef7000 	C:\WINDOWS\SYSTEM32\WINHTTP.dll
0x00007ffbc98e0000 - 0x00007ffbc9949000 	C:\WINDOWS\system32\mswsock.dll
0x00007ffb7e5b0000 - 0x00007ffb7e5c6000 	C:\Program Files\Java\jdk-17\bin\nio.dll
0x00007ffb7e590000 - 0x00007ffb7e5a8000 	C:\Program Files\Java\jdk-17\bin\zip.dll
0x00007ffb7e580000 - 0x00007ffb7e590000 	C:\Program Files\Java\jdk-17\bin\verify.dll
0x00007ffb7e550000 - 0x00007ffb7e577000 	C:\Users\aluno.saolucas\.gradle\native\c067742578af261105cb4f569cf0c3c89f3d7b1fecec35dd04571415982c5e48\windows-amd64\native-platform.dll
0x00007ffb53f10000 - 0x00007ffb53f1a000 	C:\Program Files\Java\jdk-17\bin\management.dll
0x00007ffb3f290000 - 0x00007ffb3f29b000 	C:\Program Files\Java\jdk-17\bin\management_ext.dll

dbghelp: loaded successfully - version: 4.0.5 - missing functions: none
symbol engine: initialized successfully - sym options: 0x614 - pdb path: .;C:\Program Files\Java\jdk-17\bin;C:\WINDOWS\SYSTEM32;C:\WINDOWS\WinSxS\amd64_microsoft.windows.common-controls_6595b64144ccf1df_6.0.22621.1635_none_270f70857386168e;C:\Program Files\Java\jdk-17\bin\server;C:\Users\aluno.saolucas\.gradle\native\c067742578af261105cb4f569cf0c3c89f3d7b1fecec35dd04571415982c5e48\windows-amd64

VM Arguments:
jvm_args: -Xmx64m -Xms64m -Dorg.gradle.appname=gradlew 
java_command: org.gradle.wrapper.GradleWrapperMain app:installDebug -PreactNativeDevServerPort=8081
java_class_path (initial): C:\Users\aluno.saolucas\Music\Purple\projeto_mobile\android\\gradle\wrapper\gradle-wrapper.jar
Launcher Type: SUN_STANDARD

[Global flags]
     intx CICompilerCount                          = 4                                         {product} {ergonomic}
     uint ConcGCThreads                            = 3                                         {product} {ergonomic}
     uint G1ConcRefinementThreads                  = 10                                        {product} {ergonomic}
   size_t G1HeapRegionSize                         = 1048576                                   {product} {ergonomic}
    uintx GCDrainStackTargetSize                   = 64                                        {product} {ergonomic}
   size_t InitialHeapSize                          = 67108864                                  {product} {command line}
   size_t MarkStackSize                            = 4194304                                   {product} {ergonomic}
   size_t MaxHeapSize                              = 67108864                                  {product} {command line}
   size_t MaxNewSize                               = 39845888                                  {product} {ergonomic}
   size_t MinHeapDeltaBytes                        = 1048576                                   {product} {ergonomic}
   size_t MinHeapSize                              = 67108864                                  {product} {command line}
    uintx NonNMethodCodeHeapSize                   = 5839372                                {pd product} {ergonomic}
    uintx NonProfiledCodeHeapSize                  = 122909434                              {pd product} {ergonomic}
    uintx ProfiledCodeHeapSize                     = 122909434                              {pd product} {ergonomic}
    uintx ReservedCodeCacheSize                    = 251658240                              {pd product} {ergonomic}
     bool SegmentedCodeCache                       = true                                      {product} {ergonomic}
   size_t SoftMaxHeapSize                          = 67108864                               {manageable} {ergonomic}
     bool UseCompressedClassPointers               = true                           {product lp64_product} {ergonomic}
     bool UseCompressedOops                        = true                           {product lp64_product} {ergonomic}
     bool UseG1GC                                  = true                                      {product} {ergonomic}
     bool UseLargePagesIndividualAllocation        = false                                  {pd product} {ergonomic}

Logging:
Log output configuration:
 #0: stdout all=warning uptime,level,tags
 #1: stderr all=off uptime,level,tags

Environment Variables:
JAVA_HOME=C:\Program Files\Java\jdk-17
CLASSPATH=C:\Users\aluno.saolucas\Music\Purple\projeto_mobile\android\\gradle\wrapper\gradle-wrapper.jar
PATH=C:\Users\aluno.saolucas\Music\Purple\projeto_mobile\node_modules\.bin;C:\Users\aluno.saolucas\Music\Purple\projeto_mobile\node_modules\.bin;C:\Users\aluno.saolucas\Music\Purple\node_modules\.bin;C:\Users\aluno.saolucas\Music\node_modules\.bin;C:\Users\aluno.saolucas\node_modules\.bin;C:\Users\node_modules\.bin;C:\node_modules\.bin;C:\Program Files\nodejs\node_modules\npm\node_modules\@npmcli\run-script\lib\node-gyp-bin;C:\Users\aluno.saolucas\Music\Purple\projeto_mobile\node_modules\.bin;C:\Users\aluno.saolucas\Music\Purple\node_modules\.bin;C:\Users\aluno.saolucas\Music\node_modules\.bin;C:\Users\aluno.saolucas\node_modules\.bin;C:\Users\node_modules\.bin;C:\node_modules\.bin;C:\Program Files\nodejs\node_modules\npm\node_modules\@npmcli\run-script\lib\node-gyp-bin;C:\Program Files\Common Files\Oracle\Java\javapath;C:\ProgramData\Oracle\Java\javapath;C:\WINDOWS\system32;C:\WINDOWS;C:\WINDOWS\System32\Wbem;C:\WINDOWS\System32\WindowsPowerShell\v1.0\;C:\WINDOWS\System32\OpenSSH\;C:\Program Files\nodejs\;C:\Program Files\dotnet\;C:\Users\aluno.saolucas\AppData\Local\Android\Sdk\platform-tools;C:\Users\aluno.saolucas\AppData\Local\Microsoft\WindowsApps;C:\Users\aluno.saolucas\AppData\Local\GitHubDesktop\bin;C:\Users\aluno.saolucas\AppData\Local\Programs\Microsoft VS Code\bin;C:\Users\aluno.saolucas\AppData\Roaming\npm;C:\Users\aluno.saolucas\AppData\Local\Programs\Git\cmd
USERNAME=aluno.saolucas
OS=Windows_NT
PROCESSOR_IDENTIFIER=Intel64 Family 6 Model 151 Stepping 2, GenuineIntel



---------------  S Y S T E M  ---------------

OS:
 Windows 11 , 64 bit Build 22621 (10.0.22621.1928)
OS uptime: 0 days 2:14 hours

CPU: total 12 (initial active 12) (6 cores per cpu, 2 threads per core) family 6 model 151 stepping 2 microcode 0x1e, cx8, cmov, fxsr, ht, mmx, 3dnowpref, sse, sse2, sse3, ssse3, sse4.1, sse4.2, popcnt, lzcnt, tsc, tscinvbit, avx, avx2, aes, erms, clmul, bmi1, bmi2, adx, sha, fma, vzeroupper, clflush, clflushopt, clwb

Memory: 4k page, system-wide physical 7508M (4M free)
TotalPageFile size 30036M (AvailPageFile size 7M)
current process WorkingSet (physical memory assigned to process): 34M, peak: 43M
current process commit charge ("private bytes"): 162M, peak: 163M

vm_info: Java HotSpot(TM) 64-Bit Server VM (17.0.11+7-LTS-207) for windows-amd64 JRE (17.0.11+7-LTS-207), built on Mar 11 2024 19:01:50 by "mach5one" with MS VC++ 17.6 (VS2022)

END.
