#
# There is insufficient memory for the Java Runtime Environment to continue.
# Native memory allocation (malloc) failed to allocate 32784 bytes for Chunk::new
# Possible reasons:
#   The system is out of physical RAM or swap space
#   The process is running with CompressedOops enabled, and the Java Heap may be blocking the growth of the native heap
# Possible solutions:
#   Reduce memory load on the system
#   Increase physical memory or swap space
#   Check if swap backing store is full
#   Decrease Java heap size (-Xmx/-Xms)
#   Decrease number of Java threads
#   Decrease Java thread stack sizes (-Xss)
#   Set larger code cache with -XX:ReservedCodeCacheSize=
#   JVM is running with Unscaled Compressed Oops mode in which the Java heap is
#     placed in the first 4GB address space. The Java Heap base address is the
#     maximum limit for the native heap growth. Please use -XX:HeapBaseMinAddress
#     to set the Java Heap base and to place the Java Heap above 4GB virtual address.
# This output file may be truncated or incomplete.
#
#  Out of Memory Error (arena.cpp:189), pid=23836, tid=25540
#
# JRE version: Java(TM) SE Runtime Environment (17.0.11+7) (build 17.0.11+7-LTS-207)
# Java VM: Java HotSpot(TM) 64-Bit Server VM (17.0.11+7-LTS-207, mixed mode, sharing, tiered, compressed oops, compressed class ptrs, g1 gc, windows-amd64)
# No core dump will be written. Minidumps are not enabled by default on client versions of Windows
#

---------------  S U M M A R Y ------------

Command Line: -XX:MaxMetaspaceSize=512m --add-opens=java.base/java.util=ALL-UNNAMED --add-opens=java.base/java.lang=ALL-UNNAMED --add-opens=java.base/java.lang.invoke=ALL-UNNAMED --add-opens=java.prefs/java.util.prefs=ALL-UNNAMED --add-opens=java.base/java.nio.charset=ALL-UNNAMED --add-opens=java.base/java.net=ALL-UNNAMED --add-opens=java.base/java.util.concurrent.atomic=ALL-UNNAMED -Xmx2048m -Dfile.encoding=UTF-8 -Duser.country=BR -Duser.language=pt -Duser.variant -javaagent:C:\Users\aluno.saolucas\.gradle\wrapper\dists\gradle-8.5-all\3zlzzgtsutfj0pbojr50n2l7z\gradle-8.5\lib\agents\gradle-instrumentation-agent-8.5.jar org.gradle.launcher.daemon.bootstrap.GradleDaemon 8.5

Host: 12th Gen Intel(R) Core(TM) i5-12400, 12 cores, 7G,  Windows 11 , 64 bit Build 22621 (10.0.22621.1928)
Time: Thu Oct 10 21:15:13 2024 Hora oficial do Brasil elapsed time: 176.941465 seconds (0d 0h 2m 56s)

---------------  T H R E A D  ---------------

Current thread (0x000001b23dde5450):  JavaThread "C2 CompilerThread0" daemon [_thread_in_native, id=25540, stack(0x000000a1bc000000,0x000000a1bc100000)]


Current CompileTask:
C2: 176941 4151       4       java.util.regex.Pattern::compile (500 bytes)

Stack: [0x000000a1bc000000,0x000000a1bc100000]
Native frames: (J=compiled Java code, j=interpreted, Vv=VM code, C=native code)
V  [jvm.dll+0x679cca]
V  [jvm.dll+0x7da13d]
V  [jvm.dll+0x7dba83]
V  [jvm.dll+0x7dc0f3]
V  [jvm.dll+0x2449af]
V  [jvm.dll+0xab83b]
V  [jvm.dll+0xabe1c]
V  [jvm.dll+0xab954]
V  [jvm.dll+0x65886c]
V  [jvm.dll+0x2208a1]
V  [jvm.dll+0x2173d4]
V  [jvm.dll+0x215505]
V  [jvm.dll+0x1a2040]
V  [jvm.dll+0x225a2b]
V  [jvm.dll+0x223bcb]
V  [jvm.dll+0x7903ec]
V  [jvm.dll+0x78a85a]
V  [jvm.dll+0x678bb5]
C  [ucrtbase.dll+0x29363]
C  [KERNEL32.DLL+0x126ad]
C  [ntdll.dll+0x5aa68]


---------------  P R O C E S S  ---------------

Threads class SMR info:
_java_thread_list=0x000001b25de9efb0, length=35, elements={
0x000001b21d7e1bf0, 0x000001b23ddcca60, 0x000001b23ddcddc0, 0x000001b23dddd630,
0x000001b23ddde100, 0x000001b23dde1ce0, 0x000001b23dde46b0, 0x000001b23dde5450,
0x000001b23de4bd60, 0x000001b23de54b70, 0x000001b25d08cd00, 0x000001b25d1e9340,
0x000001b25df1b620, 0x000001b25e9079b0, 0x000001b25deeb480, 0x000001b25e906820,
0x000001b25e25d950, 0x000001b25d084870, 0x000001b25d083940, 0x000001b25d084360,
0x000001b25d0810c0, 0x000001b25d083430, 0x000001b25d082500, 0x000001b25d0815d0,
0x000001b25d081ae0, 0x000001b25d082a10, 0x000001b25d081ff0, 0x000001b25fc5c670,
0x000001b25fc57570, 0x000001b25fc5cb80, 0x000001b25fc57a80, 0x000001b25fc584a0,
0x000001b25fc57060, 0x000001b25fc5d090, 0x000001b25fc5d5a0
}

Java Threads: ( => current thread )
  0x000001b21d7e1bf0 JavaThread "main" [_thread_blocked, id=25488, stack(0x000000a1bb300000,0x000000a1bb400000)]
  0x000001b23ddcca60 JavaThread "Reference Handler" daemon [_thread_blocked, id=25516, stack(0x000000a1bba00000,0x000000a1bbb00000)]
  0x000001b23ddcddc0 JavaThread "Finalizer" daemon [_thread_blocked, id=25520, stack(0x000000a1bbb00000,0x000000a1bbc00000)]
  0x000001b23dddd630 JavaThread "Signal Dispatcher" daemon [_thread_blocked, id=25524, stack(0x000000a1bbc00000,0x000000a1bbd00000)]
  0x000001b23ddde100 JavaThread "Attach Listener" daemon [_thread_blocked, id=25528, stack(0x000000a1bbd00000,0x000000a1bbe00000)]
  0x000001b23dde1ce0 JavaThread "Service Thread" daemon [_thread_blocked, id=25532, stack(0x000000a1bbe00000,0x000000a1bbf00000)]
  0x000001b23dde46b0 JavaThread "Monitor Deflation Thread" daemon [_thread_blocked, id=25536, stack(0x000000a1bbf00000,0x000000a1bc000000)]
=>0x000001b23dde5450 JavaThread "C2 CompilerThread0" daemon [_thread_in_native, id=25540, stack(0x000000a1bc000000,0x000000a1bc100000)]
  0x000001b23de4bd60 JavaThread "C1 CompilerThread0" daemon [_thread_blocked, id=25544, stack(0x000000a1bc100000,0x000000a1bc200000)]
  0x000001b23de54b70 JavaThread "Sweeper thread" daemon [_thread_blocked, id=25548, stack(0x000000a1bc200000,0x000000a1bc300000)]
  0x000001b25d08cd00 JavaThread "Common-Cleaner" daemon [_thread_blocked, id=25564, stack(0x000000a1bc300000,0x000000a1bc400000)]
  0x000001b25d1e9340 JavaThread "Notification Thread" daemon [_thread_blocked, id=23872, stack(0x000000a1bc400000,0x000000a1bc500000)]
  0x000001b25df1b620 JavaThread "Daemon health stats" [_thread_blocked, id=25716, stack(0x000000a1bc900000,0x000000a1bca00000)]
  0x000001b25e9079b0 JavaThread "Incoming local TCP Connector on port 51939" [_thread_in_native, id=25904, stack(0x000000a1bca00000,0x000000a1bcb00000)]
  0x000001b25deeb480 JavaThread "Daemon periodic checks" [_thread_in_Java, id=26924, stack(0x000000a1bcb00000,0x000000a1bcc00000)]
  0x000001b25e906820 JavaThread "Daemon" [_thread_blocked, id=19260, stack(0x000000a1bcc00000,0x000000a1bcd00000)]
  0x000001b25e25d950 JavaThread "Handler for socket connection from /127.0.0.1:51939 to /127.0.0.1:51961" [_thread_in_native, id=23848, stack(0x000000a1bcd00000,0x000000a1bce00000)]
  0x000001b25d084870 JavaThread "Cancel handler" [_thread_blocked, id=28696, stack(0x000000a1bce00000,0x000000a1bcf00000)]
  0x000001b25d083940 JavaThread "Daemon worker" [_thread_blocked, id=28704, stack(0x000000a1bcf00000,0x000000a1bd000000)]
  0x000001b25d084360 JavaThread "Asynchronous log dispatcher for DefaultDaemonConnection: socket connection from /127.0.0.1:51939 to /127.0.0.1:51961" [_thread_blocked, id=28716, stack(0x000000a1bd000000,0x000000a1bd100000)]
  0x000001b25d0810c0 JavaThread "Stdin handler" [_thread_blocked, id=28720, stack(0x000000a1bd100000,0x000000a1bd200000)]
  0x000001b25d083430 JavaThread "Daemon client event forwarder" [_thread_blocked, id=28724, stack(0x000000a1bd200000,0x000000a1bd300000)]
  0x000001b25d082500 JavaThread "Cache worker for journal cache (C:\Users\aluno.saolucas\.gradle\caches\journal-1)" [_thread_blocked, id=29020, stack(0x000000a1bd300000,0x000000a1bd400000)]
  0x000001b25d0815d0 JavaThread "File lock request listener" [_thread_in_native, id=29024, stack(0x000000a1bd400000,0x000000a1bd500000)]
  0x000001b25d081ae0 JavaThread "Cache worker for file hash cache (C:\Users\aluno.saolucas\.gradle\caches\8.5\fileHashes)" [_thread_blocked, id=29364, stack(0x000000a1bdc00000,0x000000a1bdd00000)]
  0x000001b25d082a10 JavaThread "File watcher server" daemon [_thread_in_native, id=17900, stack(0x000000a1bdd00000,0x000000a1bde00000)]
  0x000001b25d081ff0 JavaThread "File watcher consumer" daemon [_thread_blocked, id=19256, stack(0x000000a1bde00000,0x000000a1bdf00000)]
  0x000001b25fc5c670 JavaThread "Cache worker for checksums cache (C:\Users\aluno.saolucas\Music\Purple\projeto_mobile\android\.gradle\8.5\checksums)" [_thread_blocked, id=16096, stack(0x000000a1be100000,0x000000a1be200000)]
  0x000001b25fc57570 JavaThread "Cache worker for file hash cache (C:\Users\aluno.saolucas\Music\Purple\projeto_mobile\android\.gradle\8.5\fileHashes)" [_thread_blocked, id=22824, stack(0x000000a1be200000,0x000000a1be300000)]
  0x000001b25fc5cb80 JavaThread "Cache worker for cache directory md-supplier (C:\Users\aluno.saolucas\.gradle\caches\8.5\md-supplier)" [_thread_blocked, id=22920, stack(0x000000a1be300000,0x000000a1be400000)]
  0x000001b25fc57a80 JavaThread "Cache worker for cache directory md-rule (C:\Users\aluno.saolucas\.gradle\caches\8.5\md-rule)" [_thread_blocked, id=29476, stack(0x000000a1be400000,0x000000a1be500000)]
  0x000001b25fc584a0 JavaThread "Cache worker for file content cache (C:\Users\aluno.saolucas\.gradle\caches\8.5\fileContent)" [_thread_blocked, id=13288, stack(0x000000a1be500000,0x000000a1be600000)]
  0x000001b25fc57060 JavaThread "Cache worker for execution history cache (C:\Users\aluno.saolucas\.gradle\caches\8.5\executionHistory)" [_thread_blocked, id=18548, stack(0x000000a1be600000,0x000000a1be700000)]
  0x000001b25fc5d090 JavaThread "jar transforms" [_thread_blocked, id=8480, stack(0x000000a1be900000,0x000000a1bea00000)]
  0x000001b25fc5d5a0 JavaThread "jar transforms Thread 2" [_thread_blocked, id=30200, stack(0x000000a1bb100000,0x000000a1bb200000)]

Other Threads:
  0x000001b23ddc8820 VMThread "VM Thread" [stack: 0x000000a1bb900000,0x000000a1bba00000] [id=25512]
  0x000001b25d1d1bb0 WatcherThread [stack: 0x000000a1bc500000,0x000000a1bc600000] [id=23876]
  0x000001b21d83c7a0 GCTaskThread "GC Thread#0" [stack: 0x000000a1bb400000,0x000000a1bb500000] [id=25492]
  0x000001b25dc3d790 GCTaskThread "GC Thread#1" [stack: 0x000000a1bc600000,0x000000a1bc700000] [id=24332]
  0x000001b25dd92d20 GCTaskThread "GC Thread#2" [stack: 0x000000a1bc700000,0x000000a1bc800000] [id=1476]
  0x000001b25dd8f3d0 GCTaskThread "GC Thread#3" [stack: 0x000000a1bc800000,0x000000a1bc900000] [id=6704]
  0x000001b25dd11b50 GCTaskThread "GC Thread#4" [stack: 0x000000a1bd600000,0x000000a1bd700000] [id=29128]
  0x000001b25dd11050 GCTaskThread "GC Thread#5" [stack: 0x000000a1bd700000,0x000000a1bd800000] [id=29132]
  0x000001b25dd10810 GCTaskThread "GC Thread#6" [stack: 0x000000a1bd800000,0x000000a1bd900000] [id=29136]
  0x000001b25dd11e10 GCTaskThread "GC Thread#7" [stack: 0x000000a1bd900000,0x000000a1bda00000] [id=29140]
  0x000001b25dd12390 GCTaskThread "GC Thread#8" [stack: 0x000000a1bda00000,0x000000a1bdb00000] [id=29144]
  0x000001b25dd11890 GCTaskThread "GC Thread#9" [stack: 0x000000a1bdb00000,0x000000a1bdc00000] [id=29148]
  0x000001b21d84d6f0 ConcurrentGCThread "G1 Main Marker" [stack: 0x000000a1bb500000,0x000000a1bb600000] [id=25496]
  0x000001b21d84e100 ConcurrentGCThread "G1 Conc#0" [stack: 0x000000a1bb600000,0x000000a1bb700000] [id=25500]
  0x000001b25dd10ad0 ConcurrentGCThread "G1 Conc#1" [stack: 0x000000a1bdf00000,0x000000a1be000000] [id=28700]
  0x000001b25dd120d0 ConcurrentGCThread "G1 Conc#2" [stack: 0x000000a1be000000,0x000000a1be100000] [id=27996]
  0x000001b23dc824b0 ConcurrentGCThread "G1 Refine#0" [stack: 0x000000a1bb700000,0x000000a1bb800000] [id=25504]
  0x000001b21d8ab7e0 ConcurrentGCThread "G1 Service" [stack: 0x000000a1bb800000,0x000000a1bb900000] [id=25508]

Threads with active compile tasks:
C2 CompilerThread0   177200 4151       4       java.util.regex.Pattern::compile (500 bytes)

VM state: not at safepoint (normal execution)

VM Mutex/Monitor currently owned by a thread: None

Heap address: 0x0000000080000000, size: 2048 MB, Compressed Oops mode: 32-bit

CDS archive(s) mapped at: [0x000001b23e000000-0x000001b23ebd0000-0x000001b23ebd0000), size 12386304, SharedBaseAddress: 0x000001b23e000000, ArchiveRelocationMode: 1.
Compressed class space mapped at: 0x000001b23f000000-0x000001b259000000, reserved size: 436207616
Narrow klass base: 0x000001b23e000000, Narrow klass shift: 0, Narrow klass range: 0x100000000

GC Precious Log:
 CPUs: 12 total, 12 available
 Memory: 7508M
 Large Page Support: Disabled
 NUMA Support: Disabled
 Compressed Oops: Enabled (32-bit)
 Heap Region Size: 1M
 Heap Min Capacity: 8M
 Heap Initial Capacity: 118M
 Heap Max Capacity: 2G
 Pre-touch: Disabled
 Parallel Workers: 10
 Concurrent Workers: 3
 Concurrent Refinement Workers: 10
 Periodic GC: Disabled

Heap:
 garbage-first heap   total 86016K, used 47778K [0x0000000080000000, 0x0000000100000000)
  region size 1024K, 17 young (17408K), 3 survivors (3072K)
 Metaspace       used 33369K, committed 33792K, reserved 491520K
  class space    used 4598K, committed 4800K, reserved 425984K

Heap Regions: E=young(eden), S=young(survivor), O=old, HS=humongous(starts), HC=humongous(continues), CS=collection set, F=free, OA=open archive, CA=closed archive, TAMS=top-at-mark-start (previous, next)
|   0|0x0000000080000000, 0x0000000080100000, 0x0000000080100000|100%|HS|  |TAMS 0x0000000080100000, 0x0000000080000000| Complete 
|   1|0x0000000080100000, 0x0000000080200000, 0x0000000080200000|100%|HC|  |TAMS 0x0000000080200000, 0x0000000080100000| Complete 
|   2|0x0000000080200000, 0x0000000080300000, 0x0000000080300000|100%|HC|  |TAMS 0x0000000080300000, 0x0000000080200000| Complete 
|   3|0x0000000080300000, 0x0000000080400000, 0x0000000080400000|100%|HC|  |TAMS 0x0000000080400000, 0x0000000080300000| Complete 
|   4|0x0000000080400000, 0x0000000080500000, 0x0000000080500000|100%| O|  |TAMS 0x0000000080500000, 0x0000000080400000| Untracked 
|   5|0x0000000080500000, 0x0000000080600000, 0x0000000080600000|100%| O|  |TAMS 0x0000000080600000, 0x0000000080500000| Untracked 
|   6|0x0000000080600000, 0x0000000080700000, 0x0000000080700000|100%| O|  |TAMS 0x0000000080700000, 0x0000000080600000| Untracked 
|   7|0x0000000080700000, 0x0000000080800000, 0x0000000080800000|100%| O|  |TAMS 0x0000000080800000, 0x0000000080700000| Untracked 
|   8|0x0000000080800000, 0x0000000080900000, 0x0000000080900000|100%| O|  |TAMS 0x0000000080900000, 0x0000000080800000| Untracked 
|   9|0x0000000080900000, 0x0000000080a00000, 0x0000000080a00000|100%| O|  |TAMS 0x0000000080a00000, 0x0000000080900000| Untracked 
|  10|0x0000000080a00000, 0x0000000080b00000, 0x0000000080b00000|100%| O|  |TAMS 0x0000000080af1200, 0x0000000080a00000| Untracked 
|  11|0x0000000080b00000, 0x0000000080c00000, 0x0000000080c00000|100%| O|  |TAMS 0x0000000080b00000, 0x0000000080b00000| Untracked 
|  12|0x0000000080c00000, 0x0000000080d00000, 0x0000000080d00000|100%| O|  |TAMS 0x0000000080c00000, 0x0000000080c00000| Untracked 
|  13|0x0000000080d00000, 0x0000000080e00000, 0x0000000080e00000|100%| O|  |TAMS 0x0000000080d00000, 0x0000000080d00000| Untracked 
|  14|0x0000000080e00000, 0x0000000080f00000, 0x0000000080f00000|100%| O|  |TAMS 0x0000000080e00000, 0x0000000080e00000| Untracked 
|  15|0x0000000080f00000, 0x0000000081000000, 0x0000000081000000|100%| O|  |TAMS 0x0000000080f00000, 0x0000000080f00000| Untracked 
|  16|0x0000000081000000, 0x0000000081100000, 0x0000000081100000|100%| O|  |TAMS 0x0000000081000000, 0x0000000081000000| Untracked 
|  17|0x0000000081100000, 0x0000000081200000, 0x0000000081200000|100%| O|  |TAMS 0x0000000081100000, 0x0000000081100000| Untracked 
|  18|0x0000000081200000, 0x0000000081300000, 0x0000000081300000|100%| O|  |TAMS 0x0000000081200000, 0x0000000081200000| Untracked 
|  19|0x0000000081300000, 0x00000000813ce000, 0x0000000081400000| 80%| O|  |TAMS 0x0000000081300000, 0x0000000081300000| Untracked 
|  20|0x0000000081400000, 0x0000000081500000, 0x0000000081500000|100%| O|  |TAMS 0x0000000081400000, 0x0000000081400000| Untracked 
|  21|0x0000000081500000, 0x0000000081600000, 0x0000000081600000|100%| O|  |TAMS 0x0000000081500000, 0x0000000081500000| Untracked 
|  22|0x0000000081600000, 0x0000000081700000, 0x0000000081700000|100%| O|  |TAMS 0x0000000081600000, 0x0000000081600000| Untracked 
|  23|0x0000000081700000, 0x0000000081800000, 0x0000000081800000|100%| O|  |TAMS 0x0000000081700000, 0x0000000081700000| Untracked 
|  24|0x0000000081800000, 0x0000000081900000, 0x0000000081900000|100%| O|  |TAMS 0x0000000081800000, 0x0000000081800000| Untracked 
|  25|0x0000000081900000, 0x00000000819fc000, 0x0000000081a00000| 98%| O|  |TAMS 0x0000000081900000, 0x0000000081900000| Untracked 
|  26|0x0000000081a00000, 0x0000000081b00000, 0x0000000081b00000|100%|HS|  |TAMS 0x0000000081a00000, 0x0000000081a00000| Complete 
|  27|0x0000000081b00000, 0x0000000081c00000, 0x0000000081c00000|100%|HS|  |TAMS 0x0000000081b00000, 0x0000000081b00000| Complete 
|  28|0x0000000081c00000, 0x0000000081d00000, 0x0000000081d00000|100%|HC|  |TAMS 0x0000000081c00000, 0x0000000081c00000| Complete 
|  29|0x0000000081d00000, 0x0000000081e00000, 0x0000000081e00000|100%|HS|  |TAMS 0x0000000081d00000, 0x0000000081d00000| Complete 
|  30|0x0000000081e00000, 0x0000000081f00000, 0x0000000081f00000|100%|HC|  |TAMS 0x0000000081e00000, 0x0000000081e00000| Complete 
|  31|0x0000000081f00000, 0x0000000081f00000, 0x0000000082000000|  0%| F|  |TAMS 0x0000000081f00000, 0x0000000081f00000| Untracked 
|  32|0x0000000082000000, 0x0000000082000000, 0x0000000082100000|  0%| F|  |TAMS 0x0000000082000000, 0x0000000082000000| Untracked 
|  33|0x0000000082100000, 0x0000000082100000, 0x0000000082200000|  0%| F|  |TAMS 0x0000000082100000, 0x0000000082100000| Untracked 
|  34|0x0000000082200000, 0x0000000082200000, 0x0000000082300000|  0%| F|  |TAMS 0x0000000082200000, 0x0000000082200000| Untracked 
|  35|0x0000000082300000, 0x0000000082300000, 0x0000000082400000|  0%| F|  |TAMS 0x0000000082300000, 0x0000000082300000| Untracked 
|  36|0x0000000082400000, 0x0000000082400000, 0x0000000082500000|  0%| F|  |TAMS 0x0000000082400000, 0x0000000082400000| Untracked 
|  37|0x0000000082500000, 0x0000000082500000, 0x0000000082600000|  0%| F|  |TAMS 0x0000000082500000, 0x0000000082500000| Untracked 
|  38|0x0000000082600000, 0x0000000082600000, 0x0000000082700000|  0%| F|  |TAMS 0x0000000082600000, 0x0000000082600000| Untracked 
|  39|0x0000000082700000, 0x0000000082700000, 0x0000000082800000|  0%| F|  |TAMS 0x0000000082700000, 0x0000000082700000| Untracked 
|  40|0x0000000082800000, 0x0000000082800000, 0x0000000082900000|  0%| F|  |TAMS 0x0000000082800000, 0x0000000082800000| Untracked 
|  41|0x0000000082900000, 0x0000000082900000, 0x0000000082a00000|  0%| F|  |TAMS 0x0000000082900000, 0x0000000082900000| Untracked 
|  42|0x0000000082a00000, 0x0000000082a00000, 0x0000000082b00000|  0%| F|  |TAMS 0x0000000082a00000, 0x0000000082a00000| Untracked 
|  43|0x0000000082b00000, 0x0000000082b00000, 0x0000000082c00000|  0%| F|  |TAMS 0x0000000082b00000, 0x0000000082b00000| Untracked 
|  44|0x0000000082c00000, 0x0000000082c00000, 0x0000000082d00000|  0%| F|  |TAMS 0x0000000082c00000, 0x0000000082c00000| Untracked 
|  45|0x0000000082d00000, 0x0000000082d00000, 0x0000000082e00000|  0%| F|  |TAMS 0x0000000082d00000, 0x0000000082d00000| Untracked 
|  46|0x0000000082e00000, 0x0000000082edea18, 0x0000000082f00000| 86%| S|CS|TAMS 0x0000000082e00000, 0x0000000082e00000| Complete 
|  47|0x0000000082f00000, 0x0000000083000000, 0x0000000083000000|100%| S|CS|TAMS 0x0000000082f00000, 0x0000000082f00000| Complete 
|  48|0x0000000083000000, 0x0000000083100000, 0x0000000083100000|100%| S|CS|TAMS 0x0000000083000000, 0x0000000083000000| Complete 
|  49|0x0000000083100000, 0x0000000083100000, 0x0000000083200000|  0%| F|  |TAMS 0x0000000083100000, 0x0000000083100000| Untracked 
|  50|0x0000000083200000, 0x0000000083200000, 0x0000000083300000|  0%| F|  |TAMS 0x0000000083200000, 0x0000000083200000| Untracked 
|  51|0x0000000083300000, 0x0000000083300000, 0x0000000083400000|  0%| F|  |TAMS 0x0000000083300000, 0x0000000083300000| Untracked 
|  52|0x0000000083400000, 0x0000000083400000, 0x0000000083500000|  0%| F|  |TAMS 0x0000000083400000, 0x0000000083400000| Untracked 
|  53|0x0000000083500000, 0x0000000083500000, 0x0000000083600000|  0%| F|  |TAMS 0x0000000083500000, 0x0000000083500000| Untracked 
|  54|0x0000000083600000, 0x0000000083600000, 0x0000000083700000|  0%| F|  |TAMS 0x0000000083600000, 0x0000000083600000| Untracked 
|  55|0x0000000083700000, 0x0000000083700000, 0x0000000083800000|  0%| F|  |TAMS 0x0000000083700000, 0x0000000083700000| Untracked 
|  56|0x0000000083800000, 0x0000000083800000, 0x0000000083900000|  0%| F|  |TAMS 0x0000000083800000, 0x0000000083800000| Untracked 
|  57|0x0000000083900000, 0x0000000083900000, 0x0000000083a00000|  0%| F|  |TAMS 0x0000000083900000, 0x0000000083900000| Untracked 
|  58|0x0000000083a00000, 0x0000000083a00000, 0x0000000083b00000|  0%| F|  |TAMS 0x0000000083a00000, 0x0000000083a00000| Untracked 
|  59|0x0000000083b00000, 0x0000000083b00000, 0x0000000083c00000|  0%| F|  |TAMS 0x0000000083b00000, 0x0000000083b00000| Untracked 
|  60|0x0000000083c00000, 0x0000000083c00000, 0x0000000083d00000|  0%| F|  |TAMS 0x0000000083c00000, 0x0000000083c00000| Untracked 
|  61|0x0000000083d00000, 0x0000000083d00000, 0x0000000083e00000|  0%| F|  |TAMS 0x0000000083d00000, 0x0000000083d00000| Untracked 
|  62|0x0000000083e00000, 0x0000000083e00000, 0x0000000083f00000|  0%| F|  |TAMS 0x0000000083e00000, 0x0000000083e00000| Untracked 
|  63|0x0000000083f00000, 0x0000000083f00000, 0x0000000084000000|  0%| F|  |TAMS 0x0000000083f00000, 0x0000000083f00000| Untracked 
|  64|0x0000000084000000, 0x0000000084000000, 0x0000000084100000|  0%| F|  |TAMS 0x0000000084000000, 0x0000000084000000| Untracked 
|  65|0x0000000084100000, 0x0000000084100000, 0x0000000084200000|  0%| F|  |TAMS 0x0000000084100000, 0x0000000084100000| Untracked 
|  66|0x0000000084200000, 0x0000000084200000, 0x0000000084300000|  0%| F|  |TAMS 0x0000000084200000, 0x0000000084200000| Untracked 
|  67|0x0000000084300000, 0x0000000084300000, 0x0000000084400000|  0%| F|  |TAMS 0x0000000084300000, 0x0000000084300000| Untracked 
|  68|0x0000000084400000, 0x0000000084400000, 0x0000000084500000|  0%| F|  |TAMS 0x0000000084400000, 0x0000000084400000| Untracked 
|  69|0x0000000084500000, 0x0000000084500000, 0x0000000084600000|  0%| F|  |TAMS 0x0000000084500000, 0x0000000084500000| Untracked 
|  70|0x0000000084600000, 0x0000000084700000, 0x0000000084700000|100%| E|  |TAMS 0x0000000084600000, 0x0000000084600000| Complete 
|  71|0x0000000084700000, 0x0000000084800000, 0x0000000084800000|100%| E|CS|TAMS 0x0000000084700000, 0x0000000084700000| Complete 
|  72|0x0000000084800000, 0x0000000084900000, 0x0000000084900000|100%| E|CS|TAMS 0x0000000084800000, 0x0000000084800000| Complete 
|  73|0x0000000084900000, 0x0000000084a00000, 0x0000000084a00000|100%| E|CS|TAMS 0x0000000084900000, 0x0000000084900000| Complete 
|  74|0x0000000084a00000, 0x0000000084b00000, 0x0000000084b00000|100%| E|CS|TAMS 0x0000000084a00000, 0x0000000084a00000| Complete 
|  75|0x0000000084b00000, 0x0000000084c00000, 0x0000000084c00000|100%| E|CS|TAMS 0x0000000084b00000, 0x0000000084b00000| Complete 
|  76|0x0000000084c00000, 0x0000000084d00000, 0x0000000084d00000|100%| E|CS|TAMS 0x0000000084c00000, 0x0000000084c00000| Complete 
|  77|0x0000000084d00000, 0x0000000084e00000, 0x0000000084e00000|100%| E|CS|TAMS 0x0000000084d00000, 0x0000000084d00000| Complete 
|  78|0x0000000084e00000, 0x0000000084f00000, 0x0000000084f00000|100%| E|CS|TAMS 0x0000000084e00000, 0x0000000084e00000| Complete 
|  79|0x0000000084f00000, 0x0000000085000000, 0x0000000085000000|100%| E|CS|TAMS 0x0000000084f00000, 0x0000000084f00000| Complete 
|  80|0x0000000085000000, 0x0000000085100000, 0x0000000085100000|100%| E|CS|TAMS 0x0000000085000000, 0x0000000085000000| Complete 
|  81|0x0000000085100000, 0x0000000085200000, 0x0000000085200000|100%| E|CS|TAMS 0x0000000085100000, 0x0000000085100000| Complete 
|  82|0x0000000085200000, 0x0000000085300000, 0x0000000085300000|100%| E|CS|TAMS 0x0000000085200000, 0x0000000085200000| Complete 
| 117|0x0000000087500000, 0x0000000087600000, 0x0000000087600000|100%| E|CS|TAMS 0x0000000087500000, 0x0000000087500000| Complete 

Card table byte_map: [0x000001b236930000,0x000001b236d30000] _byte_map_base: 0x000001b236530000

Marking Bits (Prev, Next): (CMBitMap*) 0x000001b21d83ce00, (CMBitMap*) 0x000001b21d83cdc0
 Prev Bits: [0x000001b239130000, 0x000001b23b130000)
 Next Bits: [0x000001b237130000, 0x000001b239130000)

Polling page: 0x000001b21d8b0000

Metaspace:

Usage:
  Non-class:     28.10 MB used.
      Class:      4.49 MB used.
       Both:     32.59 MB used.

Virtual space:
  Non-class space:       64.00 MB reserved,      28.31 MB ( 44%) committed,  1 nodes.
      Class space:      416.00 MB reserved,       4.69 MB (  1%) committed,  1 nodes.
             Both:      480.00 MB reserved,      33.00 MB (  7%) committed. 

Chunk freelists:
   Non-Class:  2.80 MB
       Class:  11.28 MB
        Both:  14.08 MB

MaxMetaspaceSize: 512.00 MB
CompressedClassSpaceSize: 416.00 MB
Initial GC threshold: 21.00 MB
Current GC threshold: 35.25 MB
CDS: on
MetaspaceReclaimPolicy: balanced
 - commit_granule_bytes: 65536.
 - commit_granule_words: 8192.
 - virtual_space_node_default_size: 8388608.
 - enlarge_chunks_in_place: 1.
 - new_chunks_are_fully_committed: 0.
 - uncommit_free_chunks: 1.
 - use_allocation_guard: 0.
 - handle_deallocations: 1.


Internal statistics:

num_allocs_failed_limit: 3.
num_arena_births: 318.
num_arena_deaths: 0.
num_vsnodes_births: 2.
num_vsnodes_deaths: 0.
num_space_committed: 528.
num_space_uncommitted: 0.
num_chunks_returned_to_freelist: 3.
num_chunks_taken_from_freelist: 1458.
num_chunk_merges: 3.
num_chunk_splits: 1010.
num_chunks_enlarged: 749.
num_inconsistent_stats: 0.

CodeHeap 'non-profiled nmethods': size=120000Kb used=2377Kb max_used=2377Kb free=117623Kb
 bounds [0x000001b22e370000, 0x000001b22e5e0000, 0x000001b2358a0000]
CodeHeap 'profiled nmethods': size=120000Kb used=8516Kb max_used=8516Kb free=111483Kb
 bounds [0x000001b2268a0000, 0x000001b227100000, 0x000001b22ddd0000]
CodeHeap 'non-nmethods': size=5760Kb used=2289Kb max_used=2333Kb free=3471Kb
 bounds [0x000001b22ddd0000, 0x000001b22e040000, 0x000001b22e370000]
 total_blobs=4939 nmethods=4146 adapters=705
 compilation: enabled
              stopped_count=0, restarted_count=0
 full_count=0

Compilation events (20 events):
Event: 173.080 Thread 0x000001b23de4bd60 nmethod 4143 0x000001b2270ec710 code [0x000001b2270ec920, 0x000001b2270ed1d8]
Event: 174.220 Thread 0x000001b23de4bd60 4145       3       java.lang.ThreadLocal$ThreadLocalMap::remove (68 bytes)
Event: 174.220 Thread 0x000001b23de4bd60 nmethod 4145 0x000001b2270ed490 code [0x000001b2270ed680, 0x000001b2270edc48]
Event: 174.220 Thread 0x000001b23de4bd60 4144       3       java.lang.ThreadLocal::remove (18 bytes)
Event: 174.249 Thread 0x000001b23de4bd60 nmethod 4144 0x000001b2270edf10 code [0x000001b2270ee0c0, 0x000001b2270ee348]
Event: 175.200 Thread 0x000001b23de4bd60 4146       3       java.util.regex.Pattern$Branch::match (66 bytes)
Event: 175.204 Thread 0x000001b23de4bd60 nmethod 4146 0x000001b2270ee490 code [0x000001b2270ee660, 0x000001b2270eeb38]
Event: 175.207 Thread 0x000001b23de4bd60 4147       1       java.lang.StackTraceElement::getClassName (5 bytes)
Event: 175.207 Thread 0x000001b23de4bd60 nmethod 4147 0x000001b22e5c1490 code [0x000001b22e5c1620, 0x000001b22e5c16f8]
Event: 176.768 Thread 0x000001b23de4bd60 4148       3       org.codehaus.groovy.runtime.StackTraceUtils::isApplicationClass (84 bytes)
Event: 176.770 Thread 0x000001b23de4bd60 nmethod 4148 0x000001b2270eed10 code [0x000001b2270eef60, 0x000001b2270ef878]
Event: 176.814 Thread 0x000001b23dde5450 4149       4       java.io.WinNTFileSystem::prefixLength (91 bytes)
Event: 176.817 Thread 0x000001b23dde5450 nmethod 4149 0x000001b22e5c1790 code [0x000001b22e5c1940, 0x000001b22e5c1ce8]
Event: 176.853 Thread 0x000001b23de4bd60 4150       3       java.util.Collections::addAll (43 bytes)
Event: 176.853 Thread 0x000001b23de4bd60 nmethod 4150 0x000001b2270efc10 code [0x000001b2270efdc0, 0x000001b2270f0088]
Event: 176.863 Thread 0x000001b23dde5450 4151       4       java.util.regex.Pattern::compile (500 bytes)
Event: 176.870 Thread 0x000001b23de4bd60 4152       3       org.gradle.internal.logging.slf4j.OutputEventListenerBackedLogger::debug (8 bytes)
Event: 176.870 Thread 0x000001b23de4bd60 nmethod 4152 0x000001b2270f0210 code [0x000001b2270f03a0, 0x000001b2270f04e8]
Event: 176.870 Thread 0x000001b23de4bd60 4153       3       org.gradle.internal.logging.slf4j.BuildOperationAwareLogger::debug (19 bytes)
Event: 176.870 Thread 0x000001b23de4bd60 nmethod 4153 0x000001b2270f0590 code [0x000001b2270f0760, 0x000001b2270f0ab8]

GC Heap History (12 events):
Event: 1.598 GC heap before
{Heap before GC invocations=0 (full 0):
 garbage-first heap   total 120832K, used 26624K [0x0000000080000000, 0x0000000100000000)
  region size 1024K, 23 young (23552K), 0 survivors (0K)
 Metaspace       used 3031K, committed 3200K, reserved 491520K
  class space    used 388K, committed 448K, reserved 425984K
}
Event: 1.604 GC heap after
{Heap after GC invocations=1 (full 0):
 garbage-first heap   total 120832K, used 10568K [0x0000000080000000, 0x0000000100000000)
  region size 1024K, 3 young (3072K), 3 survivors (3072K)
 Metaspace       used 3031K, committed 3200K, reserved 491520K
  class space    used 388K, committed 448K, reserved 425984K
}
Event: 2.198 GC heap before
{Heap before GC invocations=1 (full 0):
 garbage-first heap   total 120832K, used 38216K [0x0000000080000000, 0x0000000100000000)
  region size 1024K, 30 young (30720K), 3 survivors (3072K)
 Metaspace       used 3994K, committed 4160K, reserved 491520K
  class space    used 492K, committed 576K, reserved 425984K
}
Event: 2.202 GC heap after
{Heap after GC invocations=2 (full 0):
 garbage-first heap   total 120832K, used 11431K [0x0000000080000000, 0x0000000100000000)
  region size 1024K, 1 young (1024K), 1 survivors (1024K)
 Metaspace       used 3994K, committed 4160K, reserved 491520K
  class space    used 492K, committed 576K, reserved 425984K
}
Event: 18.478 GC heap before
{Heap before GC invocations=2 (full 0):
 garbage-first heap   total 120832K, used 82087K [0x0000000080000000, 0x0000000100000000)
  region size 1024K, 70 young (71680K), 1 survivors (1024K)
 Metaspace       used 14814K, committed 15104K, reserved 491520K
  class space    used 2062K, committed 2176K, reserved 425984K
}
Event: 18.709 GC heap after
{Heap after GC invocations=3 (full 0):
 garbage-first heap   total 120832K, used 20420K [0x0000000080000000, 0x0000000100000000)
  region size 1024K, 9 young (9216K), 9 survivors (9216K)
 Metaspace       used 14814K, committed 15104K, reserved 491520K
  class space    used 2062K, committed 2176K, reserved 425984K
}
Event: 23.098 GC heap before
{Heap before GC invocations=3 (full 0):
 garbage-first heap   total 120832K, used 70596K [0x0000000080000000, 0x0000000100000000)
  region size 1024K, 59 young (60416K), 9 survivors (9216K)
 Metaspace       used 21293K, committed 21504K, reserved 491520K
  class space    used 3109K, committed 3200K, reserved 425984K
}
Event: 23.157 GC heap after
{Heap after GC invocations=4 (full 0):
 garbage-first heap   total 120832K, used 23515K [0x0000000080000000, 0x0000000100000000)
  region size 1024K, 4 young (4096K), 4 survivors (4096K)
 Metaspace       used 21293K, committed 21504K, reserved 491520K
  class space    used 3109K, committed 3200K, reserved 425984K
}
Event: 44.427 GC heap before
{Heap before GC invocations=5 (full 0):
 garbage-first heap   total 86016K, used 69595K [0x0000000080000000, 0x0000000100000000)
  region size 1024K, 50 young (51200K), 4 survivors (4096K)
 Metaspace       used 29086K, committed 29440K, reserved 491520K
  class space    used 4126K, committed 4288K, reserved 425984K
}
Event: 44.434 GC heap after
{Heap after GC invocations=6 (full 0):
 garbage-first heap   total 86016K, used 26743K [0x0000000080000000, 0x0000000100000000)
  region size 1024K, 7 young (7168K), 7 survivors (7168K)
 Metaspace       used 29086K, committed 29440K, reserved 491520K
  class space    used 4126K, committed 4288K, reserved 425984K
}
Event: 96.944 GC heap before
{Heap before GC invocations=6 (full 0):
 garbage-first heap   total 86016K, used 61559K [0x0000000080000000, 0x0000000100000000)
  region size 1024K, 42 young (43008K), 7 survivors (7168K)
 Metaspace       used 31860K, committed 32256K, reserved 491520K
  class space    used 4482K, committed 4672K, reserved 425984K
}
Event: 97.084 GC heap after
{Heap after GC invocations=7 (full 0):
 garbage-first heap   total 86016K, used 29346K [0x0000000080000000, 0x0000000100000000)
  region size 1024K, 3 young (3072K), 3 survivors (3072K)
 Metaspace       used 31860K, committed 32256K, reserved 491520K
  class space    used 4482K, committed 4672K, reserved 425984K
}

Deoptimization events (20 events):
Event: 102.773 Thread 0x000001b25d083940 Uncommon trap: trap_request=0xffffffde fr.pc=0x000001b22e563804 relative=0x00000000000003a4
Event: 102.773 Thread 0x000001b25d083940 Uncommon trap: reason=class_check action=maybe_recompile pc=0x000001b22e563804 method=java.util.regex.Pattern$Start.match(Ljava/util/regex/Matcher;ILjava/lang/CharSequence;)Z @ 44 c2
Event: 102.773 Thread 0x000001b25d083940 DEOPT PACKING pc=0x000001b22e563804 sp=0x000000a1bcff9830
Event: 102.773 Thread 0x000001b25d083940 DEOPT UNPACKING pc=0x000001b22de223a3 sp=0x000000a1bcff96f8 mode 2
Event: 167.841 Thread 0x000001b25d083940 Uncommon trap: trap_request=0xffffffde fr.pc=0x000001b22e4ba798 relative=0x0000000000000078
Event: 167.841 Thread 0x000001b25d083940 Uncommon trap: reason=class_check action=maybe_recompile pc=0x000001b22e4ba798 method=java.util.Collections$SetFromMap.remove(Ljava/lang/Object;)Z @ 5 c2
Event: 167.841 Thread 0x000001b25d083940 DEOPT PACKING pc=0x000001b22e4ba798 sp=0x000000a1bcffb0f0
Event: 167.841 Thread 0x000001b25d083940 DEOPT UNPACKING pc=0x000001b22de223a3 sp=0x000000a1bcffb088 mode 2
Event: 175.199 Thread 0x000001b25d083940 Uncommon trap: trap_request=0xffffff45 fr.pc=0x000001b22e563988 relative=0x0000000000000528
Event: 175.199 Thread 0x000001b25d083940 Uncommon trap: reason=unstable_if action=reinterpret pc=0x000001b22e563988 method=java.util.regex.Matcher.search(I)Z @ 76 c2
Event: 175.200 Thread 0x000001b25d083940 DEOPT PACKING pc=0x000001b22e563988 sp=0x000000a1bcffba20
Event: 175.200 Thread 0x000001b25d083940 DEOPT UNPACKING pc=0x000001b22de223a3 sp=0x000000a1bcffb970 mode 2
Event: 175.200 Thread 0x000001b25d083940 Uncommon trap: trap_request=0xffffffde fr.pc=0x000001b22e55a218 relative=0x0000000000000258
Event: 175.200 Thread 0x000001b25d083940 Uncommon trap: reason=class_check action=maybe_recompile pc=0x000001b22e55a218 method=java.util.regex.Pattern$Start.match(Ljava/util/regex/Matcher;ILjava/lang/CharSequence;)Z @ 44 c2
Event: 175.200 Thread 0x000001b25d083940 DEOPT PACKING pc=0x000001b22e55a218 sp=0x000000a1bcffb910
Event: 175.200 Thread 0x000001b25d083940 DEOPT UNPACKING pc=0x000001b22de223a3 sp=0x000000a1bcffb8d0 mode 2
Event: 175.200 Thread 0x000001b25d083940 Uncommon trap: trap_request=0xffffff45 fr.pc=0x000001b22e5574b8 relative=0x00000000000004d8
Event: 175.200 Thread 0x000001b25d083940 Uncommon trap: reason=unstable_if action=reinterpret pc=0x000001b22e5574b8 method=java.util.regex.Matcher.search(I)Z @ 76 c2
Event: 175.200 Thread 0x000001b25d083940 DEOPT PACKING pc=0x000001b22e5574b8 sp=0x000000a1bcffb990
Event: 175.200 Thread 0x000001b25d083940 DEOPT UNPACKING pc=0x000001b22de223a3 sp=0x000000a1bcffb960 mode 2

Classes unloaded (0 events):
No events

Classes redefined (0 events):
No events

Internal exceptions (20 events):
Event: 97.097 Thread 0x000001b25d083940 Exception <a 'java/lang/ClassNotFoundException'{0x00000000852458d8}: org/gradle/groovy/scripts/ScriptBeanInfo> (0x00000000852458d8) 
thrown [s\open\src\hotspot\share\classfile\systemDictionary.cpp, line 256]
Event: 97.098 Thread 0x000001b25d083940 Exception <a 'java/lang/ClassNotFoundException'{0x000000008525d610}: groovy/lang/ScriptBeanInfo> (0x000000008525d610) 
thrown [s\open\src\hotspot\share\classfile\systemDictionary.cpp, line 256]
Event: 97.098 Thread 0x000001b25d083940 Exception <a 'java/lang/ClassNotFoundException'{0x0000000085275338}: groovy/lang/ScriptCustomizer> (0x0000000085275338) 
thrown [s\open\src\hotspot\share\classfile\systemDictionary.cpp, line 256]
Event: 97.099 Thread 0x000001b25d083940 Exception <a 'java/lang/ClassNotFoundException'{0x0000000085287958}: org/gradle/groovy/scripts/ScriptCustomizer> (0x0000000085287958) 
thrown [s\open\src\hotspot\share\classfile\systemDictionary.cpp, line 256]
Event: 97.100 Thread 0x000001b25d083940 Exception <a 'java/lang/ClassNotFoundException'{0x0000000085298d78}: org/gradle/groovy/scripts/BasicScriptCustomizer> (0x0000000085298d78) 
thrown [s\open\src\hotspot\share\classfile\systemDictionary.cpp, line 256]
Event: 97.101 Thread 0x000001b25d083940 Exception <a 'java/lang/ClassNotFoundException'{0x00000000852afdd8}: org/gradle/groovy/scripts/DefaultScriptCustomizer> (0x00000000852afdd8) 
thrown [s\open\src\hotspot\share\classfile\systemDictionary.cpp, line 256]
Event: 97.105 Thread 0x000001b25d083940 Exception <a 'java/lang/ClassNotFoundException'{0x00000000852d8298}: org/gradle/plugin/use/internal/PluginsAwareScriptCustomizer> (0x00000000852d8298) 
thrown [s\open\src\hotspot\share\classfile\systemDictionary.cpp, line 256]
Event: 97.107 Thread 0x000001b25d083940 Exception <a 'java/lang/ClassNotFoundException'{0x00000000852eab08}: org/gradle/initialization/SettingsScriptCustomizer> (0x00000000852eab08) 
thrown [s\open\src\hotspot\share\classfile\systemDictionary.cpp, line 256]
Event: 97.107 Thread 0x000001b25d083940 Exception <a 'java/lang/ClassNotFoundException'{0x00000000852f8ba8}: settings_4unx9n9bme9fa7tz8lz6ftsgtCustomizer> (0x00000000852f8ba8) 
thrown [s\open\src\hotspot\share\classfile\systemDictionary.cpp, line 256]
Event: 97.904 Thread 0x000001b25d083940 Exception <a 'java/lang/NoSuchMethodError'{0x0000000085168250}: 'void java.lang.invoke.Invokers$Holder.invoke_MT(java.lang.Object, java.lang.Object, java.lang.Object, java.lang.Object)'> (0x0000000085168250) 
thrown [s\open\src\hotspot\share\interpreter\linkResolver.cpp, line 759]
Event: 98.759 Thread 0x000001b25d083940 Exception <a 'java/lang/ClassNotFoundException'{0x00000000850488a0}: org/gradle/initialization/DefaultSettings_DecoratedBeanInfo> (0x00000000850488a0) 
thrown [s\open\src\hotspot\share\classfile\systemDictionary.cpp, line 256]
Event: 98.796 Thread 0x000001b25d083940 Exception <a 'java/lang/ClassNotFoundException'{0x0000000085058b68}: org/gradle/initialization/DefaultSettingsBeanInfo> (0x0000000085058b68) 
thrown [s\open\src\hotspot\share\classfile\systemDictionary.cpp, line 256]
Event: 98.798 Thread 0x000001b25d083940 Exception <a 'java/lang/ClassNotFoundException'{0x0000000085068fc8}: org/gradle/api/internal/project/AbstractPluginAwareBeanInfo> (0x0000000085068fc8) 
thrown [s\open\src\hotspot\share\classfile\systemDictionary.cpp, line 256]
Event: 98.813 Thread 0x000001b25d083940 Exception <a 'java/lang/ClassNotFoundException'{0x0000000085079758}: org/gradle/api/internal/project/AbstractPluginAwareCustomizer> (0x0000000085079758) 
thrown [s\open\src\hotspot\share\classfile\systemDictionary.cpp, line 256]
Event: 98.995 Thread 0x000001b25d083940 Exception <a 'java/lang/ClassNotFoundException'{0x000000008508f798}: org/gradle/initialization/DefaultSettingsCustomizer> (0x000000008508f798) 
thrown [s\open\src\hotspot\share\classfile\systemDictionary.cpp, line 256]
Event: 99.090 Thread 0x000001b25d083940 Exception <a 'java/lang/ClassNotFoundException'{0x00000000850d5288}: org/gradle/initialization/DefaultSettings_DecoratedCustomizer> (0x00000000850d5288) 
thrown [s\open\src\hotspot\share\classfile\systemDictionary.cpp, line 256]
Event: 100.318 Thread 0x000001b25d083940 Exception <a 'java/lang/ClassNotFoundException'{0x0000000084f89ed8}: org/gradle/initialization/DefaultProjectDescriptorBeanInfo> (0x0000000084f89ed8) 
thrown [s\open\src\hotspot\share\classfile\systemDictionary.cpp, line 256]
Event: 100.320 Thread 0x000001b25d083940 Exception <a 'java/lang/ClassNotFoundException'{0x0000000084f98848}: org/gradle/initialization/DefaultProjectDescriptorCustomizer> (0x0000000084f98848) 
thrown [s\open\src\hotspot\share\classfile\systemDictionary.cpp, line 256]
Event: 102.772 Thread 0x000001b25d083940 Exception <a 'java/lang/ClassNotFoundException'{0x0000000084c86e70}: org/gradle/api/internal/plugins/DefaultObjectConfigurationActionBeanInfo> (0x0000000084c86e70) 
thrown [s\open\src\hotspot\share\classfile\systemDictionary.cpp, line 256]
Event: 102.773 Thread 0x000001b25d083940 Exception <a 'java/lang/ClassNotFoundException'{0x0000000084c96080}: org/gradle/api/internal/plugins/DefaultObjectConfigurationActionCustomizer> (0x0000000084c96080) 
thrown [s\open\src\hotspot\share\classfile\systemDictionary.cpp, line 256]

VM Operations (20 events):
Event: 115.771 Executing VM operation: Cleanup
Event: 116.368 Executing VM operation: Cleanup done
Event: 137.515 Executing VM operation: Cleanup
Event: 137.563 Executing VM operation: Cleanup done
Event: 146.645 Executing VM operation: Cleanup
Event: 146.727 Executing VM operation: Cleanup done
Event: 147.738 Executing VM operation: Cleanup
Event: 147.818 Executing VM operation: Cleanup done
Event: 148.822 Executing VM operation: Cleanup
Event: 149.673 Executing VM operation: Cleanup done
Event: 151.692 Executing VM operation: Cleanup
Event: 151.880 Executing VM operation: Cleanup done
Event: 155.917 Executing VM operation: Cleanup
Event: 155.950 Executing VM operation: Cleanup done
Event: 168.068 Executing VM operation: Cleanup
Event: 168.131 Executing VM operation: Cleanup done
Event: 173.187 Executing VM operation: Cleanup
Event: 174.219 Executing VM operation: Cleanup done
Event: 175.229 Executing VM operation: Cleanup
Event: 175.663 Executing VM operation: Cleanup done

Events (20 events):
Event: 102.814 loading class javax/net/ssl/TrustManager done
Event: 102.815 loading class javax/net/ssl/X509TrustManager
Event: 102.815 loading class javax/net/ssl/X509TrustManager done
Event: 102.928 loading class javax/net/ssl/SSLException
Event: 102.928 loading class javax/net/ssl/SSLException done
Event: 102.928 loading class javax/net/ssl/SSLPeerUnverifiedException
Event: 102.928 loading class javax/net/ssl/SSLPeerUnverifiedException done
Event: 102.928 loading class javax/naming/NamingException
Event: 102.929 loading class javax/naming/NamingException done
Event: 102.929 loading class javax/naming/InvalidNameException
Event: 102.929 loading class javax/naming/InvalidNameException done
Event: 102.929 loading class java/security/cert/CertificateParsingException
Event: 102.929 loading class java/security/cert/CertificateException
Event: 102.929 loading class java/security/cert/CertificateException done
Event: 102.929 loading class java/security/cert/CertificateParsingException done
Event: 157.358 Thread 0x000001b25d082f20 Thread exited: 0x000001b25d082f20
Event: 170.386 loading class java/lang/StackTraceElement$HashedModules
Event: 170.920 loading class java/lang/StackTraceElement$HashedModules done
Event: 175.209 loading class java/util/logging/LogRecord
Event: 175.666 loading class java/util/logging/LogRecord done


Dynamic libraries:
0x00007ff7a08d0000 - 0x00007ff7a08e0000 	C:\Program Files\Java\jdk-17\bin\java.exe
0x00007ffbccf30000 - 0x00007ffbcd144000 	C:\WINDOWS\SYSTEM32\ntdll.dll
0x00007ffbcb640000 - 0x00007ffbcb702000 	C:\WINDOWS\System32\KERNEL32.DLL
0x00007ffbca600000 - 0x00007ffbca9a3000 	C:\WINDOWS\System32\KERNELBASE.dll
0x00007ffbcabf0000 - 0x00007ffbcad01000 	C:\WINDOWS\System32\ucrtbase.dll
0x00007ffb998e0000 - 0x00007ffb998f9000 	C:\Program Files\Java\jdk-17\bin\jli.dll
0x00007ffbcb570000 - 0x00007ffbcb61e000 	C:\WINDOWS\System32\ADVAPI32.dll
0x00007ffbcb8b0000 - 0x00007ffbcb957000 	C:\WINDOWS\System32\msvcrt.dll
0x00007ffbcae90000 - 0x00007ffbcaf34000 	C:\WINDOWS\System32\sechost.dll
0x00007ffbcc5d0000 - 0x00007ffbcc6e7000 	C:\WINDOWS\System32\RPCRT4.dll
0x00007ffbcbc10000 - 0x00007ffbcbdba000 	C:\WINDOWS\System32\USER32.dll
0x00007ffbcab50000 - 0x00007ffbcab76000 	C:\WINDOWS\System32\win32u.dll
0x00007ffbcb400000 - 0x00007ffbcb429000 	C:\WINDOWS\System32\GDI32.dll
0x00007ffbcaa30000 - 0x00007ffbcab49000 	C:\WINDOWS\System32\gdi32full.dll
0x00007ffbca560000 - 0x00007ffbca5fa000 	C:\WINDOWS\System32\msvcp_win.dll
0x00007ffb998c0000 - 0x00007ffb998db000 	C:\Program Files\Java\jdk-17\bin\VCRUNTIME140.dll
0x00007ffbb1850000 - 0x00007ffbb1ade000 	C:\WINDOWS\WinSxS\amd64_microsoft.windows.common-controls_6595b64144ccf1df_6.0.22621.1635_none_270f70857386168e\COMCTL32.dll
0x00007ffbc0e00000 - 0x00007ffbc0e0a000 	C:\WINDOWS\SYSTEM32\VERSION.dll
0x00007ffbcb710000 - 0x00007ffbcb741000 	C:\WINDOWS\System32\IMM32.DLL
0x00007ffb99830000 - 0x00007ffb9983c000 	C:\Program Files\Java\jdk-17\bin\vcruntime140_1.dll
0x00007ffb7e5d0000 - 0x00007ffb7e65e000 	C:\Program Files\Java\jdk-17\bin\msvcp140.dll
0x00007ffb3bf20000 - 0x00007ffb3cb00000 	C:\Program Files\Java\jdk-17\bin\server\jvm.dll
0x00007ffbcb430000 - 0x00007ffbcb438000 	C:\WINDOWS\System32\PSAPI.DLL
0x00007ffbb42a0000 - 0x00007ffbb42a9000 	C:\WINDOWS\SYSTEM32\WSOCK32.dll
0x00007ffbcae10000 - 0x00007ffbcae81000 	C:\WINDOWS\System32\WS2_32.dll
0x00007ffbbf240000 - 0x00007ffbbf274000 	C:\WINDOWS\SYSTEM32\WINMM.dll
0x00007ffbc9460000 - 0x00007ffbc9478000 	C:\WINDOWS\SYSTEM32\kernel.appcore.dll
0x00007ffb99820000 - 0x00007ffb9982a000 	C:\Program Files\Java\jdk-17\bin\jimage.dll
0x00007ffbbd1c0000 - 0x00007ffbbd3ee000 	C:\WINDOWS\SYSTEM32\DBGHELP.DLL
0x00007ffbcc240000 - 0x00007ffbcc5c9000 	C:\WINDOWS\System32\combase.dll
0x00007ffbcb320000 - 0x00007ffbcb3f7000 	C:\WINDOWS\System32\OLEAUT32.dll
0x00007ffbb4d60000 - 0x00007ffbb4d92000 	C:\WINDOWS\SYSTEM32\dbgcore.DLL
0x00007ffbca9b0000 - 0x00007ffbcaa2a000 	C:\WINDOWS\System32\bcryptPrimitives.dll
0x00007ffb3f280000 - 0x00007ffb3f28e000 	C:\Program Files\Java\jdk-17\bin\instrument.dll
0x00007ffb7ecd0000 - 0x00007ffb7ecf5000 	C:\Program Files\Java\jdk-17\bin\java.dll
0x00007ffb3f2a0000 - 0x00007ffb3f377000 	C:\Program Files\Java\jdk-17\bin\jsvml.dll
0x00007ffbcc6f0000 - 0x00007ffbccee9000 	C:\WINDOWS\System32\SHELL32.dll
0x00007ffbc8270000 - 0x00007ffbc8b3e000 	C:\WINDOWS\SYSTEM32\windows.storage.dll
0x00007ffbc8100000 - 0x00007ffbc823e000 	C:\WINDOWS\SYSTEM32\wintypes.dll
0x00007ffbcafc0000 - 0x00007ffbcb0b1000 	C:\WINDOWS\System32\SHCORE.dll
0x00007ffbcb840000 - 0x00007ffbcb89e000 	C:\WINDOWS\System32\shlwapi.dll
0x00007ffbca260000 - 0x00007ffbca286000 	C:\WINDOWS\SYSTEM32\profapi.dll
0x00007ffb7e590000 - 0x00007ffb7e5a8000 	C:\Program Files\Java\jdk-17\bin\zip.dll
0x00007ffb7ecb0000 - 0x00007ffb7ecc9000 	C:\Program Files\Java\jdk-17\bin\net.dll
0x00007ffbc4dc0000 - 0x00007ffbc4ef7000 	C:\WINDOWS\SYSTEM32\WINHTTP.dll
0x00007ffbc98e0000 - 0x00007ffbc9949000 	C:\WINDOWS\system32\mswsock.dll
0x00007ffb7e5b0000 - 0x00007ffb7e5c6000 	C:\Program Files\Java\jdk-17\bin\nio.dll
0x00007ffb7e580000 - 0x00007ffb7e590000 	C:\Program Files\Java\jdk-17\bin\verify.dll
0x00007ffb7e550000 - 0x00007ffb7e577000 	C:\Users\aluno.saolucas\.gradle\native\c067742578af261105cb4f569cf0c3c89f3d7b1fecec35dd04571415982c5e48\windows-amd64\native-platform.dll
0x00007ffb3e3d0000 - 0x00007ffb3e514000 	C:\Users\aluno.saolucas\.gradle\native\38dada09dfb8b06ba9b0570ebf7e218e3eb74d4ef43ca46872605cf95ebc2f47\windows-amd64\native-platform-file-events.dll
0x00007ffb53f10000 - 0x00007ffb53f1a000 	C:\Program Files\Java\jdk-17\bin\management.dll
0x00007ffb3f290000 - 0x00007ffb3f29b000 	C:\Program Files\Java\jdk-17\bin\management_ext.dll
0x00007ffbc9b40000 - 0x00007ffbc9b5b000 	C:\WINDOWS\SYSTEM32\CRYPTSP.dll
0x00007ffbc93d0000 - 0x00007ffbc9405000 	C:\WINDOWS\system32\rsaenh.dll
0x00007ffbc99e0000 - 0x00007ffbc9a0c000 	C:\WINDOWS\SYSTEM32\USERENV.dll
0x00007ffbc9cd0000 - 0x00007ffbc9cf8000 	C:\WINDOWS\SYSTEM32\bcrypt.dll
0x00007ffbc9b60000 - 0x00007ffbc9b6c000 	C:\WINDOWS\SYSTEM32\CRYPTBASE.dll
0x00007ffbc8c60000 - 0x00007ffbc8c8d000 	C:\WINDOWS\SYSTEM32\IPHLPAPI.DLL
0x00007ffbcafb0000 - 0x00007ffbcafb9000 	C:\WINDOWS\System32\NSI.dll
0x00007ffbc57d0000 - 0x00007ffbc57e9000 	C:\WINDOWS\SYSTEM32\dhcpcsvc6.DLL
0x00007ffbc57b0000 - 0x00007ffbc57cf000 	C:\WINDOWS\SYSTEM32\dhcpcsvc.DLL
0x00007ffbc8c90000 - 0x00007ffbc8d83000 	C:\WINDOWS\SYSTEM32\DNSAPI.dll
0x00007ffb3f270000 - 0x00007ffb3f27e000 	C:\Program Files\Java\jdk-17\bin\sunmscapi.dll
0x00007ffbca330000 - 0x00007ffbca497000 	C:\WINDOWS\System32\CRYPT32.dll
0x00007ffbc9ca0000 - 0x00007ffbc9cce000 	C:\WINDOWS\SYSTEM32\ncrypt.dll
0x00007ffbc9c60000 - 0x00007ffbc9c97000 	C:\WINDOWS\SYSTEM32\NTASN1.dll
0x00007ffb3f260000 - 0x00007ffb3f268000 	C:\WINDOWS\system32\wshunix.dll

dbghelp: loaded successfully - version: 4.0.5 - missing functions: none
symbol engine: initialized successfully - sym options: 0x614 - pdb path: .;C:\Program Files\Java\jdk-17\bin;C:\WINDOWS\SYSTEM32;C:\WINDOWS\WinSxS\amd64_microsoft.windows.common-controls_6595b64144ccf1df_6.0.22621.1635_none_270f70857386168e;C:\Program Files\Java\jdk-17\bin\server;C:\Users\aluno.saolucas\.gradle\native\c067742578af261105cb4f569cf0c3c89f3d7b1fecec35dd04571415982c5e48\windows-amd64;C:\Users\aluno.saolucas\.gradle\native\38dada09dfb8b06ba9b0570ebf7e218e3eb74d4ef43ca46872605cf95ebc2f47\windows-amd64

VM Arguments:
jvm_args: -XX:MaxMetaspaceSize=512m --add-opens=java.base/java.util=ALL-UNNAMED --add-opens=java.base/java.lang=ALL-UNNAMED --add-opens=java.base/java.lang.invoke=ALL-UNNAMED --add-opens=java.prefs/java.util.prefs=ALL-UNNAMED --add-opens=java.base/java.nio.charset=ALL-UNNAMED --add-opens=java.base/java.net=ALL-UNNAMED --add-opens=java.base/java.util.concurrent.atomic=ALL-UNNAMED -Xmx2048m -Dfile.encoding=UTF-8 -Duser.country=BR -Duser.language=pt -Duser.variant -javaagent:C:\Users\aluno.saolucas\.gradle\wrapper\dists\gradle-8.5-all\3zlzzgtsutfj0pbojr50n2l7z\gradle-8.5\lib\agents\gradle-instrumentation-agent-8.5.jar 
java_command: org.gradle.launcher.daemon.bootstrap.GradleDaemon 8.5
java_class_path (initial): C:\Users\aluno.saolucas\.gradle\wrapper\dists\gradle-8.5-all\3zlzzgtsutfj0pbojr50n2l7z\gradle-8.5\lib\gradle-launcher-8.5.jar
Launcher Type: SUN_STANDARD

[Global flags]
     intx CICompilerCount                          = 4                                         {product} {ergonomic}
   size_t CompressedClassSpaceSize                 = 436207616                                 {product} {ergonomic}
     uint ConcGCThreads                            = 3                                         {product} {ergonomic}
     uint G1ConcRefinementThreads                  = 10                                        {product} {ergonomic}
   size_t G1HeapRegionSize                         = 1048576                                   {product} {ergonomic}
    uintx GCDrainStackTargetSize                   = 64                                        {product} {ergonomic}
   size_t InitialHeapSize                          = 123731968                                 {product} {ergonomic}
   size_t MarkStackSize                            = 4194304                                   {product} {ergonomic}
   size_t MaxHeapSize                              = 2147483648                                {product} {command line}
   size_t MaxMetaspaceSize                         = 536870912                                 {product} {command line}
   size_t MaxNewSize                               = 1287651328                                {product} {ergonomic}
   size_t MinHeapDeltaBytes                        = 1048576                                   {product} {ergonomic}
   size_t MinHeapSize                              = 8388608                                   {product} {ergonomic}
    uintx NonNMethodCodeHeapSize                   = 5839372                                {pd product} {ergonomic}
    uintx NonProfiledCodeHeapSize                  = 122909434                              {pd product} {ergonomic}
    uintx ProfiledCodeHeapSize                     = 122909434                              {pd product} {ergonomic}
    uintx ReservedCodeCacheSize                    = 251658240                              {pd product} {ergonomic}
     bool SegmentedCodeCache                       = true                                      {product} {ergonomic}
   size_t SoftMaxHeapSize                          = 2147483648                             {manageable} {ergonomic}
     bool UseCompressedClassPointers               = true                           {product lp64_product} {ergonomic}
     bool UseCompressedOops                        = true                           {product lp64_product} {ergonomic}
     bool UseG1GC                                  = true                                      {product} {ergonomic}
     bool UseLargePagesIndividualAllocation        = false                                  {pd product} {ergonomic}

Logging:
Log output configuration:
 #0: stdout all=warning uptime,level,tags
 #1: stderr all=off uptime,level,tags

Environment Variables:
JAVA_HOME=C:\Program Files\Java\jdk-17
CLASSPATH=C:\Users\aluno.saolucas\Music\Purple\projeto_mobile\android\\gradle\wrapper\gradle-wrapper.jar
PATH=C:\Users\aluno.saolucas\Music\Purple\projeto_mobile\node_modules\.bin;C:\Users\aluno.saolucas\Music\Purple\projeto_mobile\node_modules\.bin;C:\Users\aluno.saolucas\Music\Purple\node_modules\.bin;C:\Users\aluno.saolucas\Music\node_modules\.bin;C:\Users\aluno.saolucas\node_modules\.bin;C:\Users\node_modules\.bin;C:\node_modules\.bin;C:\Program Files\nodejs\node_modules\npm\node_modules\@npmcli\run-script\lib\node-gyp-bin;C:\Users\aluno.saolucas\Music\Purple\projeto_mobile\node_modules\.bin;C:\Users\aluno.saolucas\Music\Purple\node_modules\.bin;C:\Users\aluno.saolucas\Music\node_modules\.bin;C:\Users\aluno.saolucas\node_modules\.bin;C:\Users\node_modules\.bin;C:\node_modules\.bin;C:\Program Files\nodejs\node_modules\npm\node_modules\@npmcli\run-script\lib\node-gyp-bin;C:\Program Files\Common Files\Oracle\Java\javapath;C:\ProgramData\Oracle\Java\javapath;C:\WINDOWS\system32;C:\WINDOWS;C:\WINDOWS\System32\Wbem;C:\WINDOWS\System32\WindowsPowerShell\v1.0\;C:\WINDOWS\System32\OpenSSH\;C:\Program Files\nodejs\;C:\Program Files\dotnet\;C:\Users\aluno.saolucas\AppData\Local\Android\Sdk\platform-tools;C:\Users\aluno.saolucas\AppData\Local\Microsoft\WindowsApps;C:\Users\aluno.saolucas\AppData\Local\GitHubDesktop\bin;C:\Users\aluno.saolucas\AppData\Local\Programs\Microsoft VS Code\bin;C:\Users\aluno.saolucas\AppData\Roaming\npm;C:\Users\aluno.saolucas\AppData\Local\Programs\Git\cmd
USERNAME=aluno.saolucas
OS=Windows_NT
PROCESSOR_IDENTIFIER=Intel64 Family 6 Model 151 Stepping 2, GenuineIntel



---------------  S Y S T E M  ---------------

OS:
 Windows 11 , 64 bit Build 22621 (10.0.22621.1928)
OS uptime: 0 days 2:14 hours

CPU: total 12 (initial active 12) (6 cores per cpu, 2 threads per core) family 6 model 151 stepping 2 microcode 0x1e, cx8, cmov, fxsr, ht, mmx, 3dnowpref, sse, sse2, sse3, ssse3, sse4.1, sse4.2, popcnt, lzcnt, tsc, tscinvbit, avx, avx2, aes, erms, clmul, bmi1, bmi2, adx, sha, fma, vzeroupper, clflush, clflushopt, clwb

Memory: 4k page, system-wide physical 7508M (7M free)
TotalPageFile size 30036M (AvailPageFile size 6M)
current process WorkingSet (physical memory assigned to process): 26M, peak: 152M
current process commit charge ("private bytes"): 247M, peak: 278M

vm_info: Java HotSpot(TM) 64-Bit Server VM (17.0.11+7-LTS-207) for windows-amd64 JRE (17.0.11+7-LTS-207), built on Mar 11 2024 19:01:50 by "mach5one" with MS VC++ 17.6 (VS2022)

END.
